#
# There is insufficient memory for the Java Runtime Environment to continue.
# Native memory allocation (malloc) failed to allocate 1499296 bytes for Chunk::new
# Possible reasons:
#   The system is out of physical RAM or swap space
#   In 32 bit mode, the process size limit was hit
# Possible solutions:
#   Reduce memory load on the system
#   Increase physical memory or swap space
#   Check if swap backing store is full
#   Use 64 bit Java on a 64 bit OS
#   Decrease Java heap size (-Xmx/-Xms)
#   Decrease number of Java threads
#   Decrease Java thread stack sizes (-Xss)
#   Set larger code cache with -XX:ReservedCodeCacheSize=
# This output file may be truncated or incomplete.
#
#  Out of Memory Error (allocation.cpp:390), pid=7084, tid=0x0000000000002704
#
# JRE version: OpenJDK Runtime Environment (8.0_112-b06) (build 1.8.0_112-release-b06)
# Java VM: OpenJDK 64-Bit Server VM (25.112-b06 mixed mode windows-amd64 compressed oops)
# Failed to write core dump. Minidumps are not enabled by default on client versions of Windows
#

---------------  T H R E A D  ---------------

Current thread (0x000000001637d800):  JavaThread "C2 CompilerThread0" daemon [_thread_in_native, id=9988, stack(0x0000000017d20000,0x0000000017e20000)]

Stack: [0x0000000017d20000,0x0000000017e20000]
[error occurred during error reporting (printing stack bounds), id 0xc0000005]

Native frames: (J=compiled Java code, j=interpreted, Vv=VM code, C=native code)


Current CompileTask:
C2:   7627 1360       4       java.net.URLClassLoader$1::run (5 bytes)


---------------  P R O C E S S  ---------------

Java Threads: ( => current thread )
  0x00000000197e3800 JavaThread "File lock request listener" [_thread_in_native, id=6236, stack(0x000000001bb40000,0x000000001bc40000)]
  0x00000000189b1800 JavaThread "Stdin handler" [_thread_blocked, id=7752, stack(0x000000001b840000,0x000000001b940000)]
  0x0000000018a98800 JavaThread "Asynchronous log dispatcher for DefaultDaemonConnection: socket connection from /127.0.0.1:53681 to /127.0.0.1:53682" [_thread_blocked, id=4004, stack(0x000000001b740000,0x000000001b840000)]
  0x0000000019ade000 JavaThread "Daemon worker" [_thread_in_Java, id=7724, stack(0x000000001b640000,0x000000001b740000)]
  0x0000000019ae1800 JavaThread "Cancel handler" [_thread_blocked, id=8748, stack(0x000000001b540000,0x000000001b640000)]
  0x0000000018544800 JavaThread "pool-1-thread-1" [_thread_blocked, id=7972, stack(0x000000001b440000,0x000000001b540000)]
  0x0000000019145000 JavaThread "Handler for socket connection from /127.0.0.1:53681 to /127.0.0.1:53682" [_thread_in_native, id=9444, stack(0x000000001b340000,0x000000001b440000)]
  0x0000000019480000 JavaThread "Daemon" [_thread_blocked, id=10208, stack(0x000000001b240000,0x000000001b340000)]
  0x0000000019061000 JavaThread "Incoming local TCP Connector on port 53681" [_thread_in_native, id=5644, stack(0x000000001abc0000,0x000000001acc0000)]
  0x0000000017795000 JavaThread "Service Thread" daemon [_thread_blocked, id=7496, stack(0x0000000018020000,0x0000000018120000)]
  0x0000000017776000 JavaThread "C1 CompilerThread2" daemon [_thread_blocked, id=3408, stack(0x0000000017f20000,0x0000000018020000)]
  0x00000000163ce000 JavaThread "C2 CompilerThread1" daemon [_thread_blocked, id=8848, stack(0x0000000017e20000,0x0000000017f20000)]
=>0x000000001637d800 JavaThread "C2 CompilerThread0" daemon [_thread_in_native, id=9988, stack(0x0000000017d20000,0x0000000017e20000)]
  0x000000001637b800 JavaThread "Attach Listener" daemon [_thread_blocked, id=8092, stack(0x0000000017c20000,0x0000000017d20000)]
  0x0000000017728800 JavaThread "Signal Dispatcher" daemon [_thread_blocked, id=10104, stack(0x0000000017b20000,0x0000000017c20000)]
  0x00000000029fa000 JavaThread "Finalizer" daemon [_thread_blocked, id=10116, stack(0x00000000175d0000,0x00000000176d0000)]
  0x00000000029f1000 JavaThread "Reference Handler" daemon [_thread_blocked, id=9628, stack(0x00000000174d0000,0x00000000175d0000)]
  0x0000000002900800 JavaThread "main" [_thread_blocked, id=10108, stack(0x00000000027f0000,0x00000000028f0000)]

Other Threads:
  0x0000000016334800 VMThread [stack: 0x00000000173d0000,0x00000000174d0000] [id=7716]
  0x0000000017795800 WatcherThread [stack: 0x0000000018120000,0x0000000018220000] [id=8864]

VM state:not at safepoint (normal execution)

VM Mutex/Monitor currently owned by a thread: None

Heap:
 PSYoungGen      total 38400K, used 27998K [0x00000000e0000000, 0x00000000e2a80000, 0x0000000100000000)
  eden space 33280K, 68% used [0x00000000e0000000,0x00000000e165ed78,0x00000000e2080000)
  from space 5120K, 99% used [0x00000000e2580000,0x00000000e2a78d50,0x00000000e2a80000)
  to   space 5120K, 0% used [0x00000000e2080000,0x00000000e2080000,0x00000000e2580000)
 ParOldGen       total 87552K, used 1265K [0x00000000a0000000, 0x00000000a5580000, 0x00000000e0000000)
  object space 87552K, 1% used [0x00000000a0000000,0x00000000a013c438,0x00000000a5580000)
 Metaspace       used 16109K, capacity 16418K, committed 16768K, reserved 1062912K
  class space    used 2228K, capacity 2326K, committed 2432K, reserved 1048576K

Card table byte_map: [0x0000000011dc0000,0x00000000120d0000] byte_map_base: 0x00000000118c0000

Marking Bits: (ParMarkBitMap*) 0x00000000539518f0
 Begin Bits: [0x00000000126d0000, 0x0000000013ed0000)
 End Bits:   [0x0000000013ed0000, 0x00000000156d0000)

Polling page: 0x0000000000d20000

CodeCache: size=245760Kb used=5044Kb max_used=5047Kb free=240715Kb
 bounds [0x0000000002a00000, 0x0000000002ef0000, 0x0000000011a00000]
 total_blobs=1829 nmethods=1436 adapters=306
 compilation: enabled

Compilation events (10 events):
Event: 7.593 Thread 0x0000000017776000 nmethod 1434 0x0000000002ee4110 code [0x0000000002ee4280, 0x0000000002ee44a8]
Event: 7.602 Thread 0x00000000163ce000 nmethod 1432 0x0000000002eeb390 code [0x0000000002eeb4e0, 0x0000000002eebdc8]
Event: 7.602 Thread 0x00000000163ce000 1435       4       sun.security.provider.ByteArrayAccess::b2iBig64 (614 bytes)
Event: 7.606 Thread 0x0000000017776000 1436       3       java.io.WinNTFileSystem::parentOrNull (171 bytes)
Event: 7.607 Thread 0x00000000163ce000 nmethod 1435 0x0000000002eec250 code [0x0000000002eec3a0, 0x0000000002eec5f8]
Event: 7.608 Thread 0x0000000017776000 nmethod 1436 0x0000000002eee110 code [0x0000000002eee340, 0x0000000002eef0b8]
Event: 7.619 Thread 0x0000000017776000 1438       3       java.security.MessageDigest::update (45 bytes)
Event: 7.620 Thread 0x0000000017776000 nmethod 1438 0x0000000002eed9d0 code [0x0000000002eedb60, 0x0000000002eedf68]
Event: 7.620 Thread 0x0000000017776000 1439       3       java.io.FileInputStream::read (9 bytes)
Event: 7.620 Thread 0x0000000017776000 nmethod 1439 0x0000000002eed610 code [0x0000000002eed780, 0x0000000002eed908]

GC Heap History (4 events):
Event: 3.393 GC heap before
{Heap before GC invocations=1 (full 0):
 PSYoungGen      total 38400K, used 33280K [0x00000000e0000000, 0x00000000e2a80000, 0x0000000100000000)
  eden space 33280K, 100% used [0x00000000e0000000,0x00000000e2080000,0x00000000e2080000)
  from space 5120K, 0% used [0x00000000e2580000,0x00000000e2580000,0x00000000e2a80000)
  to   space 5120K, 0% used [0x00000000e2080000,0x00000000e2080000,0x00000000e2580000)
 ParOldGen       total 87552K, used 0K [0x00000000a0000000, 0x00000000a5580000, 0x00000000e0000000)
  object space 87552K, 0% used [0x00000000a0000000,0x00000000a0000000,0x00000000a5580000)
 Metaspace       used 6936K, capacity 7204K, committed 7424K, reserved 1056768K
  class space    used 850K, capacity 932K, committed 1024K, reserved 1048576K
Event: 3.431 GC heap after
Heap after GC invocations=1 (full 0):
 PSYoungGen      total 38400K, used 4911K [0x00000000e0000000, 0x00000000e2a80000, 0x0000000100000000)
  eden space 33280K, 0% used [0x00000000e0000000,0x00000000e0000000,0x00000000e2080000)
  from space 5120K, 95% used [0x00000000e2080000,0x00000000e254be30,0x00000000e2580000)
  to   space 5120K, 0% used [0x00000000e2580000,0x00000000e2580000,0x00000000e2a80000)
 ParOldGen       total 87552K, used 8K [0x00000000a0000000, 0x00000000a5580000, 0x00000000e0000000)
  object space 87552K, 0% used [0x00000000a0000000,0x00000000a0002000,0x00000000a5580000)
 Metaspace       used 6936K, capacity 7204K, committed 7424K, reserved 1056768K
  class space    used 850K, capacity 932K, committed 1024K, reserved 1048576K
}
Event: 6.675 GC heap before
{Heap before GC invocations=2 (full 0):
 PSYoungGen      total 38400K, used 38191K [0x00000000e0000000, 0x00000000e2a80000, 0x0000000100000000)
  eden space 33280K, 100% used [0x00000000e0000000,0x00000000e2080000,0x00000000e2080000)
  from space 5120K, 95% used [0x00000000e2080000,0x00000000e254be30,0x00000000e2580000)
  to   space 5120K, 0% used [0x00000000e2580000,0x00000000e2580000,0x00000000e2a80000)
 ParOldGen       total 87552K, used 8K [0x00000000a0000000, 0x00000000a5580000, 0x00000000e0000000)
  object space 87552K, 0% used [0x00000000a0000000,0x00000000a0002000,0x00000000a5580000)
 Metaspace       used 13482K, capacity 13834K, committed 14080K, reserved 1060864K
  class space    used 1804K, capacity 1938K, committed 2048K, reserved 1048576K
Event: 6.694 GC heap after
Heap after GC invocations=2 (full 0):
 PSYoungGen      total 38400K, used 5091K [0x00000000e0000000, 0x00000000e2a80000, 0x0000000100000000)
  eden space 33280K, 0% used [0x00000000e0000000,0x00000000e0000000,0x00000000e2080000)
  from space 5120K, 99% used [0x00000000e2580000,0x00000000e2a78d50,0x00000000e2a80000)
  to   space 5120K, 0% used [0x00000000e2080000,0x00000000e2080000,0x00000000e2580000)
 ParOldGen       total 87552K, used 1265K [0x00000000a0000000, 0x00000000a5580000, 0x00000000e0000000)
  object space 87552K, 1% used [0x00000000a0000000,0x00000000a013c438,0x00000000a5580000)
 Metaspace       used 13482K, capacity 13834K, committed 14080K, reserved 1060864K
  class space    used 1804K, capacity 1938K, committed 2048K, reserved 1048576K
}

Deoptimization events (10 events):
Event: 4.110 Thread 0x0000000002900800 Uncommon trap: reason=unstable_if action=reinterpret pc=0x0000000002d100d0 method=java.io.WinNTFileSystem.normalize(Ljava/lang/String;II)Ljava/lang/String; @ 90
Event: 4.144 Thread 0x0000000002900800 Uncommon trap: reason=unstable_if action=reinterpret pc=0x0000000002c86094 method=java.lang.String.substring(I)Ljava/lang/String; @ 35
Event: 4.302 Thread 0x0000000002900800 Uncommon trap: reason=unstable_if action=reinterpret pc=0x0000000002c588fc method=java.util.HashMap.getNode(ILjava/lang/Object;)Ljava/util/HashMap$Node; @ 129
Event: 6.315 Thread 0x0000000002900800 Uncommon trap: reason=unstable_if action=reinterpret pc=0x0000000002ca0eb0 method=java.util.LinkedHashMap.afterNodeInsertion(Z)V @ 1
Event: 6.506 Thread 0x0000000019ade000 Uncommon trap: reason=bimorphic action=maybe_recompile pc=0x0000000002da99b0 method=java.util.HashMap.putVal(ILjava/lang/Object;Ljava/lang/Object;ZZ)Ljava/lang/Object; @ 253
Event: 6.506 Thread 0x0000000019ade000 Uncommon trap: reason=bimorphic action=maybe_recompile pc=0x0000000002da99b0 method=java.util.HashMap.putVal(ILjava/lang/Object;Ljava/lang/Object;ZZ)Ljava/lang/Object; @ 253
Event: 6.506 Thread 0x0000000019ade000 Uncommon trap: reason=bimorphic action=maybe_recompile pc=0x0000000002da30e0 method=java.util.HashMap.putVal(ILjava/lang/Object;Ljava/lang/Object;ZZ)Ljava/lang/Object; @ 253
Event: 6.932 Thread 0x0000000019ade000 Uncommon trap: reason=class_check action=maybe_recompile pc=0x0000000002c88360 method=java.util.regex.Matcher.match(II)Z @ 86
Event: 6.934 Thread 0x0000000019ade000 Uncommon trap: reason=class_check action=maybe_recompile pc=0x0000000002c88360 method=java.util.regex.Matcher.match(II)Z @ 86
Event: 7.203 Thread 0x0000000019ade000 Uncommon trap: reason=bimorphic action=maybe_recompile pc=0x0000000002cdaee0 method=java.util.HashMap.putVal(ILjava/lang/Object;Ljava/lang/Object;ZZ)Ljava/lang/Object; @ 91

Internal exceptions (10 events):
Event: 6.459 Thread 0x0000000019145000 Exception <a 'java/lang/NoSuchMethodError': <clinit>> (0x00000000e1589b28) thrown at [C:\src\android\AOSP-openjdk\external\jetbrains\jdk\hotspot\src\share\vm\prims\jni.cpp, line 1613]
Event: 6.492 Thread 0x0000000019ade000 Exception <a 'java/lang/NoSuchMethodError': <clinit>> (0x00000000e165b288) thrown at [C:\src\android\AOSP-openjdk\external\jetbrains\jdk\hotspot\src\share\vm\prims\jni.cpp, line 1613]
Event: 6.494 Thread 0x0000000019ade000 Exception <a 'java/lang/NoSuchMethodError': <clinit>> (0x00000000e1663510) thrown at [C:\src\android\AOSP-openjdk\external\jetbrains\jdk\hotspot\src\share\vm\prims\jni.cpp, line 1613]
Event: 6.556 Thread 0x0000000019ade000 Exception <a 'java/lang/ArrayIndexOutOfBoundsException'> (0x00000000e18f0970) thrown at [C:\src\android\AOSP-openjdk\external\jetbrains\jdk\hotspot\src\share\vm\runtime\sharedRuntime.cpp, line 605]
Event: 6.581 Thread 0x0000000019ade000 Exception <a 'java/lang/ArrayIndexOutOfBoundsException'> (0x00000000e19b45f0) thrown at [C:\src\android\AOSP-openjdk\external\jetbrains\jdk\hotspot\src\share\vm\runtime\sharedRuntime.cpp, line 605]
Event: 6.582 Thread 0x0000000019ade000 Exception <a 'java/lang/ArrayIndexOutOfBoundsException'> (0x00000000e19b5960) thrown at [C:\src\android\AOSP-openjdk\external\jetbrains\jdk\hotspot\src\share\vm\runtime\sharedRuntime.cpp, line 605]
Event: 7.513 Thread 0x0000000019ade000 Exception <a 'java/lang/NoSuchMethodError': <clinit>> (0x00000000e15519b8) thrown at [C:\src\android\AOSP-openjdk\external\jetbrains\jdk\hotspot\src\share\vm\prims\jni.cpp, line 1613]
Event: 7.514 Thread 0x0000000019ade000 Exception <a 'java/lang/NoSuchMethodError': <clinit>> (0x00000000e1554188) thrown at [C:\src\android\AOSP-openjdk\external\jetbrains\jdk\hotspot\src\share\vm\prims\jni.cpp, line 1613]
Event: 7.516 Thread 0x0000000019ade000 Exception <a 'java/lang/NoSuchMethodError': <clinit>> (0x00000000e1560468) thrown at [C:\src\android\AOSP-openjdk\external\jetbrains\jdk\hotspot\src\share\vm\prims\jni.cpp, line 1613]
Event: 7.518 Thread 0x0000000019ade000 Exception <a 'java/lang/NoSuchMethodError': <clinit>> (0x00000000e156a8d8) thrown at [C:\src\android\AOSP-openjdk\external\jetbrains\jdk\hotspot\src\share\vm\prims\jni.cpp, line 1613]

Events (10 events):
Event: 7.600 loading class java/math/MutableBigInteger
Event: 7.602 loading class java/math/MutableBigInteger done
Event: 7.603 loading class org/gradle/internal/file/JarCache$FileInfo
Event: 7.603 loading class org/gradle/internal/file/JarCache$FileInfo done
Event: 7.603 loading class com/google/common/cache/LocalCache$StrongAccessEntry
Event: 7.603 loading class com/google/common/cache/LocalCache$StrongAccessEntry done
Event: 7.604 loading class com/google/common/cache/LocalCache$StrongEntry
Event: 7.604 loading class com/google/common/cache/LocalCache$StrongEntry done
Event: 7.605 loading class com/google/common/cache/LocalCache$NullEntry
Event: 7.605 loading class com/google/common/cache/LocalCache$NullEntry done


Dynamic libraries:
0x00007ff7fa5e0000 - 0x00007ff7fa611000 	D:\AndroidStudio\jre\bin\java.exe
0x00007ff80d740000 - 0x00007ff80d8ed000 	C:\windows\SYSTEM32\ntdll.dll
0x00007ff80cdd0000 - 0x00007ff80cf0e000 	C:\windows\system32\KERNEL32.DLL
0x00007ff80a660000 - 0x00007ff80a775000 	C:\windows\system32\KERNELBASE.dll
0x00007ff80b170000 - 0x00007ff80b21a000 	C:\windows\system32\ADVAPI32.dll
0x00007ff80d3b0000 - 0x00007ff80d527000 	C:\windows\system32\USER32.dll
0x00007ff8085e0000 - 0x00007ff80885b000 	C:\windows\WinSxS\amd64_microsoft.windows.common-controls_6595b64144ccf1df_6.0.9600.18006_none_623f33d3ecbe86e8\COMCTL32.dll
0x00007ff80d300000 - 0x00007ff80d3aa000 	C:\windows\system32\msvcrt.dll
0x00007ff80b5d0000 - 0x00007ff80b629000 	C:\windows\SYSTEM32\sechost.dll
0x00007ff80cf20000 - 0x00007ff80d060000 	C:\windows\system32\RPCRT4.dll
0x00007ff80b260000 - 0x00007ff80b3af000 	C:\windows\system32\GDI32.dll
0x00007ff80a8c0000 - 0x00007ff80a8ee000 	C:\windows\system32\SspiCli.dll
0x00007ff80b220000 - 0x00007ff80b256000 	C:\windows\system32\IMM32.DLL
0x00007ff80d1a0000 - 0x00007ff80d2f2000 	C:\windows\system32\MSCTF.dll
0x0000000054e90000 - 0x0000000054f62000 	D:\AndroidStudio\jre\jre\bin\msvcr100.dll
0x0000000053190000 - 0x00000000539cc000 	D:\AndroidStudio\jre\jre\bin\server\jvm.dll
0x00007fffdeae0000 - 0x00007fffdeae9000 	C:\windows\SYSTEM32\WSOCK32.dll
0x00007ff80a790000 - 0x00007ff80a7b2000 	C:\windows\system32\WINMM.dll
0x00007ff802e40000 - 0x00007ff802e4a000 	C:\windows\SYSTEM32\VERSION.dll
0x00007ff80af70000 - 0x00007ff80af77000 	C:\windows\system32\PSAPI.DLL
0x00007ff80aad0000 - 0x00007ff80ab2a000 	C:\windows\system32\WS2_32.dll
0x00007ff80a580000 - 0x00007ff80a5aa000 	C:\windows\system32\WINMMBASE.dll
0x00007ff80cf10000 - 0x00007ff80cf19000 	C:\windows\system32\NSI.dll
0x00007ff80a870000 - 0x00007ff80a8bf000 	C:\windows\SYSTEM32\cfgmgr32.dll
0x00007ff80a530000 - 0x00007ff80a558000 	C:\windows\system32\DEVOBJ.dll
0x00007ff805fa0000 - 0x00007ff805faf000 	D:\AndroidStudio\jre\jre\bin\verify.dll
0x00007ffff4e00000 - 0x00007ffff4e29000 	D:\AndroidStudio\jre\jre\bin\java.dll
0x00007fffff8d0000 - 0x00007fffff8e6000 	D:\AndroidStudio\jre\jre\bin\zip.dll
0x00007ff80b810000 - 0x00007ff80cd39000 	C:\windows\system32\SHELL32.dll
0x00007ff80b3b0000 - 0x00007ff80b5c1000 	C:\windows\SYSTEM32\combase.dll
0x00007ff80cd60000 - 0x00007ff80cdb4000 	C:\windows\system32\SHLWAPI.dll
0x00007ff808a90000 - 0x00007ff808b42000 	C:\windows\SYSTEM32\SHCORE.dll
0x00007ff80a480000 - 0x00007ff80a495000 	C:\windows\SYSTEM32\profapi.dll
0x00007ffff4e70000 - 0x00007ffff4e8a000 	D:\AndroidStudio\jre\jre\bin\net.dll
0x00007ff809d70000 - 0x00007ff809dc9000 	C:\windows\system32\mswsock.dll
0x00007ffff4de0000 - 0x00007ffff4df1000 	D:\AndroidStudio\jre\jre\bin\nio.dll
0x00007ffff4b70000 - 0x00007ffff4b8e000 	D:\AndroidStudio\gradle\gradle-3.3\native\23\windows-amd64\native-platform.dll
0x00007ff809dd0000 - 0x00007ff809df0000 	C:\windows\SYSTEM32\CRYPTSP.dll
0x00007ff8099d0000 - 0x00007ff809a06000 	C:\windows\system32\rsaenh.dll
0x00007ff80a020000 - 0x00007ff80a046000 	C:\windows\SYSTEM32\bcrypt.dll
0x00007ff809b00000 - 0x00007ff809b21000 	C:\windows\SYSTEM32\USERENV.dll
0x00007ff80a350000 - 0x00007ff80a3b3000 	C:\windows\system32\bcryptprimitives.dll
0x00007ff80a3c0000 - 0x00007ff80a3cb000 	C:\windows\SYSTEM32\CRYPTBASE.dll
0x00007ff8048c0000 - 0x00007ff8048ea000 	C:\windows\SYSTEM32\IPHLPAPI.DLL
0x00007ff804840000 - 0x00007ff80484a000 	C:\windows\SYSTEM32\WINNSI.DLL
0x00007ff804490000 - 0x00007ff8044a6000 	C:\windows\SYSTEM32\dhcpcsvc6.DLL
0x00007ff804410000 - 0x00007ff80442a000 	C:\windows\SYSTEM32\dhcpcsvc.DLL
0x00007ff804c20000 - 0x00007ff804c2d000 	D:\AndroidStudio\jre\jre\bin\management.dll

VM Arguments:
jvm_args: -Xmx1536m -Dfile.encoding=GBK -Duser.country=CN -Duser.language=zh -Duser.variant 
java_command: org.gradle.launcher.daemon.bootstrap.GradleDaemon 3.3
java_class_path (initial): D:\AndroidStudio\gradle\gradle-3.3\lib\gradle-launcher-3.3.jar
Launcher Type: SUN_STANDARD

Environment Variables:
JAVA_HOME=D:\Program Files\Java\jdk1.8.0_60
CLASSPATH=.
PATH=D:\Program Files\Java\jdk1.8.0_60\bin;C:\Program Files (x86)\Lenovo\FusionEngine;C:\Program Files (x86)\Intel\iCLS Client\;C:\Program Files\Intel\iCLS Client\;C:\windows\system32;C:\windows;C:\windows\System32\Wbem;C:\windows\System32\WindowsPowerShell\v1.0\;C:\Program Files (x86)\ATI Technologies\ATI.ACE\Core-Static;C:\Program Files\Intel\Intel(R) Management Engine Components\DAL;C:\Program Files (x86)\Intel\Intel(R) Management Engine Components\DAL;C:\Program Files\Intel\Intel(R) Management Engine Components\IPT;C:\Program Files (x86)\Intel\Intel(R) Management Engine Components\IPT;C:\Program Files (x86)\Common Files\lenovo\easyplussdk\bin;C:\Program Files (x86)\Microsoft SQL Server\100\Tools\Binn\;C:\Program Files\Microsoft SQL Server\100\Tools\Binn\;C:\Program Files\Microsoft SQL Server\100\DTS\Binn\;C:\Program Files (x86)\Microsoft SQL Server\100\Tools\Binn\VSShell\Common7\IDE\;C:\Program Files (x86)\Microsoft SQL Server\100\DTS\Binn\;C:\Program Files (x86)\Microsoft Visual Studio 9.0\Common7\IDE\PrivateAssemblies\;C:\Program Files\Microsoft SQL Server\110\DTS\Binn\;C:\Program Files (x86)\Microsoft SQL Server\110\Tools\Binn\;C:\Program Files\Microsoft SQL Server\110\Tools\Binn\;C:\Program Files (x86)\Microsoft SQL Server\110\Tools\Binn\ManagementStudio\;C:\Program Files (x86)\Microsoft Visual Studio 10.0\Common7\IDE\PrivateAssemblies\;C:\Program Files (x86)\Microsoft SQL Server\110\DTS\Binn\;D:\mysql\mysql-5.7.18-winx64\bin;D:\Git\cmd;D:\Android_sdk\build-tools;D:\Android_sdk\tools;
USERNAME=lenovo
OS=Windows_NT
PROCESSOR_IDENTIFIER=Intel64 Family 6 Model 61 Stepping 4, GenuineIntel



---------------  S Y S T E M  ---------------

OS: Windows 8.1 , 64 bit Build 9600 (6.3.9600.17415)

CPU:total 4 (2 cores per cpu, 2 threads per core) family 6 model 61 stepping 4, cmov, cx8, fxsr, mmx, sse, sse2, sse3, ssse3, sse4.1, sse4.2, popcnt, avx, avx2, aes, clmul, erms, 3dnowpref, lzcnt, ht, tsc, tscinvbit, bmi1, bmi2, adx

Memory: 4k page, physical 8301656k(2021860k free), swap 8301656k(6556k free)

vm_info: OpenJDK 64-Bit Server VM (25.112-b06) for windows-amd64 JRE (1.8.0_112-release-b06), built on Dec  8 2016 00:54:26 by "builder" with MS VC++ 10.0 (VS2010)

time: Thu Aug 24 15:23:33 2017
elapsed time: 7 seconds (0d 0h 0m 7s)

