#
# There is insufficient memory for the Java Runtime Environment to continue.
# Native memory allocation (malloc) failed to allocate 32744 bytes for ChunkPool::allocate
# Possible reasons:
#   The system is out of physical RAM or swap space
#   In 32 bit mode, the process size limit was hit
# Possible solutions:
#   Reduce memory load on the system
#   Increase physical memory or swap space
#   Check if swap backing store is full
#   Use 64 bit Java on a 64 bit OS
#   Decrease Java heap size (-Xmx/-Xms)
#   Decrease number of Java threads
#   Decrease Java thread stack sizes (-Xss)
#   Set larger code cache with -XX:ReservedCodeCacheSize=
# This output file may be truncated or incomplete.
#
#  Out of Memory Error (allocation.cpp:273), pid=8036, tid=0x00000000000026b8
#
# JRE version: OpenJDK Runtime Environment (8.0_112-b06) (build 1.8.0_112-release-b06)
# Java VM: OpenJDK 64-Bit Server VM (25.112-b06 mixed mode windows-amd64 compressed oops)
# Failed to write core dump. Minidumps are not enabled by default on client versions of Windows
#

---------------  T H R E A D  ---------------

Current thread (0x0000000016169000):  JavaThread "C2 CompilerThread0" daemon [_thread_in_native, id=9912, stack(0x0000000017a70000,0x0000000017b70000)]

Stack: [0x0000000017a70000,0x0000000017b70000]
[error occurred during error reporting (printing stack bounds), id 0xc0000005]

Native frames: (J=compiled Java code, j=interpreted, Vv=VM code, C=native code)


Current CompileTask:
C2:   6496 1234   !   4       java.lang.ClassLoader::loadClass (122 bytes)


---------------  P R O C E S S  ---------------

Java Threads: ( => current thread )
  0x000000001902f800 JavaThread "Stdin handler" [_thread_blocked, id=5160, stack(0x000000001a7f0000,0x000000001a8f0000)]
  0x000000001827f800 JavaThread "Asynchronous log dispatcher for DefaultDaemonConnection: socket connection from /127.0.0.1:53970 to /127.0.0.1:53973" [_thread_blocked, id=6360, stack(0x000000001a6f0000,0x000000001a7f0000)]
  0x0000000018edd800 JavaThread "Daemon worker" [_thread_in_native, id=9736, stack(0x000000001a5f0000,0x000000001a6f0000)]
  0x0000000018edc800 JavaThread "Cancel handler" [_thread_blocked, id=3084, stack(0x000000001a4f0000,0x000000001a5f0000)]
  0x0000000019031800 JavaThread "pool-1-thread-1" [_thread_blocked, id=9616, stack(0x000000001a1f0000,0x000000001a2f0000)]
  0x0000000018d1f800 JavaThread "Handler for socket connection from /127.0.0.1:53970 to /127.0.0.1:53973" [_thread_in_native, id=4924, stack(0x000000001a0f0000,0x000000001a1f0000)]
  0x0000000018fbe000 JavaThread "Daemon" [_thread_blocked, id=8948, stack(0x0000000019ff0000,0x000000001a0f0000)]
  0x0000000018fbf800 JavaThread "Incoming local TCP Connector on port 53970" [_thread_in_native, id=7860, stack(0x0000000019740000,0x0000000019840000)]
  0x00000000174d3800 JavaThread "Service Thread" daemon [_thread_blocked, id=1604, stack(0x0000000017d70000,0x0000000017e70000)]
  0x0000000017482800 JavaThread "C1 CompilerThread2" daemon [_thread_blocked, id=9076, stack(0x0000000017c70000,0x0000000017d70000)]
  0x000000001616c000 JavaThread "C2 CompilerThread1" daemon [_thread_blocked, id=6428, stack(0x0000000017b70000,0x0000000017c70000)]
=>0x0000000016169000 JavaThread "C2 CompilerThread0" daemon [_thread_in_native, id=9912, stack(0x0000000017a70000,0x0000000017b70000)]
  0x000000001611e000 JavaThread "Attach Listener" daemon [_thread_blocked, id=5692, stack(0x0000000017970000,0x0000000017a70000)]
  0x0000000016107000 JavaThread "Signal Dispatcher" daemon [_thread_blocked, id=5136, stack(0x0000000017870000,0x0000000017970000)]
  0x000000000279a000 JavaThread "Finalizer" daemon [_thread_blocked, id=10172, stack(0x0000000017370000,0x0000000017470000)]
  0x0000000002791000 JavaThread "Reference Handler" daemon [_thread_blocked, id=2952, stack(0x0000000017270000,0x0000000017370000)]
  0x00000000026a0800 JavaThread "main" [_thread_blocked, id=8012, stack(0x00000000025a0000,0x00000000026a0000)]

Other Threads:
  0x00000000160d4800 VMThread [stack: 0x0000000017170000,0x0000000017270000] [id=5884]
  0x00000000174d4800 WatcherThread [stack: 0x0000000017e70000,0x0000000017f70000] [id=5476]

VM state:not at safepoint (normal execution)

VM Mutex/Monitor currently owned by a thread: None

Heap:
 PSYoungGen      total 38400K, used 12235K [0x00000000e0000000, 0x00000000e2e00000, 0x0000000100000000)
  eden space 33280K, 21% used [0x00000000e0000000,0x00000000e06f6ae0,0x00000000e2080000)
  from space 5120K, 99% used [0x00000000e2080000,0x00000000e257c4b8,0x00000000e2580000)
  to   space 5120K, 0% used [0x00000000e2900000,0x00000000e2900000,0x00000000e2e00000)
 ParOldGen       total 64000K, used 1309K [0x00000000a0000000, 0x00000000a3e80000, 0x00000000e0000000)
  object space 64000K, 2% used [0x00000000a0000000,0x00000000a0147438,0x00000000a3e80000)
 Metaspace       used 14173K, capacity 14438K, committed 14592K, reserved 1062912K
  class space    used 1918K, capacity 2034K, committed 2048K, reserved 1048576K

Card table byte_map: [0x0000000011b60000,0x0000000011e70000] byte_map_base: 0x0000000011660000

Marking Bits: (ParMarkBitMap*) 0x00000000539518f0
 Begin Bits: [0x0000000012470000, 0x0000000013c70000)
 End Bits:   [0x0000000013c70000, 0x0000000015470000)

Polling page: 0x0000000000a40000

CodeCache: size=245760Kb used=4497Kb max_used=4497Kb free=241262Kb
 bounds [0x00000000027a0000, 0x0000000002c10000, 0x00000000117a0000]
 total_blobs=1639 nmethods=1251 adapters=300
 compilation: enabled

Compilation events (10 events):
Event: 6.288 Thread 0x000000001616c000 nmethod 1248 0x0000000002bf6c90 code [0x0000000002bf6e00, 0x0000000002bf71c8]
Event: 6.288 Thread 0x000000001616c000 1250       4       org.gradle.internal.service.DefaultServiceRegistry$ClassSpec::isSatisfiedBy (67 bytes)
Event: 6.289 Thread 0x0000000017482800 1251       3       sun.reflect.ReflectionFactory::inflationThreshold (4 bytes)
Event: 6.289 Thread 0x0000000017482800 nmethod 1251 0x0000000002bf6990 code [0x0000000002bf6ae0, 0x0000000002bf6c10]
Event: 6.297 Thread 0x000000001616c000 nmethod 1250 0x0000000002bf4e90 code [0x0000000002bf4fe0, 0x0000000002bf5258]
Event: 6.297 Thread 0x000000001616c000 1249       4       org.gradle.internal.service.DefaultServiceRegistry$ClassSpec::isSatisfiedBy (9 bytes)
Event: 6.308 Thread 0x000000001616c000 nmethod 1249 0x0000000002bf4790 code [0x0000000002bf4900, 0x0000000002bf4bd8]
Event: 6.330 Thread 0x000000001616c000 1252       4       java.nio.DirectLongBufferU::put (18 bytes)
Event: 6.333 Thread 0x000000001616c000 nmethod 1252 0x0000000002bf4510 code [0x0000000002bf4640, 0x0000000002bf46d8]
Event: 6.458 Thread 0x0000000017482800 1253   !   3       java.io.WinNTFileSystem::resolve (362 bytes)

GC Heap History (8 events):
Event: 0.309 GC heap before
{Heap before GC invocations=1 (full 0):
 PSYoungGen      total 38400K, used 1331K [0x00000000e0000000, 0x00000000e2a80000, 0x0000000100000000)
  eden space 33280K, 4% used [0x00000000e0000000,0x00000000e014cd30,0x00000000e2080000)
  from space 5120K, 0% used [0x00000000e2580000,0x00000000e2580000,0x00000000e2a80000)
  to   space 5120K, 0% used [0x00000000e2080000,0x00000000e2080000,0x00000000e2580000)
 ParOldGen       total 87552K, used 0K [0x00000000a0000000, 0x00000000a5580000, 0x00000000e0000000)
  object space 87552K, 0% used [0x00000000a0000000,0x00000000a0000000,0x00000000a5580000)
 Metaspace       used 2759K, capacity 4484K, committed 4736K, reserved 1056768K
  class space    used 285K, capacity 384K, committed 384K, reserved 1048576K
Event: 0.312 GC heap after
Heap after GC invocations=1 (full 0):
 PSYoungGen      total 38400K, used 616K [0x00000000e0000000, 0x00000000e2a80000, 0x0000000100000000)
  eden space 33280K, 0% used [0x00000000e0000000,0x00000000e0000000,0x00000000e2080000)
  from space 5120K, 12% used [0x00000000e2080000,0x00000000e211a020,0x00000000e2580000)
  to   space 5120K, 0% used [0x00000000e2580000,0x00000000e2580000,0x00000000e2a80000)
 ParOldGen       total 87552K, used 8K [0x00000000a0000000, 0x00000000a5580000, 0x00000000e0000000)
  object space 87552K, 0% used [0x00000000a0000000,0x00000000a0002000,0x00000000a5580000)
 Metaspace       used 2759K, capacity 4484K, committed 4736K, reserved 1056768K
  class space    used 285K, capacity 384K, committed 384K, reserved 1048576K
}
Event: 0.312 GC heap before
{Heap before GC invocations=2 (full 1):
 PSYoungGen      total 38400K, used 616K [0x00000000e0000000, 0x00000000e2a80000, 0x0000000100000000)
  eden space 33280K, 0% used [0x00000000e0000000,0x00000000e0000000,0x00000000e2080000)
  from space 5120K, 12% used [0x00000000e2080000,0x00000000e211a020,0x00000000e2580000)
  to   space 5120K, 0% used [0x00000000e2580000,0x00000000e2580000,0x00000000e2a80000)
 ParOldGen       total 87552K, used 8K [0x00000000a0000000, 0x00000000a5580000, 0x00000000e0000000)
  object space 87552K, 0% used [0x00000000a0000000,0x00000000a0002000,0x00000000a5580000)
 Metaspace       used 2759K, capacity 4484K, committed 4736K, reserved 1056768K
  class space    used 285K, capacity 384K, committed 384K, reserved 1048576K
Event: 0.332 GC heap after
Heap after GC invocations=2 (full 1):
 PSYoungGen      total 38400K, used 0K [0x00000000e0000000, 0x00000000e2a80000, 0x0000000100000000)
  eden space 33280K, 0% used [0x00000000e0000000,0x00000000e0000000,0x00000000e2080000)
  from space 5120K, 0% used [0x00000000e2080000,0x00000000e2080000,0x00000000e2580000)
  to   space 5120K, 0% used [0x00000000e2580000,0x00000000e2580000,0x00000000e2a80000)
 ParOldGen       total 64000K, used 524K [0x00000000a0000000, 0x00000000a3e80000, 0x00000000e0000000)
  object space 64000K, 0% used [0x00000000a0000000,0x00000000a0083038,0x00000000a3e80000)
 Metaspace       used 2759K, capacity 4484K, committed 4736K, reserved 1056768K
  class space    used 285K, capacity 384K, committed 384K, reserved 1048576K
}
Event: 2.587 GC heap before
{Heap before GC invocations=3 (full 1):
 PSYoungGen      total 38400K, used 33280K [0x00000000e0000000, 0x00000000e2a80000, 0x0000000100000000)
  eden space 33280K, 100% used [0x00000000e0000000,0x00000000e2080000,0x00000000e2080000)
  from space 5120K, 0% used [0x00000000e2080000,0x00000000e2080000,0x00000000e2580000)
  to   space 5120K, 0% used [0x00000000e2580000,0x00000000e2580000,0x00000000e2a80000)
 ParOldGen       total 64000K, used 524K [0x00000000a0000000, 0x00000000a3e80000, 0x00000000e0000000)
  object space 64000K, 0% used [0x00000000a0000000,0x00000000a0083038,0x00000000a3e80000)
 Metaspace       used 6968K, capacity 7200K, committed 7424K, reserved 1056768K
  class space    used 857K, capacity 932K, committed 1024K, reserved 1048576K
Event: 2.604 GC heap after
Heap after GC invocations=3 (full 1):
 PSYoungGen      total 38400K, used 4473K [0x00000000e0000000, 0x00000000e2e00000, 0x0000000100000000)
  eden space 33280K, 0% used [0x00000000e0000000,0x00000000e0000000,0x00000000e2080000)
  from space 5120K, 87% used [0x00000000e2580000,0x00000000e29de638,0x00000000e2a80000)
  to   space 5120K, 0% used [0x00000000e2080000,0x00000000e2080000,0x00000000e2580000)
 ParOldGen       total 64000K, used 532K [0x00000000a0000000, 0x00000000a3e80000, 0x00000000e0000000)
  object space 64000K, 0% used [0x00000000a0000000,0x00000000a0085038,0x00000000a3e80000)
 Metaspace       used 6968K, capacity 7200K, committed 7424K, reserved 1056768K
  class space    used 857K, capacity 932K, committed 1024K, reserved 1048576K
}
Event: 6.155 GC heap before
{Heap before GC invocations=4 (full 1):
 PSYoungGen      total 38400K, used 37753K [0x00000000e0000000, 0x00000000e2e00000, 0x0000000100000000)
  eden space 33280K, 100% used [0x00000000e0000000,0x00000000e2080000,0x00000000e2080000)
  from space 5120K, 87% used [0x00000000e2580000,0x00000000e29de638,0x00000000e2a80000)
  to   space 5120K, 0% used [0x00000000e2080000,0x00000000e2080000,0x00000000e2580000)
 ParOldGen       total 64000K, used 532K [0x00000000a0000000, 0x00000000a3e80000, 0x00000000e0000000)
  object space 64000K, 0% used [0x00000000a0000000,0x00000000a0085038,0x00000000a3e80000)
 Metaspace       used 13472K, capacity 13830K, committed 14080K, reserved 1062912K
  class space    used 1802K, capacity 1938K, committed 2048K, reserved 1048576K
Event: 6.175 GC heap after
Heap after GC invocations=4 (full 1):
 PSYoungGen      total 38400K, used 5105K [0x00000000e0000000, 0x00000000e2e00000, 0x0000000100000000)
  eden space 33280K, 0% used [0x00000000e0000000,0x00000000e0000000,0x00000000e2080000)
  from space 5120K, 99% used [0x00000000e2080000,0x00000000e257c4b8,0x00000000e2580000)
  to   space 5120K, 0% used [0x00000000e2900000,0x00000000e2900000,0x00000000e2e00000)
 ParOldGen       total 64000K, used 1309K [0x00000000a0000000, 0x00000000a3e80000, 0x00000000e0000000)
  object space 64000K, 2% used [0x00000000a0000000,0x00000000a0147438,0x00000000a3e80000)
 Metaspace       used 13472K, capacity 13830K, committed 14080K, reserved 1062912K
  class space    used 1802K, capacity 1938K, committed 2048K, reserved 1048576K
}

Deoptimization events (10 events):
Event: 3.424 Thread 0x00000000026a0800 Uncommon trap: reason=unstable_if action=reinterpret pc=0x0000000002abaea8 method=java.io.WinNTFileSystem.normalize(Ljava/lang/String;)Ljava/lang/String; @ 128
Event: 3.460 Thread 0x00000000026a0800 Uncommon trap: reason=unstable_if action=reinterpret pc=0x0000000002a31454 method=java.lang.String.substring(I)Ljava/lang/String; @ 35
Event: 3.625 Thread 0x00000000026a0800 Uncommon trap: reason=unstable_if action=reinterpret pc=0x00000000029ed67c method=java.util.HashMap.getNode(ILjava/lang/Object;)Ljava/util/HashMap$Node; @ 129
Event: 5.623 Thread 0x00000000026a0800 Uncommon trap: reason=unstable_if action=reinterpret pc=0x0000000002a9cc30 method=java.util.LinkedHashMap.afterNodeInsertion(Z)V @ 1
Event: 5.884 Thread 0x0000000018edd800 Uncommon trap: reason=bimorphic action=maybe_recompile pc=0x0000000002adb6ec method=java.util.HashMap.putVal(ILjava/lang/Object;Ljava/lang/Object;ZZ)Ljava/lang/Object; @ 253
Event: 5.884 Thread 0x0000000018edd800 Uncommon trap: reason=bimorphic action=maybe_recompile pc=0x0000000002adb6ec method=java.util.HashMap.putVal(ILjava/lang/Object;Ljava/lang/Object;ZZ)Ljava/lang/Object; @ 253
Event: 5.885 Thread 0x0000000018edd800 Uncommon trap: reason=bimorphic action=maybe_recompile pc=0x0000000002adb6ec method=java.util.HashMap.putVal(ILjava/lang/Object;Ljava/lang/Object;ZZ)Ljava/lang/Object; @ 253
Event: 5.885 Thread 0x0000000018edd800 Uncommon trap: reason=bimorphic action=maybe_recompile pc=0x0000000002adb6ec method=java.util.HashMap.putVal(ILjava/lang/Object;Ljava/lang/Object;ZZ)Ljava/lang/Object; @ 253
Event: 6.454 Thread 0x0000000018edd800 Uncommon trap: reason=class_check action=maybe_recompile pc=0x0000000002a245d4 method=java.util.regex.Matcher.match(II)Z @ 86
Event: 6.458 Thread 0x0000000018edd800 Uncommon trap: reason=class_check action=maybe_recompile pc=0x0000000002a245d4 method=java.util.regex.Matcher.match(II)Z @ 86

Internal exceptions (10 events):
Event: 5.740 Thread 0x0000000018d1f800 Exception <a 'java/lang/NoSuchMethodError': <clinit>> (0x00000000e13d5080) thrown at [C:\src\android\AOSP-openjdk\external\jetbrains\jdk\hotspot\src\share\vm\prims\jni.cpp, line 1613]
Event: 5.781 Thread 0x0000000018d1f800 Exception <a 'java/lang/NoSuchMethodError': <clinit>> (0x00000000e14f3510) thrown at [C:\src\android\AOSP-openjdk\external\jetbrains\jdk\hotspot\src\share\vm\prims\jni.cpp, line 1613]
Event: 5.790 Thread 0x0000000018d1f800 Exception <a 'java/lang/NoSuchMethodError': <clinit>> (0x00000000e1503748) thrown at [C:\src\android\AOSP-openjdk\external\jetbrains\jdk\hotspot\src\share\vm\prims\jni.cpp, line 1613]
Event: 5.804 Thread 0x0000000018d1f800 Exception <a 'java/lang/NoSuchMethodError': <clinit>> (0x00000000e1527898) thrown at [C:\src\android\AOSP-openjdk\external\jetbrains\jdk\hotspot\src\share\vm\prims\jni.cpp, line 1613]
Event: 5.857 Thread 0x0000000018edd800 Exception <a 'java/lang/NoSuchMethodError': <clinit>> (0x00000000e164ca50) thrown at [C:\src\android\AOSP-openjdk\external\jetbrains\jdk\hotspot\src\share\vm\prims\jni.cpp, line 1613]
Event: 5.860 Thread 0x0000000018edd800 Exception <a 'java/lang/NoSuchMethodError': <clinit>> (0x00000000e1654cd8) thrown at [C:\src\android\AOSP-openjdk\external\jetbrains\jdk\hotspot\src\share\vm\prims\jni.cpp, line 1613]
Event: 5.976 Thread 0x0000000018edd800 Exception <a 'java/lang/ArrayIndexOutOfBoundsException'> (0x00000000e18e2050) thrown at [C:\src\android\AOSP-openjdk\external\jetbrains\jdk\hotspot\src\share\vm\runtime\sharedRuntime.cpp, line 605]
Event: 6.013 Thread 0x0000000018edd800 Exception <a 'java/lang/ArrayIndexOutOfBoundsException'> (0x00000000e19a5318) thrown at [C:\src\android\AOSP-openjdk\external\jetbrains\jdk\hotspot\src\share\vm\runtime\sharedRuntime.cpp, line 605]
Event: 6.022 Thread 0x0000000018edd800 Exception <a 'java/lang/ArrayIndexOutOfBoundsException'> (0x00000000e19caf08) thrown at [C:\src\android\AOSP-openjdk\external\jetbrains\jdk\hotspot\src\share\vm\runtime\sharedRuntime.cpp, line 605]
Event: 6.023 Thread 0x0000000018edd800 Exception <a 'java/lang/ArrayIndexOutOfBoundsException'> (0x00000000e19ccbb8) thrown at [C:\src\android\AOSP-openjdk\external\jetbrains\jdk\hotspot\src\share\vm\runtime\sharedRuntime.cpp, line 605]

Events (10 events):
Event: 6.458 Thread 0x0000000018edd800 DEOPT PACKING pc=0x0000000002a245d4 sp=0x000000001a6ec200
Event: 6.458 Thread 0x0000000018edd800 DEOPT UNPACKING pc=0x00000000027e556a sp=0x000000001a6ec1d0 mode 2
Event: 6.460 loading class org/gradle/cache/internal/CacheCoordinator
Event: 6.460 loading class org/gradle/cache/internal/CacheCoordinator done
Event: 6.463 loading class org/gradle/cache/internal/CacheInitializationAction
Event: 6.463 loading class org/gradle/cache/internal/CacheInitializationAction done
Event: 6.464 loading class org/gradle/cache/CacheOpenException
Event: 6.464 loading class org/gradle/cache/CacheOpenException done
Event: 6.470 loading class org/gradle/cache/internal/DefaultCacheAccess
Event: 6.470 loading class org/gradle/cache/internal/DefaultCacheAccess done


Dynamic libraries:
0x00007ff66f6b0000 - 0x00007ff66f6e1000 	D:\AndroidStudio\jre\bin\java.exe
0x00007ff80d740000 - 0x00007ff80d8ed000 	C:\windows\SYSTEM32\ntdll.dll
0x00007ff80cdd0000 - 0x00007ff80cf0e000 	C:\windows\system32\KERNEL32.DLL
0x00007ff80a660000 - 0x00007ff80a775000 	C:\windows\system32\KERNELBASE.dll
0x00007ff80b170000 - 0x00007ff80b21a000 	C:\windows\system32\ADVAPI32.dll
0x00007ff80d3b0000 - 0x00007ff80d527000 	C:\windows\system32\USER32.dll
0x00007ff8085e0000 - 0x00007ff80885b000 	C:\windows\WinSxS\amd64_microsoft.windows.common-controls_6595b64144ccf1df_6.0.9600.18006_none_623f33d3ecbe86e8\COMCTL32.dll
0x00007ff80d300000 - 0x00007ff80d3aa000 	C:\windows\system32\msvcrt.dll
0x00007ff80b5d0000 - 0x00007ff80b629000 	C:\windows\SYSTEM32\sechost.dll
0x00007ff80cf20000 - 0x00007ff80d060000 	C:\windows\system32\RPCRT4.dll
0x00007ff80b260000 - 0x00007ff80b3af000 	C:\windows\system32\GDI32.dll
0x00007ff80a8c0000 - 0x00007ff80a8ee000 	C:\windows\system32\SspiCli.dll
0x00007ff80b220000 - 0x00007ff80b256000 	C:\windows\system32\IMM32.DLL
0x00007ff80d1a0000 - 0x00007ff80d2f2000 	C:\windows\system32\MSCTF.dll
0x0000000054e90000 - 0x0000000054f62000 	D:\AndroidStudio\jre\jre\bin\msvcr100.dll
0x0000000053190000 - 0x00000000539cc000 	D:\AndroidStudio\jre\jre\bin\server\jvm.dll
0x00007fffdeae0000 - 0x00007fffdeae9000 	C:\windows\SYSTEM32\WSOCK32.dll
0x00007ff80a790000 - 0x00007ff80a7b2000 	C:\windows\system32\WINMM.dll
0x00007ff802e40000 - 0x00007ff802e4a000 	C:\windows\SYSTEM32\VERSION.dll
0x00007ff80af70000 - 0x00007ff80af77000 	C:\windows\system32\PSAPI.DLL
0x00007ff80aad0000 - 0x00007ff80ab2a000 	C:\windows\system32\WS2_32.dll
0x00007ff80a580000 - 0x00007ff80a5aa000 	C:\windows\system32\WINMMBASE.dll
0x00007ff80cf10000 - 0x00007ff80cf19000 	C:\windows\system32\NSI.dll
0x00007ff80a870000 - 0x00007ff80a8bf000 	C:\windows\SYSTEM32\cfgmgr32.dll
0x00007ff80a530000 - 0x00007ff80a558000 	C:\windows\system32\DEVOBJ.dll
0x00007ff805fa0000 - 0x00007ff805faf000 	D:\AndroidStudio\jre\jre\bin\verify.dll
0x00007ffff4e00000 - 0x00007ffff4e29000 	D:\AndroidStudio\jre\jre\bin\java.dll
0x00007fffff8d0000 - 0x00007fffff8e6000 	D:\AndroidStudio\jre\jre\bin\zip.dll
0x00007ff80b810000 - 0x00007ff80cd39000 	C:\windows\system32\SHELL32.dll
0x00007ff80b3b0000 - 0x00007ff80b5c1000 	C:\windows\SYSTEM32\combase.dll
0x00007ff80cd60000 - 0x00007ff80cdb4000 	C:\windows\system32\SHLWAPI.dll
0x00007ff808a90000 - 0x00007ff808b42000 	C:\windows\SYSTEM32\SHCORE.dll
0x00007ff80a480000 - 0x00007ff80a495000 	C:\windows\SYSTEM32\profapi.dll
0x00007ffff4e70000 - 0x00007ffff4e8a000 	D:\AndroidStudio\jre\jre\bin\net.dll
0x00007ff809d70000 - 0x00007ff809dc9000 	C:\windows\system32\mswsock.dll
0x00007ffff4de0000 - 0x00007ffff4df1000 	D:\AndroidStudio\jre\jre\bin\nio.dll
0x00007ffff4b70000 - 0x00007ffff4b8e000 	D:\AndroidStudio\gradle\gradle-3.3\native\23\windows-amd64\native-platform.dll
0x00007ff809dd0000 - 0x00007ff809df0000 	C:\windows\SYSTEM32\CRYPTSP.dll
0x00007ff8099d0000 - 0x00007ff809a06000 	C:\windows\system32\rsaenh.dll
0x00007ff80a020000 - 0x00007ff80a046000 	C:\windows\SYSTEM32\bcrypt.dll
0x00007ff809b00000 - 0x00007ff809b21000 	C:\windows\SYSTEM32\USERENV.dll
0x00007ff80a350000 - 0x00007ff80a3b3000 	C:\windows\system32\bcryptprimitives.dll
0x00007ff80a3c0000 - 0x00007ff80a3cb000 	C:\windows\SYSTEM32\CRYPTBASE.dll
0x00007ff8048c0000 - 0x00007ff8048ea000 	C:\windows\SYSTEM32\IPHLPAPI.DLL
0x00007ff804840000 - 0x00007ff80484a000 	C:\windows\SYSTEM32\WINNSI.DLL
0x00007ff804490000 - 0x00007ff8044a6000 	C:\windows\SYSTEM32\dhcpcsvc6.DLL
0x00007ff804410000 - 0x00007ff80442a000 	C:\windows\SYSTEM32\dhcpcsvc.DLL
0x00007ff804c20000 - 0x00007ff804c2d000 	D:\AndroidStudio\jre\jre\bin\management.dll

VM Arguments:
jvm_args: -Xmx1536m -Dfile.encoding=GBK -Duser.country=CN -Duser.language=zh -Duser.variant 
java_command: org.gradle.launcher.daemon.bootstrap.GradleDaemon 3.3
java_class_path (initial): D:\AndroidStudio\gradle\gradle-3.3\lib\gradle-launcher-3.3.jar
Launcher Type: SUN_STANDARD

Environment Variables:
JAVA_HOME=D:\Program Files\Java\jdk1.8.0_60
CLASSPATH=.
PATH=D:\Program Files\Java\jdk1.8.0_60\bin;C:\Program Files (x86)\Lenovo\FusionEngine;C:\Program Files (x86)\Intel\iCLS Client\;C:\Program Files\Intel\iCLS Client\;C:\windows\system32;C:\windows;C:\windows\System32\Wbem;C:\windows\System32\WindowsPowerShell\v1.0\;C:\Program Files (x86)\ATI Technologies\ATI.ACE\Core-Static;C:\Program Files\Intel\Intel(R) Management Engine Components\DAL;C:\Program Files (x86)\Intel\Intel(R) Management Engine Components\DAL;C:\Program Files\Intel\Intel(R) Management Engine Components\IPT;C:\Program Files (x86)\Intel\Intel(R) Management Engine Components\IPT;C:\Program Files (x86)\Common Files\lenovo\easyplussdk\bin;C:\Program Files (x86)\Microsoft SQL Server\100\Tools\Binn\;C:\Program Files\Microsoft SQL Server\100\Tools\Binn\;C:\Program Files\Microsoft SQL Server\100\DTS\Binn\;C:\Program Files (x86)\Microsoft SQL Server\100\Tools\Binn\VSShell\Common7\IDE\;C:\Program Files (x86)\Microsoft SQL Server\100\DTS\Binn\;C:\Program Files (x86)\Microsoft Visual Studio 9.0\Common7\IDE\PrivateAssemblies\;C:\Program Files\Microsoft SQL Server\110\DTS\Binn\;C:\Program Files (x86)\Microsoft SQL Server\110\Tools\Binn\;C:\Program Files\Microsoft SQL Server\110\Tools\Binn\;C:\Program Files (x86)\Microsoft SQL Server\110\Tools\Binn\ManagementStudio\;C:\Program Files (x86)\Microsoft Visual Studio 10.0\Common7\IDE\PrivateAssemblies\;C:\Program Files (x86)\Microsoft SQL Server\110\DTS\Binn\;D:\mysql\mysql-5.7.18-winx64\bin;D:\Git\cmd;D:\Android_sdk\build-tools;D:\Android_sdk\tools;
USERNAME=lenovo
OS=Windows_NT
PROCESSOR_IDENTIFIER=Intel64 Family 6 Model 61 Stepping 4, GenuineIntel



---------------  S Y S T E M  ---------------

OS: Windows 8.1 , 64 bit Build 9600 (6.3.9600.17415)

CPU:total 4 (2 cores per cpu, 2 threads per core) family 6 model 61 stepping 4, cmov, cx8, fxsr, mmx, sse, sse2, sse3, ssse3, sse4.1, sse4.2, popcnt, avx, avx2, aes, clmul, erms, 3dnowpref, lzcnt, ht, tsc, tscinvbit, bmi1, bmi2, adx

Memory: 4k page, physical 8301656k(2014664k free), swap 8301656k(4916k free)

vm_info: OpenJDK 64-Bit Server VM (25.112-b06) for windows-amd64 JRE (1.8.0_112-release-b06), built on Dec  8 2016 00:54:26 by "builder" with MS VC++ 10.0 (VS2010)

time: Thu Aug 24 15:24:52 2017
elapsed time: 6 seconds (0d 0h 0m 6s)

