#
# There is insufficient memory for the Java Runtime Environment to continue.
# Native memory allocation (malloc) failed to allocate 32744 bytes for ChunkPool::allocate
# Possible reasons:
#   The system is out of physical RAM or swap space
#   In 32 bit mode, the process size limit was hit
# Possible solutions:
#   Reduce memory load on the system
#   Increase physical memory or swap space
#   Check if swap backing store is full
#   Use 64 bit Java on a 64 bit OS
#   Decrease Java heap size (-Xmx/-Xms)
#   Decrease number of Java threads
#   Decrease Java thread stack sizes (-Xss)
#   Set larger code cache with -XX:ReservedCodeCacheSize=
# This output file may be truncated or incomplete.
#
#  Out of Memory Error (allocation.cpp:273), pid=9648, tid=0x000000000000034c
#
# JRE version: OpenJDK Runtime Environment (8.0_112-b06) (build 1.8.0_112-release-b06)
# Java VM: OpenJDK 64-Bit Server VM (25.112-b06 mixed mode windows-amd64 compressed oops)
# Failed to write core dump. Minidumps are not enabled by default on client versions of Windows
#

---------------  T H R E A D  ---------------

Current thread (0x0000000017a49000):  JavaThread "C2 CompilerThread1" daemon [_thread_in_native, id=844, stack(0x0000000018140000,0x0000000018240000)]

Stack: [0x0000000018140000,0x0000000018240000]
[error occurred during error reporting (printing stack bounds), id 0xc0000005]

Native frames: (J=compiled Java code, j=interpreted, Vv=VM code, C=native code)


Current CompileTask:
C2:   9229 1354       4       java.net.URLClassLoader$1::run (5 bytes)


---------------  P R O C E S S  ---------------

Java Threads: ( => current thread )
  0x00000000193dc000 JavaThread "File lock request listener" [_thread_in_native, id=7804, stack(0x000000001be80000,0x000000001bf80000)]
  0x000000001895c000 JavaThread "Stdin handler" [_thread_blocked, id=7868, stack(0x000000001bb80000,0x000000001bc80000)]
  0x0000000019ece000 JavaThread "Asynchronous log dispatcher for DefaultDaemonConnection: socket connection from /127.0.0.1:53824 to /127.0.0.1:53827" [_thread_blocked, id=6312, stack(0x000000001ba80000,0x000000001bb80000)]
  0x0000000019fc1000 JavaThread "Daemon worker" [_thread_in_Java, id=5256, stack(0x000000001b980000,0x000000001ba80000)]
  0x0000000019fbd800 JavaThread "Cancel handler" [_thread_blocked, id=5616, stack(0x000000001b880000,0x000000001b980000)]
  0x0000000017b27000 JavaThread "pool-1-thread-1" [_thread_blocked, id=8840, stack(0x000000001b780000,0x000000001b880000)]
  0x0000000017be2000 JavaThread "Handler for socket connection from /127.0.0.1:53824 to /127.0.0.1:53827" [_thread_in_native, id=7744, stack(0x000000001b680000,0x000000001b780000)]
  0x0000000019f48800 JavaThread "Daemon" [_thread_blocked, id=5840, stack(0x000000001b580000,0x000000001b680000)]
  0x0000000019225800 JavaThread "Incoming local TCP Connector on port 53824" [_thread_in_native, id=8260, stack(0x000000001af00000,0x000000001b000000)]
  0x0000000017a7b000 JavaThread "Service Thread" daemon [_thread_blocked, id=6488, stack(0x0000000018340000,0x0000000018440000)]
  0x0000000017a4c800 JavaThread "C1 CompilerThread2" daemon [_thread_blocked, id=5676, stack(0x0000000018240000,0x0000000018340000)]
=>0x0000000017a49000 JavaThread "C2 CompilerThread1" daemon [_thread_in_native, id=844, stack(0x0000000018140000,0x0000000018240000)]
  0x00000000166ee800 JavaThread "C2 CompilerThread0" daemon [_thread_in_native, id=8220, stack(0x0000000018040000,0x0000000018140000)]
  0x00000000166ed000 JavaThread "Attach Listener" daemon [_thread_blocked, id=5736, stack(0x0000000017f40000,0x0000000018040000)]
  0x0000000017a48800 JavaThread "Signal Dispatcher" daemon [_thread_blocked, id=4276, stack(0x0000000017e40000,0x0000000017f40000)]
  0x0000000002d6c000 JavaThread "Finalizer" daemon [_thread_blocked, id=6220, stack(0x0000000017940000,0x0000000017a40000)]
  0x0000000002d61800 JavaThread "Reference Handler" daemon [_thread_blocked, id=3068, stack(0x0000000017840000,0x0000000017940000)]
  0x0000000002c70800 JavaThread "main" [_thread_blocked, id=8928, stack(0x0000000002860000,0x0000000002960000)]

Other Threads:
  0x00000000166a4800 VMThread [stack: 0x0000000017740000,0x0000000017840000] [id=1228]
  0x0000000017a7b800 WatcherThread [stack: 0x0000000018440000,0x0000000018540000] [id=6896]

VM state:not at safepoint (normal execution)

VM Mutex/Monitor currently owned by a thread: None

Heap:
 PSYoungGen      total 38400K, used 31439K [0x00000000e0000000, 0x00000000e2a80000, 0x0000000100000000)
  eden space 33280K, 79% used [0x00000000e0000000,0x00000000e19b7900,0x00000000e2080000)
  from space 5120K, 99% used [0x00000000e2580000,0x00000000e2a7c5b8,0x00000000e2a80000)
  to   space 5120K, 0% used [0x00000000e2080000,0x00000000e2080000,0x00000000e2580000)
 ParOldGen       total 87552K, used 1220K [0x00000000a0000000, 0x00000000a5580000, 0x00000000e0000000)
  object space 87552K, 1% used [0x00000000a0000000,0x00000000a0131360,0x00000000a5580000)
 Metaspace       used 16497K, capacity 16930K, committed 17024K, reserved 1064960K
  class space    used 2291K, capacity 2432K, committed 2432K, reserved 1048576K

Card table byte_map: [0x0000000012130000,0x0000000012440000] byte_map_base: 0x0000000011c30000

Marking Bits: (ParMarkBitMap*) 0x00000000539518f0
 Begin Bits: [0x0000000012a40000, 0x0000000014240000)
 End Bits:   [0x0000000014240000, 0x0000000015a40000)

Polling page: 0x0000000001050000

CodeCache: size=245760Kb used=5070Kb max_used=5073Kb free=240689Kb
 bounds [0x0000000002d70000, 0x0000000003270000, 0x0000000011d70000]
 total_blobs=1850 nmethods=1455 adapters=308
 compilation: enabled

Compilation events (10 events):
Event: 9.168 Thread 0x00000000166ee800 1457       4       sun.reflect.generics.parser.SignatureParser::advance (37 bytes)
Event: 9.169 Thread 0x0000000017a4c800 nmethod 1455 0x0000000003261150 code [0x00000000032612e0, 0x0000000003261768]
Event: 9.169 Thread 0x00000000166ee800 nmethod 1457 0x0000000003242210 code [0x0000000003242340, 0x0000000003242398]
Event: 9.169 Thread 0x00000000166ee800 1458       4       java.lang.CharacterDataLatin1::isWhitespace (23 bytes)
Event: 9.169 Thread 0x0000000017a4c800 1456       3       java.util.LinkedList$ListItr::remove (84 bytes)
Event: 9.171 Thread 0x0000000017a4c800 nmethod 1456 0x0000000003260850 code [0x0000000003260a00, 0x0000000003260f28]
Event: 9.171 Thread 0x00000000166ee800 nmethod 1458 0x000000000325c650 code [0x000000000325c780, 0x000000000325c818]
Event: 9.171 Thread 0x00000000166ee800 1460   !   4       java.net.URLClassLoader$1::run (63 bytes)
Event: 9.171 Thread 0x0000000017a4c800 1459       3       org.gradle.internal.service.DefaultServiceRegistry$FactoryMethodService::<init> (25 bytes)
Event: 9.176 Thread 0x0000000017a4c800 nmethod 1459 0x0000000003266990 code [0x0000000003266c00, 0x0000000003267e88]

GC Heap History (4 events):
Event: 3.776 GC heap before
{Heap before GC invocations=1 (full 0):
 PSYoungGen      total 38400K, used 33280K [0x00000000e0000000, 0x00000000e2a80000, 0x0000000100000000)
  eden space 33280K, 100% used [0x00000000e0000000,0x00000000e2080000,0x00000000e2080000)
  from space 5120K, 0% used [0x00000000e2580000,0x00000000e2580000,0x00000000e2a80000)
  to   space 5120K, 0% used [0x00000000e2080000,0x00000000e2080000,0x00000000e2580000)
 ParOldGen       total 87552K, used 0K [0x00000000a0000000, 0x00000000a5580000, 0x00000000e0000000)
  object space 87552K, 0% used [0x00000000a0000000,0x00000000a0000000,0x00000000a5580000)
 Metaspace       used 6947K, capacity 7200K, committed 7424K, reserved 1056768K
  class space    used 850K, capacity 932K, committed 1024K, reserved 1048576K
Event: 3.812 GC heap after
Heap after GC invocations=1 (full 0):
 PSYoungGen      total 38400K, used 4929K [0x00000000e0000000, 0x00000000e2a80000, 0x0000000100000000)
  eden space 33280K, 0% used [0x00000000e0000000,0x00000000e0000000,0x00000000e2080000)
  from space 5120K, 96% used [0x00000000e2080000,0x00000000e2550628,0x00000000e2580000)
  to   space 5120K, 0% used [0x00000000e2580000,0x00000000e2580000,0x00000000e2a80000)
 ParOldGen       total 87552K, used 8K [0x00000000a0000000, 0x00000000a5580000, 0x00000000e0000000)
  object space 87552K, 0% used [0x00000000a0000000,0x00000000a0002000,0x00000000a5580000)
 Metaspace       used 6947K, capacity 7200K, committed 7424K, reserved 1056768K
  class space    used 850K, capacity 932K, committed 1024K, reserved 1048576K
}
Event: 7.241 GC heap before
{Heap before GC invocations=2 (full 0):
 PSYoungGen      total 38400K, used 38209K [0x00000000e0000000, 0x00000000e2a80000, 0x0000000100000000)
  eden space 33280K, 100% used [0x00000000e0000000,0x00000000e2080000,0x00000000e2080000)
  from space 5120K, 96% used [0x00000000e2080000,0x00000000e2550628,0x00000000e2580000)
  to   space 5120K, 0% used [0x00000000e2580000,0x00000000e2580000,0x00000000e2a80000)
 ParOldGen       total 87552K, used 8K [0x00000000a0000000, 0x00000000a5580000, 0x00000000e0000000)
  object space 87552K, 0% used [0x00000000a0000000,0x00000000a0002000,0x00000000a5580000)
 Metaspace       used 13486K, capacity 13830K, committed 14080K, reserved 1060864K
  class space    used 1805K, capacity 1938K, committed 2048K, reserved 1048576K
Event: 7.262 GC heap after
Heap after GC invocations=2 (full 0):
 PSYoungGen      total 38400K, used 5105K [0x00000000e0000000, 0x00000000e2a80000, 0x0000000100000000)
  eden space 33280K, 0% used [0x00000000e0000000,0x00000000e0000000,0x00000000e2080000)
  from space 5120K, 99% used [0x00000000e2580000,0x00000000e2a7c5b8,0x00000000e2a80000)
  to   space 5120K, 0% used [0x00000000e2080000,0x00000000e2080000,0x00000000e2580000)
 ParOldGen       total 87552K, used 1220K [0x00000000a0000000, 0x00000000a5580000, 0x00000000e0000000)
  object space 87552K, 1% used [0x00000000a0000000,0x00000000a0131360,0x00000000a5580000)
 Metaspace       used 13486K, capacity 13830K, committed 14080K, reserved 1060864K
  class space    used 1805K, capacity 1938K, committed 2048K, reserved 1048576K
}

Deoptimization events (10 events):
Event: 6.974 Thread 0x0000000019fc1000 Uncommon trap: reason=bimorphic action=maybe_recompile pc=0x000000000310eeb0 method=java.util.HashMap.putVal(ILjava/lang/Object;Ljava/lang/Object;ZZ)Ljava/lang/Object; @ 253
Event: 6.975 Thread 0x0000000019fc1000 Uncommon trap: reason=bimorphic action=maybe_recompile pc=0x000000000310eeb0 method=java.util.HashMap.putVal(ILjava/lang/Object;Ljava/lang/Object;ZZ)Ljava/lang/Object; @ 253
Event: 6.975 Thread 0x0000000019fc1000 Uncommon trap: reason=bimorphic action=maybe_recompile pc=0x0000000003109020 method=java.util.HashMap.putVal(ILjava/lang/Object;Ljava/lang/Object;ZZ)Ljava/lang/Object; @ 253
Event: 7.527 Thread 0x0000000019fc1000 Uncommon trap: reason=class_check action=maybe_recompile pc=0x0000000002fe5720 method=java.util.regex.Matcher.match(II)Z @ 86
Event: 7.532 Thread 0x0000000019fc1000 Uncommon trap: reason=class_check action=maybe_recompile pc=0x0000000002fe5720 method=java.util.regex.Matcher.match(II)Z @ 86
Event: 7.959 Thread 0x0000000019fc1000 Uncommon trap: reason=bimorphic action=maybe_recompile pc=0x000000000303a1d4 method=java.util.HashMap.putVal(ILjava/lang/Object;Ljava/lang/Object;ZZ)Ljava/lang/Object; @ 91
Event: 8.892 Thread 0x0000000019fc1000 Uncommon trap: reason=bimorphic action=maybe_recompile pc=0x00000000031e2824 method=java.lang.ClassLoader.loadClass(Ljava/lang/String;Z)Ljava/lang/Class; @ 38
Event: 8.925 Thread 0x0000000019fc1000 Uncommon trap: reason=bimorphic action=maybe_recompile pc=0x00000000031e2824 method=java.lang.ClassLoader.loadClass(Ljava/lang/String;Z)Ljava/lang/Class; @ 38
Event: 8.926 Thread 0x0000000019fc1000 Uncommon trap: reason=bimorphic action=maybe_recompile pc=0x00000000031e2824 method=java.lang.ClassLoader.loadClass(Ljava/lang/String;Z)Ljava/lang/Class; @ 38
Event: 8.927 Thread 0x0000000019fc1000 Uncommon trap: reason=bimorphic action=maybe_recompile pc=0x00000000031e2824 method=java.lang.ClassLoader.loadClass(Ljava/lang/String;Z)Ljava/lang/Class; @ 38

Internal exceptions (10 events):
Event: 7.095 Thread 0x0000000019fc1000 Exception <a 'java/lang/ArrayIndexOutOfBoundsException'> (0x00000000e19b53f0) thrown at [C:\src\android\AOSP-openjdk\external\jetbrains\jdk\hotspot\src\share\vm\runtime\sharedRuntime.cpp, line 605]
Event: 8.381 Thread 0x0000000019fc1000 Exception <a 'java/lang/NoSuchMethodError': <clinit>> (0x00000000e1552400) thrown at [C:\src\android\AOSP-openjdk\external\jetbrains\jdk\hotspot\src\share\vm\prims\jni.cpp, line 1613]
Event: 8.383 Thread 0x0000000019fc1000 Exception <a 'java/lang/NoSuchMethodError': <clinit>> (0x00000000e1554bd0) thrown at [C:\src\android\AOSP-openjdk\external\jetbrains\jdk\hotspot\src\share\vm\prims\jni.cpp, line 1613]
Event: 8.387 Thread 0x0000000019fc1000 Exception <a 'java/lang/NoSuchMethodError': <clinit>> (0x00000000e1560eb0) thrown at [C:\src\android\AOSP-openjdk\external\jetbrains\jdk\hotspot\src\share\vm\prims\jni.cpp, line 1613]
Event: 8.389 Thread 0x0000000019fc1000 Exception <a 'java/lang/NoSuchMethodError': <clinit>> (0x00000000e156b320) thrown at [C:\src\android\AOSP-openjdk\external\jetbrains\jdk\hotspot\src\share\vm\prims\jni.cpp, line 1613]
Event: 8.933 Thread 0x0000000019fc1000 Exception <a 'java/lang/NoSuchMethodError': <clinit>> (0x00000000e1697e48) thrown at [C:\src\android\AOSP-openjdk\external\jetbrains\jdk\hotspot\src\share\vm\prims\jni.cpp, line 1613]
Event: 9.045 Thread 0x0000000019fc1000 Exception <a 'java/lang/NoSuchMethodError': <clinit>> (0x00000000e16dd370) thrown at [C:\src\android\AOSP-openjdk\external\jetbrains\jdk\hotspot\src\share\vm\prims\jni.cpp, line 1613]
Event: 9.099 Thread 0x0000000019fc1000 Exception <a 'java/lang/NoSuchMethodError': <clinit>> (0x00000000e1704f80) thrown at [C:\src\android\AOSP-openjdk\external\jetbrains\jdk\hotspot\src\share\vm\prims\jni.cpp, line 1613]
Event: 9.103 Thread 0x0000000019fc1000 Exception <a 'java/lang/NoSuchMethodError': <clinit>> (0x00000000e1716ce0) thrown at [C:\src\android\AOSP-openjdk\external\jetbrains\jdk\hotspot\src\share\vm\prims\jni.cpp, line 1613]
Event: 9.105 Thread 0x0000000019fc1000 Exception <a 'java/lang/NoSuchMethodError': <clinit>> (0x00000000e17217c8) thrown at [C:\src\android\AOSP-openjdk\external\jetbrains\jdk\hotspot\src\share\vm\prims\jni.cpp, line 1613]

Events (10 events):
Event: 9.216 loading class org/gradle/groovy/scripts/internal/SubsetScriptTransformer
Event: 9.216 loading class org/gradle/groovy/scripts/internal/SubsetScriptTransformer done
Event: 9.217 loading class org/gradle/groovy/scripts/internal/AbstractScriptTransformer
Event: 9.217 loading class org/gradle/groovy/scripts/internal/AbstractScriptTransformer done
Event: 9.217 loading class org/codehaus/groovy/control/CompilationUnit$SourceUnitOperation
Event: 9.217 loading class org/codehaus/groovy/control/CompilationUnit$SourceUnitOperation done
Event: 9.219 loading class com/google/common/collect/Interners$WeakInterner$Dummy
Event: 9.219 loading class com/google/common/collect/Interners$WeakInterner$Dummy done
Event: 9.223 loading class com/google/common/collect/MapMakerInternalMap$WeakEntry
Event: 9.223 loading class com/google/common/collect/MapMakerInternalMap$WeakEntry done


Dynamic libraries:
0x00007ff6f5cd0000 - 0x00007ff6f5d01000 	D:\AndroidStudio\jre\bin\java.exe
0x00007ff80d740000 - 0x00007ff80d8ed000 	C:\windows\SYSTEM32\ntdll.dll
0x00007ff80cdd0000 - 0x00007ff80cf0e000 	C:\windows\system32\KERNEL32.DLL
0x00007ff80a660000 - 0x00007ff80a775000 	C:\windows\system32\KERNELBASE.dll
0x00007ff80b170000 - 0x00007ff80b21a000 	C:\windows\system32\ADVAPI32.dll
0x00007ff80d3b0000 - 0x00007ff80d527000 	C:\windows\system32\USER32.dll
0x00007ff8085e0000 - 0x00007ff80885b000 	C:\windows\WinSxS\amd64_microsoft.windows.common-controls_6595b64144ccf1df_6.0.9600.18006_none_623f33d3ecbe86e8\COMCTL32.dll
0x00007ff80d300000 - 0x00007ff80d3aa000 	C:\windows\system32\msvcrt.dll
0x00007ff80b5d0000 - 0x00007ff80b629000 	C:\windows\SYSTEM32\sechost.dll
0x00007ff80cf20000 - 0x00007ff80d060000 	C:\windows\system32\RPCRT4.dll
0x00007ff80b260000 - 0x00007ff80b3af000 	C:\windows\system32\GDI32.dll
0x00007ff80a8c0000 - 0x00007ff80a8ee000 	C:\windows\system32\SspiCli.dll
0x00007ff80b220000 - 0x00007ff80b256000 	C:\windows\system32\IMM32.DLL
0x00007ff80d1a0000 - 0x00007ff80d2f2000 	C:\windows\system32\MSCTF.dll
0x0000000054e90000 - 0x0000000054f62000 	D:\AndroidStudio\jre\jre\bin\msvcr100.dll
0x0000000053190000 - 0x00000000539cc000 	D:\AndroidStudio\jre\jre\bin\server\jvm.dll
0x00007fffdeae0000 - 0x00007fffdeae9000 	C:\windows\SYSTEM32\WSOCK32.dll
0x00007ff80a790000 - 0x00007ff80a7b2000 	C:\windows\system32\WINMM.dll
0x00007ff802e40000 - 0x00007ff802e4a000 	C:\windows\SYSTEM32\VERSION.dll
0x00007ff80af70000 - 0x00007ff80af77000 	C:\windows\system32\PSAPI.DLL
0x00007ff80aad0000 - 0x00007ff80ab2a000 	C:\windows\system32\WS2_32.dll
0x00007ff80a580000 - 0x00007ff80a5aa000 	C:\windows\system32\WINMMBASE.dll
0x00007ff80cf10000 - 0x00007ff80cf19000 	C:\windows\system32\NSI.dll
0x00007ff80a870000 - 0x00007ff80a8bf000 	C:\windows\SYSTEM32\cfgmgr32.dll
0x00007ff80a530000 - 0x00007ff80a558000 	C:\windows\system32\DEVOBJ.dll
0x00007ff805fa0000 - 0x00007ff805faf000 	D:\AndroidStudio\jre\jre\bin\verify.dll
0x00007ffff4e00000 - 0x00007ffff4e29000 	D:\AndroidStudio\jre\jre\bin\java.dll
0x00007fffff8d0000 - 0x00007fffff8e6000 	D:\AndroidStudio\jre\jre\bin\zip.dll
0x00007ff80b810000 - 0x00007ff80cd39000 	C:\windows\system32\SHELL32.dll
0x00007ff80b3b0000 - 0x00007ff80b5c1000 	C:\windows\SYSTEM32\combase.dll
0x00007ff80cd60000 - 0x00007ff80cdb4000 	C:\windows\system32\SHLWAPI.dll
0x00007ff808a90000 - 0x00007ff808b42000 	C:\windows\SYSTEM32\SHCORE.dll
0x00007ff80a480000 - 0x00007ff80a495000 	C:\windows\SYSTEM32\profapi.dll
0x00007ffff4e70000 - 0x00007ffff4e8a000 	D:\AndroidStudio\jre\jre\bin\net.dll
0x00007ff809d70000 - 0x00007ff809dc9000 	C:\windows\system32\mswsock.dll
0x00007ffff4de0000 - 0x00007ffff4df1000 	D:\AndroidStudio\jre\jre\bin\nio.dll
0x00007ffff4b70000 - 0x00007ffff4b8e000 	D:\AndroidStudio\gradle\gradle-3.3\native\23\windows-amd64\native-platform.dll
0x00007ff809dd0000 - 0x00007ff809df0000 	C:\windows\SYSTEM32\CRYPTSP.dll
0x00007ff8099d0000 - 0x00007ff809a06000 	C:\windows\system32\rsaenh.dll
0x00007ff80a020000 - 0x00007ff80a046000 	C:\windows\SYSTEM32\bcrypt.dll
0x00007ff809b00000 - 0x00007ff809b21000 	C:\windows\SYSTEM32\USERENV.dll
0x00007ff80a350000 - 0x00007ff80a3b3000 	C:\windows\system32\bcryptprimitives.dll
0x00007ff80a3c0000 - 0x00007ff80a3cb000 	C:\windows\SYSTEM32\CRYPTBASE.dll
0x00007ff8048c0000 - 0x00007ff8048ea000 	C:\windows\SYSTEM32\IPHLPAPI.DLL
0x00007ff804840000 - 0x00007ff80484a000 	C:\windows\SYSTEM32\WINNSI.DLL
0x00007ff804490000 - 0x00007ff8044a6000 	C:\windows\SYSTEM32\dhcpcsvc6.DLL
0x00007ff804410000 - 0x00007ff80442a000 	C:\windows\SYSTEM32\dhcpcsvc.DLL
0x00007ff804c20000 - 0x00007ff804c2d000 	D:\AndroidStudio\jre\jre\bin\management.dll

VM Arguments:
jvm_args: -Xmx1536m -Dfile.encoding=GBK -Duser.country=CN -Duser.language=zh -Duser.variant 
java_command: org.gradle.launcher.daemon.bootstrap.GradleDaemon 3.3
java_class_path (initial): D:\AndroidStudio\gradle\gradle-3.3\lib\gradle-launcher-3.3.jar
Launcher Type: SUN_STANDARD

Environment Variables:
JAVA_HOME=D:\Program Files\Java\jdk1.8.0_60
CLASSPATH=.
PATH=D:\Program Files\Java\jdk1.8.0_60\bin;C:\Program Files (x86)\Lenovo\FusionEngine;C:\Program Files (x86)\Intel\iCLS Client\;C:\Program Files\Intel\iCLS Client\;C:\windows\system32;C:\windows;C:\windows\System32\Wbem;C:\windows\System32\WindowsPowerShell\v1.0\;C:\Program Files (x86)\ATI Technologies\ATI.ACE\Core-Static;C:\Program Files\Intel\Intel(R) Management Engine Components\DAL;C:\Program Files (x86)\Intel\Intel(R) Management Engine Components\DAL;C:\Program Files\Intel\Intel(R) Management Engine Components\IPT;C:\Program Files (x86)\Intel\Intel(R) Management Engine Components\IPT;C:\Program Files (x86)\Common Files\lenovo\easyplussdk\bin;C:\Program Files (x86)\Microsoft SQL Server\100\Tools\Binn\;C:\Program Files\Microsoft SQL Server\100\Tools\Binn\;C:\Program Files\Microsoft SQL Server\100\DTS\Binn\;C:\Program Files (x86)\Microsoft SQL Server\100\Tools\Binn\VSShell\Common7\IDE\;C:\Program Files (x86)\Microsoft SQL Server\100\DTS\Binn\;C:\Program Files (x86)\Microsoft Visual Studio 9.0\Common7\IDE\PrivateAssemblies\;C:\Program Files\Microsoft SQL Server\110\DTS\Binn\;C:\Program Files (x86)\Microsoft SQL Server\110\Tools\Binn\;C:\Program Files\Microsoft SQL Server\110\Tools\Binn\;C:\Program Files (x86)\Microsoft SQL Server\110\Tools\Binn\ManagementStudio\;C:\Program Files (x86)\Microsoft Visual Studio 10.0\Common7\IDE\PrivateAssemblies\;C:\Program Files (x86)\Microsoft SQL Server\110\DTS\Binn\;D:\mysql\mysql-5.7.18-winx64\bin;D:\Git\cmd;D:\Android_sdk\build-tools;D:\Android_sdk\tools;
USERNAME=lenovo
OS=Windows_NT
PROCESSOR_IDENTIFIER=Intel64 Family 6 Model 61 Stepping 4, GenuineIntel



---------------  S Y S T E M  ---------------

OS: Windows 8.1 , 64 bit Build 9600 (6.3.9600.17415)

CPU:total 4 (2 cores per cpu, 2 threads per core) family 6 model 61 stepping 4, cmov, cx8, fxsr, mmx, sse, sse2, sse3, ssse3, sse4.1, sse4.2, popcnt, avx, avx2, aes, clmul, erms, 3dnowpref, lzcnt, ht, tsc, tscinvbit, bmi1, bmi2, adx

Memory: 4k page, physical 8301656k(2034280k free), swap 8301656k(5120k free)

vm_info: OpenJDK 64-Bit Server VM (25.112-b06) for windows-amd64 JRE (1.8.0_112-release-b06), built on Dec  8 2016 00:54:26 by "builder" with MS VC++ 10.0 (VS2010)

time: Thu Aug 24 15:24:03 2017
elapsed time: 9 seconds (0d 0h 0m 9s)

