#
# There is insufficient memory for the Java Runtime Environment to continue.
# Native memory allocation (malloc) failed to allocate 32744 bytes for ChunkPool::allocate
# Possible reasons:
#   The system is out of physical RAM or swap space
#   In 32 bit mode, the process size limit was hit
# Possible solutions:
#   Reduce memory load on the system
#   Increase physical memory or swap space
#   Check if swap backing store is full
#   Use 64 bit Java on a 64 bit OS
#   Decrease Java heap size (-Xmx/-Xms)
#   Decrease number of Java threads
#   Decrease Java thread stack sizes (-Xss)
#   Set larger code cache with -XX:ReservedCodeCacheSize=
# This output file may be truncated or incomplete.
#
#  Out of Memory Error (allocation.cpp:273), pid=7504, tid=0x000000000000236c
#
# JRE version: OpenJDK Runtime Environment (8.0_112-b06) (build 1.8.0_112-release-b06)
# Java VM: OpenJDK 64-Bit Server VM (25.112-b06 mixed mode windows-amd64 compressed oops)
# Failed to write core dump. Minidumps are not enabled by default on client versions of Windows
#

---------------  T H R E A D  ---------------

Current thread (0x0000000017393000):  JavaThread "C2 CompilerThread1" daemon [_thread_in_native, id=9068, stack(0x0000000017a40000,0x0000000017b40000)]

Stack: [0x0000000017a40000,0x0000000017b40000]
[error occurred during error reporting (printing stack bounds), id 0xc0000005]

Native frames: (J=compiled Java code, j=interpreted, Vv=VM code, C=native code)


Current CompileTask:
C2:   6416 1336       4       java.net.URLClassLoader$1::run (5 bytes)


---------------  P R O C E S S  ---------------

Java Threads: ( => current thread )
  0x0000000019c59800 JavaThread "File lock request listener" [_thread_in_native, id=6724, stack(0x000000001c730000,0x000000001c830000)]
  0x00000000187cc800 JavaThread "Stdin handler" [_thread_blocked, id=9692, stack(0x000000001b460000,0x000000001b560000)]
  0x0000000018f06000 JavaThread "Asynchronous log dispatcher for DefaultDaemonConnection: socket connection from /127.0.0.1:53281 to /127.0.0.1:53282" [_thread_blocked, id=9600, stack(0x000000001b360000,0x000000001b460000)]
  0x0000000018f14800 JavaThread "Daemon worker" [_thread_in_Java, id=8296, stack(0x000000001b260000,0x000000001b360000)]
  0x00000000187d1000 JavaThread "Cancel handler" [_thread_blocked, id=1068, stack(0x000000001b160000,0x000000001b260000)]
  0x0000000018f1d000 JavaThread "pool-1-thread-1" [_thread_blocked, id=6876, stack(0x000000001b060000,0x000000001b160000)]
  0x000000001961b000 JavaThread "Handler for socket connection from /127.0.0.1:53281 to /127.0.0.1:53282" [_thread_in_native, id=5988, stack(0x000000001af60000,0x000000001b060000)]
  0x0000000019614000 JavaThread "Daemon" [_thread_blocked, id=9212, stack(0x000000001ae60000,0x000000001af60000)]
  0x0000000018a56000 JavaThread "Incoming local TCP Connector on port 53281" [_thread_in_native, id=5176, stack(0x000000001a7e0000,0x000000001a8e0000)]
  0x00000000173a4800 JavaThread "Service Thread" daemon [_thread_blocked, id=7104, stack(0x0000000017c40000,0x0000000017d40000)]
  0x0000000017399800 JavaThread "C1 CompilerThread2" daemon [_thread_blocked, id=7800, stack(0x0000000017b40000,0x0000000017c40000)]
=>0x0000000017393000 JavaThread "C2 CompilerThread1" daemon [_thread_in_native, id=9068, stack(0x0000000017a40000,0x0000000017b40000)]
  0x0000000015fde000 JavaThread "C2 CompilerThread0" daemon [_thread_in_native, id=2392, stack(0x0000000017940000,0x0000000017a40000)]
  0x0000000015fdc800 JavaThread "Attach Listener" daemon [_thread_blocked, id=2476, stack(0x0000000017840000,0x0000000017940000)]
  0x0000000017348800 JavaThread "Signal Dispatcher" daemon [_thread_blocked, id=4820, stack(0x0000000017740000,0x0000000017840000)]
  0x000000000265b000 JavaThread "Finalizer" daemon [_thread_blocked, id=4388, stack(0x0000000017240000,0x0000000017340000)]
  0x0000000002652000 JavaThread "Reference Handler" daemon [_thread_blocked, id=8476, stack(0x0000000017140000,0x0000000017240000)]
  0x0000000002560800 JavaThread "main" [_thread_blocked, id=6612, stack(0x0000000002460000,0x0000000002560000)]

Other Threads:
  0x0000000015f95000 VMThread [stack: 0x0000000017040000,0x0000000017140000] [id=5428]
  0x00000000173a5800 WatcherThread [stack: 0x0000000017d40000,0x0000000017e40000] [id=4416]

VM state:not at safepoint (normal execution)

VM Mutex/Monitor currently owned by a thread: None

Heap:
 PSYoungGen      total 38400K, used 28076K [0x00000000e0000000, 0x00000000e2a80000, 0x0000000100000000)
  eden space 33280K, 68% used [0x00000000e0000000,0x00000000e166c490,0x00000000e2080000)
  from space 5120K, 99% used [0x00000000e2580000,0x00000000e2a7eb98,0x00000000e2a80000)
  to   space 5120K, 0% used [0x00000000e2080000,0x00000000e2080000,0x00000000e2580000)
 ParOldGen       total 87552K, used 1251K [0x00000000a0000000, 0x00000000a5580000, 0x00000000e0000000)
  object space 87552K, 1% used [0x00000000a0000000,0x00000000a0138db8,0x00000000a5580000)
 Metaspace       used 16139K, capacity 16418K, committed 16768K, reserved 1062912K
  class space    used 2228K, capacity 2326K, committed 2432K, reserved 1048576K

Card table byte_map: [0x0000000011a20000,0x0000000011d30000] byte_map_base: 0x0000000011520000

Marking Bits: (ParMarkBitMap*) 0x00000000539518f0
 Begin Bits: [0x0000000012330000, 0x0000000013b30000)
 End Bits:   [0x0000000013b30000, 0x0000000015330000)

Polling page: 0x0000000000760000

CodeCache: size=245760Kb used=5017Kb max_used=5017Kb free=240742Kb
 bounds [0x0000000002660000, 0x0000000002b50000, 0x0000000011660000]
 total_blobs=1800 nmethods=1407 adapters=306
 compilation: enabled

Compilation events (10 events):
Event: 6.183 Thread 0x0000000017399800 1411       3       java.net.URI::<init> (13 bytes)
Event: 6.184 Thread 0x0000000017399800 nmethod 1411 0x0000000002b40110 code [0x0000000002b40280, 0x0000000002b40428]
Event: 6.279 Thread 0x0000000017399800 1413       3       java.util.concurrent.locks.ReentrantLock$Sync::tryRelease (45 bytes)
Event: 6.279 Thread 0x0000000017399800 nmethod 1413 0x0000000002b404d0 code [0x0000000002b40660, 0x0000000002b40c08]
Event: 6.344 Thread 0x0000000017399800 1414   !   3       java.net.URL::getURLStreamHandler (313 bytes)
Event: 6.348 Thread 0x0000000017399800 nmethod 1414 0x0000000002b40d50 code [0x0000000002b41240, 0x0000000002b44538]
Event: 6.348 Thread 0x0000000017399800 1415       3       java.lang.reflect.Constructor::newInstance (87 bytes)
Event: 6.349 Thread 0x0000000017399800 nmethod 1415 0x0000000002b46310 code [0x0000000002b46500, 0x0000000002b46c28]
Event: 6.351 Thread 0x0000000017399800 1416       3       java.net.URI::toURL (29 bytes)
Event: 6.352 Thread 0x0000000017399800 nmethod 1416 0x0000000002b46e90 code [0x0000000002b47040, 0x0000000002b47668]

GC Heap History (4 events):
Event: 3.499 GC heap before
{Heap before GC invocations=1 (full 0):
 PSYoungGen      total 38400K, used 33280K [0x00000000e0000000, 0x00000000e2a80000, 0x0000000100000000)
  eden space 33280K, 100% used [0x00000000e0000000,0x00000000e2080000,0x00000000e2080000)
  from space 5120K, 0% used [0x00000000e2580000,0x00000000e2580000,0x00000000e2a80000)
  to   space 5120K, 0% used [0x00000000e2080000,0x00000000e2080000,0x00000000e2580000)
 ParOldGen       total 87552K, used 0K [0x00000000a0000000, 0x00000000a5580000, 0x00000000e0000000)
  object space 87552K, 0% used [0x00000000a0000000,0x00000000a0000000,0x00000000a5580000)
 Metaspace       used 6944K, capacity 7204K, committed 7424K, reserved 1056768K
  class space    used 850K, capacity 932K, committed 1024K, reserved 1048576K
Event: 3.519 GC heap after
Heap after GC invocations=1 (full 0):
 PSYoungGen      total 38400K, used 4929K [0x00000000e0000000, 0x00000000e2a80000, 0x0000000100000000)
  eden space 33280K, 0% used [0x00000000e0000000,0x00000000e0000000,0x00000000e2080000)
  from space 5120K, 96% used [0x00000000e2080000,0x00000000e2550648,0x00000000e2580000)
  to   space 5120K, 0% used [0x00000000e2580000,0x00000000e2580000,0x00000000e2a80000)
 ParOldGen       total 87552K, used 8K [0x00000000a0000000, 0x00000000a5580000, 0x00000000e0000000)
  object space 87552K, 0% used [0x00000000a0000000,0x00000000a0002000,0x00000000a5580000)
 Metaspace       used 6944K, capacity 7204K, committed 7424K, reserved 1056768K
  class space    used 850K, capacity 932K, committed 1024K, reserved 1048576K
}
Event: 5.499 GC heap before
{Heap before GC invocations=2 (full 0):
 PSYoungGen      total 38400K, used 38209K [0x00000000e0000000, 0x00000000e2a80000, 0x0000000100000000)
  eden space 33280K, 100% used [0x00000000e0000000,0x00000000e2080000,0x00000000e2080000)
  from space 5120K, 96% used [0x00000000e2080000,0x00000000e2550648,0x00000000e2580000)
  to   space 5120K, 0% used [0x00000000e2580000,0x00000000e2580000,0x00000000e2a80000)
 ParOldGen       total 87552K, used 8K [0x00000000a0000000, 0x00000000a5580000, 0x00000000e0000000)
  object space 87552K, 0% used [0x00000000a0000000,0x00000000a0002000,0x00000000a5580000)
 Metaspace       used 13511K, capacity 13834K, committed 14080K, reserved 1060864K
  class space    used 1805K, capacity 1938K, committed 2048K, reserved 1048576K
Event: 5.512 GC heap after
Heap after GC invocations=2 (full 0):
 PSYoungGen      total 38400K, used 5114K [0x00000000e0000000, 0x00000000e2a80000, 0x0000000100000000)
  eden space 33280K, 0% used [0x00000000e0000000,0x00000000e0000000,0x00000000e2080000)
  from space 5120K, 99% used [0x00000000e2580000,0x00000000e2a7eb98,0x00000000e2a80000)
  to   space 5120K, 0% used [0x00000000e2080000,0x00000000e2080000,0x00000000e2580000)
 ParOldGen       total 87552K, used 1251K [0x00000000a0000000, 0x00000000a5580000, 0x00000000e0000000)
  object space 87552K, 1% used [0x00000000a0000000,0x00000000a0138db8,0x00000000a5580000)
 Metaspace       used 13511K, capacity 13834K, committed 14080K, reserved 1060864K
  class space    used 1805K, capacity 1938K, committed 2048K, reserved 1048576K
}

Deoptimization events (10 events):
Event: 4.161 Thread 0x0000000002560800 Uncommon trap: reason=unstable_if action=reinterpret pc=0x000000000296a2cc method=java.io.WinNTFileSystem.normalize(Ljava/lang/String;II)Ljava/lang/String; @ 90
Event: 4.183 Thread 0x0000000002560800 Uncommon trap: reason=unstable_if action=reinterpret pc=0x0000000002900794 method=java.lang.String.substring(I)Ljava/lang/String; @ 35
Event: 4.318 Thread 0x0000000002560800 Uncommon trap: reason=unstable_if action=reinterpret pc=0x00000000028b78bc method=java.util.HashMap.getNode(ILjava/lang/Object;)Ljava/util/HashMap$Node; @ 129
Event: 5.264 Thread 0x0000000002560800 Uncommon trap: reason=unstable_if action=reinterpret pc=0x00000000029605b0 method=java.util.LinkedHashMap.afterNodeInsertion(Z)V @ 1
Event: 5.380 Thread 0x0000000018f14800 Uncommon trap: reason=bimorphic action=maybe_recompile pc=0x0000000002a023b0 method=java.util.HashMap.putVal(ILjava/lang/Object;Ljava/lang/Object;ZZ)Ljava/lang/Object; @ 253
Event: 5.380 Thread 0x0000000018f14800 Uncommon trap: reason=bimorphic action=maybe_recompile pc=0x0000000002a023b0 method=java.util.HashMap.putVal(ILjava/lang/Object;Ljava/lang/Object;ZZ)Ljava/lang/Object; @ 253
Event: 5.380 Thread 0x0000000018f14800 Uncommon trap: reason=bimorphic action=maybe_recompile pc=0x0000000002a064e0 method=java.util.HashMap.putVal(ILjava/lang/Object;Ljava/lang/Object;ZZ)Ljava/lang/Object; @ 253
Event: 5.645 Thread 0x0000000018f14800 Uncommon trap: reason=class_check action=maybe_recompile pc=0x00000000028e4b20 method=java.util.regex.Matcher.match(II)Z @ 86
Event: 5.647 Thread 0x0000000018f14800 Uncommon trap: reason=class_check action=maybe_recompile pc=0x00000000028e4b20 method=java.util.regex.Matcher.match(II)Z @ 86
Event: 5.833 Thread 0x0000000018f14800 Uncommon trap: reason=bimorphic action=maybe_recompile pc=0x000000000293c0dc method=java.util.HashMap.putVal(ILjava/lang/Object;Ljava/lang/Object;ZZ)Ljava/lang/Object; @ 91

Internal exceptions (10 events):
Event: 5.342 Thread 0x000000001961b000 Exception <a 'java/lang/NoSuchMethodError': <clinit>> (0x00000000e155ac90) thrown at [C:\src\android\AOSP-openjdk\external\jetbrains\jdk\hotspot\src\share\vm\prims\jni.cpp, line 1613]
Event: 5.347 Thread 0x000000001961b000 Exception <a 'java/lang/NoSuchMethodError': <clinit>> (0x00000000e157ede0) thrown at [C:\src\android\AOSP-openjdk\external\jetbrains\jdk\hotspot\src\share\vm\prims\jni.cpp, line 1613]
Event: 5.370 Thread 0x0000000018f14800 Exception <a 'java/lang/NoSuchMethodError': <clinit>> (0x00000000e1650600) thrown at [C:\src\android\AOSP-openjdk\external\jetbrains\jdk\hotspot\src\share\vm\prims\jni.cpp, line 1613]
Event: 5.371 Thread 0x0000000018f14800 Exception <a 'java/lang/NoSuchMethodError': <clinit>> (0x00000000e1658888) thrown at [C:\src\android\AOSP-openjdk\external\jetbrains\jdk\hotspot\src\share\vm\prims\jni.cpp, line 1613]
Event: 5.414 Thread 0x0000000018f14800 Exception <a 'java/lang/ArrayIndexOutOfBoundsException'> (0x00000000e18e5cc8) thrown at [C:\src\android\AOSP-openjdk\external\jetbrains\jdk\hotspot\src\share\vm\runtime\sharedRuntime.cpp, line 605]
Event: 5.433 Thread 0x0000000018f14800 Exception <a 'java/lang/ArrayIndexOutOfBoundsException'> (0x00000000e19a9010) thrown at [C:\src\android\AOSP-openjdk\external\jetbrains\jdk\hotspot\src\share\vm\runtime\sharedRuntime.cpp, line 605]
Event: 6.027 Thread 0x0000000018f14800 Exception <a 'java/lang/NoSuchMethodError': <clinit>> (0x00000000e154ab88) thrown at [C:\src\android\AOSP-openjdk\external\jetbrains\jdk\hotspot\src\share\vm\prims\jni.cpp, line 1613]
Event: 6.027 Thread 0x0000000018f14800 Exception <a 'java/lang/NoSuchMethodError': <clinit>> (0x00000000e154d358) thrown at [C:\src\android\AOSP-openjdk\external\jetbrains\jdk\hotspot\src\share\vm\prims\jni.cpp, line 1613]
Event: 6.028 Thread 0x0000000018f14800 Exception <a 'java/lang/NoSuchMethodError': <clinit>> (0x00000000e1559638) thrown at [C:\src\android\AOSP-openjdk\external\jetbrains\jdk\hotspot\src\share\vm\prims\jni.cpp, line 1613]
Event: 6.030 Thread 0x0000000018f14800 Exception <a 'java/lang/NoSuchMethodError': <clinit>> (0x00000000e1563aa8) thrown at [C:\src\android\AOSP-openjdk\external\jetbrains\jdk\hotspot\src\share\vm\prims\jni.cpp, line 1613]

Events (10 events):
Event: 6.068 loading class java/math/MutableBigInteger
Event: 6.068 loading class java/math/MutableBigInteger done
Event: 6.069 loading class org/gradle/internal/file/JarCache$FileInfo
Event: 6.069 loading class org/gradle/internal/file/JarCache$FileInfo done
Event: 6.069 loading class com/google/common/cache/LocalCache$StrongAccessEntry
Event: 6.069 loading class com/google/common/cache/LocalCache$StrongAccessEntry done
Event: 6.070 loading class com/google/common/cache/LocalCache$StrongEntry
Event: 6.070 loading class com/google/common/cache/LocalCache$StrongEntry done
Event: 6.071 loading class com/google/common/cache/LocalCache$NullEntry
Event: 6.071 loading class com/google/common/cache/LocalCache$NullEntry done


Dynamic libraries:
0x00007ff752210000 - 0x00007ff752241000 	D:\AndroidStudio\jre\bin\java.exe
0x00007ff80d740000 - 0x00007ff80d8ed000 	C:\windows\SYSTEM32\ntdll.dll
0x00007ff80cdd0000 - 0x00007ff80cf0e000 	C:\windows\system32\KERNEL32.DLL
0x00007ff80a660000 - 0x00007ff80a775000 	C:\windows\system32\KERNELBASE.dll
0x00007ff80b170000 - 0x00007ff80b21a000 	C:\windows\system32\ADVAPI32.dll
0x00007ff80d3b0000 - 0x00007ff80d527000 	C:\windows\system32\USER32.dll
0x00007ff8085e0000 - 0x00007ff80885b000 	C:\windows\WinSxS\amd64_microsoft.windows.common-controls_6595b64144ccf1df_6.0.9600.18006_none_623f33d3ecbe86e8\COMCTL32.dll
0x00007ff80d300000 - 0x00007ff80d3aa000 	C:\windows\system32\msvcrt.dll
0x00007ff80b5d0000 - 0x00007ff80b629000 	C:\windows\SYSTEM32\sechost.dll
0x00007ff80cf20000 - 0x00007ff80d060000 	C:\windows\system32\RPCRT4.dll
0x00007ff80b260000 - 0x00007ff80b3af000 	C:\windows\system32\GDI32.dll
0x00007ff80a8c0000 - 0x00007ff80a8ee000 	C:\windows\system32\SspiCli.dll
0x00007ff80b220000 - 0x00007ff80b256000 	C:\windows\system32\IMM32.DLL
0x00007ff80d1a0000 - 0x00007ff80d2f2000 	C:\windows\system32\MSCTF.dll
0x0000000054e90000 - 0x0000000054f62000 	D:\AndroidStudio\jre\jre\bin\msvcr100.dll
0x0000000053190000 - 0x00000000539cc000 	D:\AndroidStudio\jre\jre\bin\server\jvm.dll
0x00007fffdeae0000 - 0x00007fffdeae9000 	C:\windows\SYSTEM32\WSOCK32.dll
0x00007ff80a790000 - 0x00007ff80a7b2000 	C:\windows\system32\WINMM.dll
0x00007ff802e40000 - 0x00007ff802e4a000 	C:\windows\SYSTEM32\VERSION.dll
0x00007ff80af70000 - 0x00007ff80af77000 	C:\windows\system32\PSAPI.DLL
0x00007ff80aad0000 - 0x00007ff80ab2a000 	C:\windows\system32\WS2_32.dll
0x00007ff80a580000 - 0x00007ff80a5aa000 	C:\windows\system32\WINMMBASE.dll
0x00007ff80cf10000 - 0x00007ff80cf19000 	C:\windows\system32\NSI.dll
0x00007ff80a870000 - 0x00007ff80a8bf000 	C:\windows\SYSTEM32\cfgmgr32.dll
0x00007ff80a530000 - 0x00007ff80a558000 	C:\windows\system32\DEVOBJ.dll
0x00007ff805fa0000 - 0x00007ff805faf000 	D:\AndroidStudio\jre\jre\bin\verify.dll
0x00007ffff4e00000 - 0x00007ffff4e29000 	D:\AndroidStudio\jre\jre\bin\java.dll
0x00007fffff8d0000 - 0x00007fffff8e6000 	D:\AndroidStudio\jre\jre\bin\zip.dll
0x00007ff80b810000 - 0x00007ff80cd39000 	C:\windows\system32\SHELL32.dll
0x00007ff80b3b0000 - 0x00007ff80b5c1000 	C:\windows\SYSTEM32\combase.dll
0x00007ff80cd60000 - 0x00007ff80cdb4000 	C:\windows\system32\SHLWAPI.dll
0x00007ff808a90000 - 0x00007ff808b42000 	C:\windows\SYSTEM32\SHCORE.dll
0x00007ff80a480000 - 0x00007ff80a495000 	C:\windows\SYSTEM32\profapi.dll
0x00007ffff4e70000 - 0x00007ffff4e8a000 	D:\AndroidStudio\jre\jre\bin\net.dll
0x00007ff809d70000 - 0x00007ff809dc9000 	C:\windows\system32\mswsock.dll
0x00007ffff4de0000 - 0x00007ffff4df1000 	D:\AndroidStudio\jre\jre\bin\nio.dll
0x00007ffff4b70000 - 0x00007ffff4b8e000 	D:\AndroidStudio\gradle\gradle-3.3\native\23\windows-amd64\native-platform.dll
0x00007ff809dd0000 - 0x00007ff809df0000 	C:\windows\SYSTEM32\CRYPTSP.dll
0x00007ff8099d0000 - 0x00007ff809a06000 	C:\windows\system32\rsaenh.dll
0x00007ff80a020000 - 0x00007ff80a046000 	C:\windows\SYSTEM32\bcrypt.dll
0x00007ff809b00000 - 0x00007ff809b21000 	C:\windows\SYSTEM32\USERENV.dll
0x00007ff80a350000 - 0x00007ff80a3b3000 	C:\windows\system32\bcryptprimitives.dll
0x00007ff80a3c0000 - 0x00007ff80a3cb000 	C:\windows\SYSTEM32\CRYPTBASE.dll
0x00007ff8048c0000 - 0x00007ff8048ea000 	C:\windows\SYSTEM32\IPHLPAPI.DLL
0x00007ff804840000 - 0x00007ff80484a000 	C:\windows\SYSTEM32\WINNSI.DLL
0x00007ff804490000 - 0x00007ff8044a6000 	C:\windows\SYSTEM32\dhcpcsvc6.DLL
0x00007ff804410000 - 0x00007ff80442a000 	C:\windows\SYSTEM32\dhcpcsvc.DLL
0x00007ff804c20000 - 0x00007ff804c2d000 	D:\AndroidStudio\jre\jre\bin\management.dll

VM Arguments:
jvm_args: -Xmx1536m -Dfile.encoding=GBK -Duser.country=CN -Duser.language=zh -Duser.variant 
java_command: org.gradle.launcher.daemon.bootstrap.GradleDaemon 3.3
java_class_path (initial): D:\AndroidStudio\gradle\gradle-3.3\lib\gradle-launcher-3.3.jar
Launcher Type: SUN_STANDARD

Environment Variables:
JAVA_HOME=D:\Program Files\Java\jdk1.8.0_60
CLASSPATH=.
PATH=D:\Program Files\Java\jdk1.8.0_60\bin;C:\Program Files (x86)\Lenovo\FusionEngine;C:\Program Files (x86)\Intel\iCLS Client\;C:\Program Files\Intel\iCLS Client\;C:\windows\system32;C:\windows;C:\windows\System32\Wbem;C:\windows\System32\WindowsPowerShell\v1.0\;C:\Program Files (x86)\ATI Technologies\ATI.ACE\Core-Static;C:\Program Files\Intel\Intel(R) Management Engine Components\DAL;C:\Program Files (x86)\Intel\Intel(R) Management Engine Components\DAL;C:\Program Files\Intel\Intel(R) Management Engine Components\IPT;C:\Program Files (x86)\Intel\Intel(R) Management Engine Components\IPT;C:\Program Files (x86)\Common Files\lenovo\easyplussdk\bin;C:\Program Files (x86)\Microsoft SQL Server\100\Tools\Binn\;C:\Program Files\Microsoft SQL Server\100\Tools\Binn\;C:\Program Files\Microsoft SQL Server\100\DTS\Binn\;C:\Program Files (x86)\Microsoft SQL Server\100\Tools\Binn\VSShell\Common7\IDE\;C:\Program Files (x86)\Microsoft SQL Server\100\DTS\Binn\;C:\Program Files (x86)\Microsoft Visual Studio 9.0\Common7\IDE\PrivateAssemblies\;C:\Program Files\Microsoft SQL Server\110\DTS\Binn\;C:\Program Files (x86)\Microsoft SQL Server\110\Tools\Binn\;C:\Program Files\Microsoft SQL Server\110\Tools\Binn\;C:\Program Files (x86)\Microsoft SQL Server\110\Tools\Binn\ManagementStudio\;C:\Program Files (x86)\Microsoft Visual Studio 10.0\Common7\IDE\PrivateAssemblies\;C:\Program Files (x86)\Microsoft SQL Server\110\DTS\Binn\;D:\mysql\mysql-5.7.18-winx64\bin;D:\Git\cmd;D:\Android_sdk\build-tools;D:\Android_sdk\tools;
USERNAME=lenovo
OS=Windows_NT
PROCESSOR_IDENTIFIER=Intel64 Family 6 Model 61 Stepping 4, GenuineIntel



---------------  S Y S T E M  ---------------

OS: Windows 8.1 , 64 bit Build 9600 (6.3.9600.17415)

CPU:total 4 (2 cores per cpu, 2 threads per core) family 6 model 61 stepping 4, cmov, cx8, fxsr, mmx, sse, sse2, sse3, ssse3, sse4.1, sse4.2, popcnt, avx, avx2, aes, clmul, erms, 3dnowpref, lzcnt, ht, tsc, tscinvbit, bmi1, bmi2, adx

Memory: 4k page, physical 8301656k(2041104k free), swap 8301656k(13116k free)

vm_info: OpenJDK 64-Bit Server VM (25.112-b06) for windows-amd64 JRE (1.8.0_112-release-b06), built on Dec  8 2016 00:54:26 by "builder" with MS VC++ 10.0 (VS2010)

time: Thu Aug 24 15:22:21 2017
elapsed time: 6 seconds (0d 0h 0m 6s)

