#
# There is insufficient memory for the Java Runtime Environment to continue.
# Native memory allocation (malloc) failed to allocate 2168496 bytes for Chunk::new
# Possible reasons:
#   The system is out of physical RAM or swap space
#   In 32 bit mode, the process size limit was hit
# Possible solutions:
#   Reduce memory load on the system
#   Increase physical memory or swap space
#   Check if swap backing store is full
#   Use 64 bit Java on a 64 bit OS
#   Decrease Java heap size (-Xmx/-Xms)
#   Decrease number of Java threads
#   Decrease Java thread stack sizes (-Xss)
#   Set larger code cache with -XX:ReservedCodeCacheSize=
# This output file may be truncated or incomplete.
#
#  Out of Memory Error (allocation.cpp:390), pid=4428, tid=0x0000000000002380
#
# JRE version: OpenJDK Runtime Environment (8.0_112-b06) (build 1.8.0_112-release-b06)
# Java VM: OpenJDK 64-Bit Server VM (25.112-b06 mixed mode windows-amd64 compressed oops)
# Failed to write core dump. Minidumps are not enabled by default on client versions of Windows
#

---------------  T H R E A D  ---------------

Current thread (0x0000000017943000):  JavaThread "C2 CompilerThread1" daemon [_thread_in_native, id=9088, stack(0x0000000017ff0000,0x00000000180f0000)]

Stack: [0x0000000017ff0000,0x00000000180f0000]
[error occurred during error reporting (printing stack bounds), id 0xc0000005]

Native frames: (J=compiled Java code, j=interpreted, Vv=VM code, C=native code)


Current CompileTask:
C2:  11209 1489   !   4       java.net.URLClassLoader$1::run (63 bytes)


---------------  P R O C E S S  ---------------

Java Threads: ( => current thread )
  0x000000001a635000 JavaThread "File lock request listener" [_thread_in_native, id=7984, stack(0x000000001d0d0000,0x000000001d1d0000)]
  0x0000000019b26000 JavaThread "Stdin handler" [_thread_blocked, id=8764, stack(0x000000001ba40000,0x000000001bb40000)]
  0x0000000019b25000 JavaThread "Asynchronous log dispatcher for DefaultDaemonConnection: socket connection from /127.0.0.1:53177 to /127.0.0.1:53183" [_thread_blocked, id=7900, stack(0x000000001b940000,0x000000001ba40000)]
  0x0000000019700000 JavaThread "Daemon worker" [_thread_in_native, id=6168, stack(0x000000001b840000,0x000000001b940000)]
  0x00000000196fb800 JavaThread "Cancel handler" [_thread_blocked, id=6708, stack(0x000000001b740000,0x000000001b840000)]
  0x00000000196fb000 JavaThread "pool-1-thread-1" [_thread_blocked, id=6664, stack(0x000000001b640000,0x000000001b740000)]
  0x000000001929c000 JavaThread "Handler for socket connection from /127.0.0.1:53177 to /127.0.0.1:53183" [_thread_in_native, id=7668, stack(0x000000001b540000,0x000000001b640000)]
  0x0000000019787000 JavaThread "Daemon" [_thread_blocked, id=1072, stack(0x000000001b440000,0x000000001b540000)]
  0x0000000018a98000 JavaThread "Incoming local TCP Connector on port 53177" [_thread_in_native, id=8480, stack(0x000000001adc0000,0x000000001aec0000)]
  0x0000000017950800 JavaThread "Service Thread" daemon [_thread_blocked, id=9268, stack(0x00000000181f0000,0x00000000182f0000)]
  0x0000000017949800 JavaThread "C1 CompilerThread2" daemon [_thread_blocked, id=216, stack(0x00000000180f0000,0x00000000181f0000)]
=>0x0000000017943000 JavaThread "C2 CompilerThread1" daemon [_thread_in_native, id=9088, stack(0x0000000017ff0000,0x00000000180f0000)]
  0x000000001655d800 JavaThread "C2 CompilerThread0" daemon [_thread_in_native, id=9520, stack(0x0000000017ef0000,0x0000000017ff0000)]
  0x000000001655b800 JavaThread "Attach Listener" daemon [_thread_blocked, id=3740, stack(0x0000000017df0000,0x0000000017ef0000)]
  0x00000000178f8800 JavaThread "Signal Dispatcher" daemon [_thread_blocked, id=4764, stack(0x0000000017cf0000,0x0000000017df0000)]
  0x0000000002bda000 JavaThread "Finalizer" daemon [_thread_blocked, id=3656, stack(0x00000000177a0000,0x00000000178a0000)]
  0x0000000002bd1000 JavaThread "Reference Handler" daemon [_thread_blocked, id=2852, stack(0x00000000176a0000,0x00000000177a0000)]
  0x0000000002ae0800 JavaThread "main" [_thread_blocked, id=4008, stack(0x0000000002950000,0x0000000002a50000)]

Other Threads:
  0x0000000016514800 VMThread [stack: 0x00000000175a0000,0x00000000176a0000] [id=6684]
  0x0000000017951800 WatcherThread [stack: 0x00000000182f0000,0x00000000183f0000] [id=6732]

VM state:not at safepoint (normal execution)

VM Mutex/Monitor currently owned by a thread: None

Heap:
 PSYoungGen      total 38400K, used 31246K [0x00000000e0000000, 0x00000000e4b00000, 0x0000000100000000)
  eden space 33280K, 78% used [0x00000000e0000000,0x00000000e1985568,0x00000000e2080000)
  from space 5120K, 99% used [0x00000000e2580000,0x00000000e2a7e590,0x00000000e2a80000)
  to   space 5120K, 0% used [0x00000000e2080000,0x00000000e2080000,0x00000000e2580000)
 ParOldGen       total 87552K, used 1280K [0x00000000a0000000, 0x00000000a5580000, 0x00000000e0000000)
  object space 87552K, 1% used [0x00000000a0000000,0x00000000a0140060,0x00000000a5580000)
 Metaspace       used 16603K, capacity 17006K, committed 17024K, reserved 1064960K
  class space    used 2304K, capacity 2432K, committed 2432K, reserved 1048576K

Card table byte_map: [0x0000000011fa0000,0x00000000122b0000] byte_map_base: 0x0000000011aa0000

Marking Bits: (ParMarkBitMap*) 0x00000000539518f0
 Begin Bits: [0x00000000128b0000, 0x00000000140b0000)
 End Bits:   [0x00000000140b0000, 0x00000000158b0000)

Polling page: 0x0000000002a50000

CodeCache: size=245760Kb used=5388Kb max_used=5389Kb free=240371Kb
 bounds [0x0000000002be0000, 0x0000000003130000, 0x0000000011be0000]
 total_blobs=1883 nmethods=1488 adapters=308
 compilation: enabled

Compilation events (10 events):
Event: 10.386 Thread 0x0000000017943000 1486       4       sun.reflect.generics.parser.SignatureParser::advance (37 bytes)
Event: 10.386 Thread 0x0000000017949800 nmethod 1485 0x0000000003121810 code [0x00000000031219c0, 0x0000000003121ee8]
Event: 10.386 Thread 0x0000000017943000 nmethod 1486 0x0000000003121610 code [0x0000000003121740, 0x0000000003121798]
Event: 10.387 Thread 0x0000000017943000 1487       4       java.lang.CharacterDataLatin1::isWhitespace (23 bytes)
Event: 10.387 Thread 0x0000000017949800 1488       3       org.gradle.internal.service.DefaultServiceRegistry$FactoryMethodService::<init> (25 bytes)
Event: 10.387 Thread 0x0000000017943000 nmethod 1487 0x0000000003121390 code [0x00000000031214c0, 0x0000000003121558]
Event: 10.388 Thread 0x0000000017949800 nmethod 1488 0x00000000031250d0 code [0x0000000003125340, 0x00000000031265c8]
Event: 10.392 Thread 0x0000000017943000 1489   !   4       java.net.URLClassLoader$1::run (63 bytes)
Event: 10.600 Thread 0x0000000017949800 1490       3       java.util.regex.Pattern$Branch::match (66 bytes)
Event: 10.600 Thread 0x0000000017949800 nmethod 1490 0x0000000003124850 code [0x00000000031249e0, 0x0000000003124eb8]

GC Heap History (4 events):
Event: 1.624 GC heap before
{Heap before GC invocations=1 (full 0):
 PSYoungGen      total 38400K, used 33280K [0x00000000e0000000, 0x00000000e2a80000, 0x0000000100000000)
  eden space 33280K, 100% used [0x00000000e0000000,0x00000000e2080000,0x00000000e2080000)
  from space 5120K, 0% used [0x00000000e2580000,0x00000000e2580000,0x00000000e2a80000)
  to   space 5120K, 0% used [0x00000000e2080000,0x00000000e2080000,0x00000000e2580000)
 ParOldGen       total 87552K, used 0K [0x00000000a0000000, 0x00000000a5580000, 0x00000000e0000000)
  object space 87552K, 0% used [0x00000000a0000000,0x00000000a0000000,0x00000000a5580000)
 Metaspace       used 6938K, capacity 7212K, committed 7424K, reserved 1056768K
  class space    used 850K, capacity 932K, committed 1024K, reserved 1048576K
Event: 1.634 GC heap after
Heap after GC invocations=1 (full 0):
 PSYoungGen      total 38400K, used 4935K [0x00000000e0000000, 0x00000000e2a80000, 0x0000000100000000)
  eden space 33280K, 0% used [0x00000000e0000000,0x00000000e0000000,0x00000000e2080000)
  from space 5120K, 96% used [0x00000000e2080000,0x00000000e2551dd8,0x00000000e2580000)
  to   space 5120K, 0% used [0x00000000e2580000,0x00000000e2580000,0x00000000e2a80000)
 ParOldGen       total 87552K, used 8K [0x00000000a0000000, 0x00000000a5580000, 0x00000000e0000000)
  object space 87552K, 0% used [0x00000000a0000000,0x00000000a0002000,0x00000000a5580000)
 Metaspace       used 6938K, capacity 7212K, committed 7424K, reserved 1056768K
  class space    used 850K, capacity 932K, committed 1024K, reserved 1048576K
}
Event: 5.356 GC heap before
{Heap before GC invocations=2 (full 0):
 PSYoungGen      total 38400K, used 38215K [0x00000000e0000000, 0x00000000e2a80000, 0x0000000100000000)
  eden space 33280K, 100% used [0x00000000e0000000,0x00000000e2080000,0x00000000e2080000)
  from space 5120K, 96% used [0x00000000e2080000,0x00000000e2551dd8,0x00000000e2580000)
  to   space 5120K, 0% used [0x00000000e2580000,0x00000000e2580000,0x00000000e2a80000)
 ParOldGen       total 87552K, used 8K [0x00000000a0000000, 0x00000000a5580000, 0x00000000e0000000)
  object space 87552K, 0% used [0x00000000a0000000,0x00000000a0002000,0x00000000a5580000)
 Metaspace       used 13518K, capacity 13842K, committed 14080K, reserved 1060864K
  class space    used 1812K, capacity 1938K, committed 2048K, reserved 1048576K
Event: 5.485 GC heap after
Heap after GC invocations=2 (full 0):
 PSYoungGen      total 38400K, used 5113K [0x00000000e0000000, 0x00000000e4b00000, 0x0000000100000000)
  eden space 33280K, 0% used [0x00000000e0000000,0x00000000e0000000,0x00000000e2080000)
  from space 5120K, 99% used [0x00000000e2580000,0x00000000e2a7e590,0x00000000e2a80000)
  to   space 5120K, 0% used [0x00000000e2080000,0x00000000e2080000,0x00000000e2580000)
 ParOldGen       total 87552K, used 1280K [0x00000000a0000000, 0x00000000a5580000, 0x00000000e0000000)
  object space 87552K, 1% used [0x00000000a0000000,0x00000000a0140060,0x00000000a5580000)
 Metaspace       used 13518K, capacity 13842K, committed 14080K, reserved 1060864K
  class space    used 1812K, capacity 1938K, committed 2048K, reserved 1048576K
}

Deoptimization events (10 events):
Event: 7.214 Thread 0x0000000019700000 Uncommon trap: reason=bimorphic action=maybe_recompile pc=0x0000000002eb785c method=java.util.HashMap.putVal(ILjava/lang/Object;Ljava/lang/Object;ZZ)Ljava/lang/Object; @ 91
Event: 8.774 Thread 0x0000000019700000 Uncommon trap: reason=bimorphic action=maybe_recompile pc=0x00000000030646a8 method=java.lang.ClassLoader.loadClass(Ljava/lang/String;Z)Ljava/lang/Class; @ 38
Event: 8.807 Thread 0x0000000019700000 Uncommon trap: reason=bimorphic action=maybe_recompile pc=0x00000000030fc7f8 method=java.lang.ClassLoader.getPackage(Ljava/lang/String;)Ljava/lang/Package; @ 47
Event: 8.808 Thread 0x0000000019700000 Uncommon trap: reason=bimorphic action=maybe_recompile pc=0x00000000030646a8 method=java.lang.ClassLoader.loadClass(Ljava/lang/String;Z)Ljava/lang/Class; @ 38
Event: 8.809 Thread 0x0000000019700000 Uncommon trap: reason=bimorphic action=maybe_recompile pc=0x00000000030646a8 method=java.lang.ClassLoader.loadClass(Ljava/lang/String;Z)Ljava/lang/Class; @ 38
Event: 8.809 Thread 0x0000000019700000 Uncommon trap: reason=bimorphic action=maybe_recompile pc=0x00000000030646a8 method=java.lang.ClassLoader.loadClass(Ljava/lang/String;Z)Ljava/lang/Class; @ 38
Event: 8.809 Thread 0x0000000019700000 Uncommon trap: reason=bimorphic action=maybe_recompile pc=0x00000000030fc7f8 method=java.lang.ClassLoader.getPackage(Ljava/lang/String;)Ljava/lang/Package; @ 47
Event: 8.809 Thread 0x0000000019700000 Uncommon trap: reason=bimorphic action=maybe_recompile pc=0x00000000030fc7f8 method=java.lang.ClassLoader.getPackage(Ljava/lang/String;)Ljava/lang/Package; @ 47
Event: 9.115 Thread 0x0000000019700000 Uncommon trap: reason=bimorphic action=maybe_recompile pc=0x00000000030fc7f8 method=java.lang.ClassLoader.getPackage(Ljava/lang/String;)Ljava/lang/Package; @ 47
Event: 10.598 Thread 0x0000000019700000 Uncommon trap: reason=predicate action=maybe_recompile pc=0x00000000030de348 method=sun.security.provider.DigestBase.implCompressMultiBlock([BII)I @ 5

Internal exceptions (10 events):
Event: 4.372 Thread 0x0000000019700000 Exception <a 'java/lang/ArrayIndexOutOfBoundsException'> (0x00000000e184d718) thrown at [C:\src\android\AOSP-openjdk\external\jetbrains\jdk\hotspot\src\share\vm\runtime\sharedRuntime.cpp, line 605]
Event: 7.775 Thread 0x0000000019700000 Exception <a 'java/lang/NoSuchMethodError': <clinit>> (0x00000000e14ae970) thrown at [C:\src\android\AOSP-openjdk\external\jetbrains\jdk\hotspot\src\share\vm\prims\jni.cpp, line 1613]
Event: 7.776 Thread 0x0000000019700000 Exception <a 'java/lang/NoSuchMethodError': <clinit>> (0x00000000e14b1140) thrown at [C:\src\android\AOSP-openjdk\external\jetbrains\jdk\hotspot\src\share\vm\prims\jni.cpp, line 1613]
Event: 7.778 Thread 0x0000000019700000 Exception <a 'java/lang/NoSuchMethodError': <clinit>> (0x00000000e14bd420) thrown at [C:\src\android\AOSP-openjdk\external\jetbrains\jdk\hotspot\src\share\vm\prims\jni.cpp, line 1613]
Event: 7.850 Thread 0x0000000019700000 Exception <a 'java/lang/NoSuchMethodError': <clinit>> (0x00000000e14c7890) thrown at [C:\src\android\AOSP-openjdk\external\jetbrains\jdk\hotspot\src\share\vm\prims\jni.cpp, line 1613]
Event: 8.810 Thread 0x0000000019700000 Exception <a 'java/lang/NoSuchMethodError': <clinit>> (0x00000000e15f4b48) thrown at [C:\src\android\AOSP-openjdk\external\jetbrains\jdk\hotspot\src\share\vm\prims\jni.cpp, line 1613]
Event: 9.412 Thread 0x0000000019700000 Exception <a 'java/lang/NoSuchMethodError': <clinit>> (0x00000000e168deb8) thrown at [C:\src\android\AOSP-openjdk\external\jetbrains\jdk\hotspot\src\share\vm\prims\jni.cpp, line 1613]
Event: 10.112 Thread 0x0000000019700000 Exception <a 'java/lang/NoSuchMethodError': <clinit>> (0x00000000e16b5a10) thrown at [C:\src\android\AOSP-openjdk\external\jetbrains\jdk\hotspot\src\share\vm\prims\jni.cpp, line 1613]
Event: 10.115 Thread 0x0000000019700000 Exception <a 'java/lang/NoSuchMethodError': <clinit>> (0x00000000e16c7770) thrown at [C:\src\android\AOSP-openjdk\external\jetbrains\jdk\hotspot\src\share\vm\prims\jni.cpp, line 1613]
Event: 10.120 Thread 0x0000000019700000 Exception <a 'java/lang/NoSuchMethodError': <clinit>> (0x00000000e16d2198) thrown at [C:\src\android\AOSP-openjdk\external\jetbrains\jdk\hotspot\src\share\vm\prims\jni.cpp, line 1613]

Events (10 events):
Event: 10.601 loading class sun/net/www/MimeTable
Event: 10.601 loading class java/net/FileNameMap
Event: 10.601 loading class java/net/FileNameMap done
Event: 10.601 loading class sun/net/www/MimeTable done
Event: 10.601 loading class sun/net/www/MimeTable$1
Event: 10.601 loading class sun/net/www/MimeTable$1 done
Event: 10.602 loading class sun/net/www/MimeTable$DefaultInstanceHolder
Event: 10.602 loading class sun/net/www/MimeTable$DefaultInstanceHolder done
Event: 10.602 loading class sun/net/www/MimeTable$DefaultInstanceHolder$1
Event: 10.602 loading class sun/net/www/MimeTable$DefaultInstanceHolder$1 done


Dynamic libraries:
0x00007ff752210000 - 0x00007ff752241000 	D:\AndroidStudio\jre\bin\java.exe
0x00007ff80d740000 - 0x00007ff80d8ed000 	C:\windows\SYSTEM32\ntdll.dll
0x00007ff80cdd0000 - 0x00007ff80cf0e000 	C:\windows\system32\KERNEL32.DLL
0x00007ff80a660000 - 0x00007ff80a775000 	C:\windows\system32\KERNELBASE.dll
0x00007ff80b170000 - 0x00007ff80b21a000 	C:\windows\system32\ADVAPI32.dll
0x00007ff80d3b0000 - 0x00007ff80d527000 	C:\windows\system32\USER32.dll
0x00007ff8085e0000 - 0x00007ff80885b000 	C:\windows\WinSxS\amd64_microsoft.windows.common-controls_6595b64144ccf1df_6.0.9600.18006_none_623f33d3ecbe86e8\COMCTL32.dll
0x00007ff80d300000 - 0x00007ff80d3aa000 	C:\windows\system32\msvcrt.dll
0x00007ff80b5d0000 - 0x00007ff80b629000 	C:\windows\SYSTEM32\sechost.dll
0x00007ff80cf20000 - 0x00007ff80d060000 	C:\windows\system32\RPCRT4.dll
0x00007ff80b260000 - 0x00007ff80b3af000 	C:\windows\system32\GDI32.dll
0x00007ff80a8c0000 - 0x00007ff80a8ee000 	C:\windows\system32\SspiCli.dll
0x00007ff80b220000 - 0x00007ff80b256000 	C:\windows\system32\IMM32.DLL
0x00007ff80d1a0000 - 0x00007ff80d2f2000 	C:\windows\system32\MSCTF.dll
0x0000000054e90000 - 0x0000000054f62000 	D:\AndroidStudio\jre\jre\bin\msvcr100.dll
0x0000000053190000 - 0x00000000539cc000 	D:\AndroidStudio\jre\jre\bin\server\jvm.dll
0x00007fffdeae0000 - 0x00007fffdeae9000 	C:\windows\SYSTEM32\WSOCK32.dll
0x00007ff80a790000 - 0x00007ff80a7b2000 	C:\windows\system32\WINMM.dll
0x00007ff802e40000 - 0x00007ff802e4a000 	C:\windows\SYSTEM32\VERSION.dll
0x00007ff80af70000 - 0x00007ff80af77000 	C:\windows\system32\PSAPI.DLL
0x00007ff80aad0000 - 0x00007ff80ab2a000 	C:\windows\system32\WS2_32.dll
0x00007ff80a580000 - 0x00007ff80a5aa000 	C:\windows\system32\WINMMBASE.dll
0x00007ff80cf10000 - 0x00007ff80cf19000 	C:\windows\system32\NSI.dll
0x00007ff80a870000 - 0x00007ff80a8bf000 	C:\windows\SYSTEM32\cfgmgr32.dll
0x00007ff80a530000 - 0x00007ff80a558000 	C:\windows\system32\DEVOBJ.dll
0x00007ff805fa0000 - 0x00007ff805faf000 	D:\AndroidStudio\jre\jre\bin\verify.dll
0x00007ffff4e00000 - 0x00007ffff4e29000 	D:\AndroidStudio\jre\jre\bin\java.dll
0x00007fffff8d0000 - 0x00007fffff8e6000 	D:\AndroidStudio\jre\jre\bin\zip.dll
0x00007ff80b810000 - 0x00007ff80cd39000 	C:\windows\system32\SHELL32.dll
0x00007ff80b3b0000 - 0x00007ff80b5c1000 	C:\windows\SYSTEM32\combase.dll
0x00007ff80cd60000 - 0x00007ff80cdb4000 	C:\windows\system32\SHLWAPI.dll
0x00007ff808a90000 - 0x00007ff808b42000 	C:\windows\SYSTEM32\SHCORE.dll
0x00007ff80a480000 - 0x00007ff80a495000 	C:\windows\SYSTEM32\profapi.dll
0x00007ffff4e70000 - 0x00007ffff4e8a000 	D:\AndroidStudio\jre\jre\bin\net.dll
0x00007ff809d70000 - 0x00007ff809dc9000 	C:\windows\system32\mswsock.dll
0x00007ffff4de0000 - 0x00007ffff4df1000 	D:\AndroidStudio\jre\jre\bin\nio.dll
0x00007ffff4b70000 - 0x00007ffff4b8e000 	D:\AndroidStudio\gradle\gradle-3.3\native\23\windows-amd64\native-platform.dll
0x00007ff809dd0000 - 0x00007ff809df0000 	C:\windows\SYSTEM32\CRYPTSP.dll
0x00007ff8099d0000 - 0x00007ff809a06000 	C:\windows\system32\rsaenh.dll
0x00007ff80a020000 - 0x00007ff80a046000 	C:\windows\SYSTEM32\bcrypt.dll
0x00007ff809b00000 - 0x00007ff809b21000 	C:\windows\SYSTEM32\USERENV.dll
0x00007ff80a350000 - 0x00007ff80a3b3000 	C:\windows\system32\bcryptprimitives.dll
0x00007ff80a3c0000 - 0x00007ff80a3cb000 	C:\windows\SYSTEM32\CRYPTBASE.dll
0x00007ff8048c0000 - 0x00007ff8048ea000 	C:\windows\SYSTEM32\IPHLPAPI.DLL
0x00007ff804840000 - 0x00007ff80484a000 	C:\windows\SYSTEM32\WINNSI.DLL
0x00007ff804490000 - 0x00007ff8044a6000 	C:\windows\SYSTEM32\dhcpcsvc6.DLL
0x00007ff804410000 - 0x00007ff80442a000 	C:\windows\SYSTEM32\dhcpcsvc.DLL
0x00007ff804c20000 - 0x00007ff804c2d000 	D:\AndroidStudio\jre\jre\bin\management.dll

VM Arguments:
jvm_args: -Xmx1536m -Dfile.encoding=GBK -Duser.country=CN -Duser.language=zh -Duser.variant 
java_command: org.gradle.launcher.daemon.bootstrap.GradleDaemon 3.3
java_class_path (initial): D:\AndroidStudio\gradle\gradle-3.3\lib\gradle-launcher-3.3.jar
Launcher Type: SUN_STANDARD

Environment Variables:
JAVA_HOME=D:\Program Files\Java\jdk1.8.0_60
CLASSPATH=.
PATH=D:\Program Files\Java\jdk1.8.0_60\bin;C:\Program Files (x86)\Lenovo\FusionEngine;C:\Program Files (x86)\Intel\iCLS Client\;C:\Program Files\Intel\iCLS Client\;C:\windows\system32;C:\windows;C:\windows\System32\Wbem;C:\windows\System32\WindowsPowerShell\v1.0\;C:\Program Files (x86)\ATI Technologies\ATI.ACE\Core-Static;C:\Program Files\Intel\Intel(R) Management Engine Components\DAL;C:\Program Files (x86)\Intel\Intel(R) Management Engine Components\DAL;C:\Program Files\Intel\Intel(R) Management Engine Components\IPT;C:\Program Files (x86)\Intel\Intel(R) Management Engine Components\IPT;C:\Program Files (x86)\Common Files\lenovo\easyplussdk\bin;C:\Program Files (x86)\Microsoft SQL Server\100\Tools\Binn\;C:\Program Files\Microsoft SQL Server\100\Tools\Binn\;C:\Program Files\Microsoft SQL Server\100\DTS\Binn\;C:\Program Files (x86)\Microsoft SQL Server\100\Tools\Binn\VSShell\Common7\IDE\;C:\Program Files (x86)\Microsoft SQL Server\100\DTS\Binn\;C:\Program Files (x86)\Microsoft Visual Studio 9.0\Common7\IDE\PrivateAssemblies\;C:\Program Files\Microsoft SQL Server\110\DTS\Binn\;C:\Program Files (x86)\Microsoft SQL Server\110\Tools\Binn\;C:\Program Files\Microsoft SQL Server\110\Tools\Binn\;C:\Program Files (x86)\Microsoft SQL Server\110\Tools\Binn\ManagementStudio\;C:\Program Files (x86)\Microsoft Visual Studio 10.0\Common7\IDE\PrivateAssemblies\;C:\Program Files (x86)\Microsoft SQL Server\110\DTS\Binn\;D:\mysql\mysql-5.7.18-winx64\bin;D:\Git\cmd;D:\Android_sdk\build-tools;D:\Android_sdk\tools;
USERNAME=lenovo
OS=Windows_NT
PROCESSOR_IDENTIFIER=Intel64 Family 6 Model 61 Stepping 4, GenuineIntel



---------------  S Y S T E M  ---------------

OS: Windows 8.1 , 64 bit Build 9600 (6.3.9600.17415)

CPU:total 4 (2 cores per cpu, 2 threads per core) family 6 model 61 stepping 4, cmov, cx8, fxsr, mmx, sse, sse2, sse3, ssse3, sse4.1, sse4.2, popcnt, avx, avx2, aes, clmul, erms, 3dnowpref, lzcnt, ht, tsc, tscinvbit, bmi1, bmi2, adx

Memory: 4k page, physical 8301656k(2041248k free), swap 8301656k(13100k free)

vm_info: OpenJDK 64-Bit Server VM (25.112-b06) for windows-amd64 JRE (1.8.0_112-release-b06), built on Dec  8 2016 00:54:26 by "builder" with MS VC++ 10.0 (VS2010)

time: Thu Aug 24 15:22:05 2017
elapsed time: 11 seconds (0d 0h 0m 11s)

