#
# There is insufficient memory for the Java Runtime Environment to continue.
# Native memory allocation (malloc) failed to allocate 854976 bytes for Chunk::new
# Possible reasons:
#   The system is out of physical RAM or swap space
#   In 32 bit mode, the process size limit was hit
# Possible solutions:
#   Reduce memory load on the system
#   Increase physical memory or swap space
#   Check if swap backing store is full
#   Use 64 bit Java on a 64 bit OS
#   Decrease Java heap size (-Xmx/-Xms)
#   Decrease number of Java threads
#   Decrease Java thread stack sizes (-Xss)
#   Set larger code cache with -XX:ReservedCodeCacheSize=
# This output file may be truncated or incomplete.
#
#  Out of Memory Error (allocation.cpp:390), pid=168, tid=0x000000000000124c
#
# JRE version: OpenJDK Runtime Environment (8.0_112-b06) (build 1.8.0_112-release-b06)
# Java VM: OpenJDK 64-Bit Server VM (25.112-b06 mixed mode windows-amd64 compressed oops)
# Failed to write core dump. Minidumps are not enabled by default on client versions of Windows
#

---------------  T H R E A D  ---------------

Current thread (0x0000000015dd8000):  JavaThread "C2 CompilerThread0" daemon [_thread_in_native, id=4684, stack(0x0000000017730000,0x0000000017830000)]

Stack: [0x0000000017730000,0x0000000017830000]
[error occurred during error reporting (printing stack bounds), id 0xc0000005]

Native frames: (J=compiled Java code, j=interpreted, Vv=VM code, C=native code)


Current CompileTask:
C2:  35778 4116       4       sun.reflect.generics.parser.SignatureParser::parseFieldTypeSignature (73 bytes)


---------------  P R O C E S S  ---------------

Java Threads: ( => current thread )
  0x00000000182c1800 JavaThread "pool-2-thread-1" [_thread_blocked, id=9656, stack(0x000000001f6f0000,0x000000001f7f0000)]
  0x000000001ac9a800 JavaThread "File lock request listener" [_thread_in_native, id=8172, stack(0x000000001d570000,0x000000001d670000)]
  0x00000000183e9000 JavaThread "Stdin handler" [_thread_blocked, id=9800, stack(0x000000001a300000,0x000000001a400000)]
  0x00000000183f3800 JavaThread "Asynchronous log dispatcher for DefaultDaemonConnection: socket connection from /127.0.0.1:52604 to /127.0.0.1:52605" [_thread_blocked, id=6900, stack(0x000000001a200000,0x000000001a300000)]
  0x00000000183ec800 JavaThread "Daemon worker" [_thread_in_Java, id=6584, stack(0x000000001a100000,0x000000001a200000)]
  0x00000000183ea000 JavaThread "Cancel handler" [_thread_blocked, id=5564, stack(0x000000001a000000,0x000000001a100000)]
  0x0000000017f1a800 JavaThread "pool-1-thread-1" [_thread_blocked, id=8320, stack(0x0000000019f00000,0x000000001a000000)]
  0x0000000017214800 JavaThread "Handler for socket connection from /127.0.0.1:52604 to /127.0.0.1:52605" [_thread_in_native, id=9168, stack(0x0000000019e00000,0x0000000019f00000)]
  0x0000000017223800 JavaThread "Daemon" [_thread_blocked, id=9028, stack(0x0000000019b00000,0x0000000019c00000)]
  0x0000000018c4c000 JavaThread "Incoming local TCP Connector on port 52604" [_thread_in_native, id=6524, stack(0x0000000019430000,0x0000000019530000)]
  0x000000001719a000 JavaThread "Service Thread" daemon [_thread_blocked, id=9368, stack(0x0000000017a30000,0x0000000017b30000)]
  0x0000000017157000 JavaThread "C1 CompilerThread2" daemon [_thread_blocked, id=9704, stack(0x0000000017930000,0x0000000017a30000)]
  0x000000001713b800 JavaThread "C2 CompilerThread1" daemon [_thread_in_native, id=9956, stack(0x0000000017830000,0x0000000017930000)]
=>0x0000000015dd8000 JavaThread "C2 CompilerThread0" daemon [_thread_in_native, id=4684, stack(0x0000000017730000,0x0000000017830000)]
  0x0000000015d8d000 JavaThread "Attach Listener" daemon [_thread_blocked, id=8148, stack(0x0000000017630000,0x0000000017730000)]
  0x0000000015d77000 JavaThread "Signal Dispatcher" daemon [_thread_blocked, id=9116, stack(0x0000000017530000,0x0000000017630000)]
  0x00000000023ea000 JavaThread "Finalizer" daemon [_thread_blocked, id=1028, stack(0x0000000016fe0000,0x00000000170e0000)]
  0x00000000023e1000 JavaThread "Reference Handler" daemon [_thread_blocked, id=9840, stack(0x0000000016ee0000,0x0000000016fe0000)]
  0x00000000022f0800 JavaThread "main" [_thread_blocked, id=9612, stack(0x0000000001f00000,0x0000000002000000)]

Other Threads:
  0x0000000015d44800 VMThread [stack: 0x0000000016de0000,0x0000000016ee0000] [id=8276]
  0x000000001719b000 WatcherThread [stack: 0x0000000017b30000,0x0000000017c30000] [id=2080]

VM state:not at safepoint (normal execution)

VM Mutex/Monitor currently owned by a thread: None

Heap:
 PSYoungGen      total 72192K, used 36206K [0x00000000e0000000, 0x00000000e5200000, 0x0000000100000000)
  eden space 62464K, 47% used [0x00000000e0000000,0x00000000e1d0a5d0,0x00000000e3d00000)
  from space 9728K, 66% used [0x00000000e4880000,0x00000000e4ed13f8,0x00000000e5200000)
  to   space 10752K, 0% used [0x00000000e3d00000,0x00000000e3d00000,0x00000000e4780000)
 ParOldGen       total 66048K, used 14921K [0x00000000a0000000, 0x00000000a4080000, 0x00000000e0000000)
  object space 66048K, 22% used [0x00000000a0000000,0x00000000a0e92648,0x00000000a4080000)
 Metaspace       used 39998K, capacity 40980K, committed 41344K, reserved 1085440K
  class space    used 5410K, capacity 5664K, committed 5760K, reserved 1048576K

Card table byte_map: [0x00000000117b0000,0x0000000011ac0000] byte_map_base: 0x00000000112b0000

Marking Bits: (ParMarkBitMap*) 0x00000000539518f0
 Begin Bits: [0x00000000120c0000, 0x00000000138c0000)
 End Bits:   [0x00000000138c0000, 0x00000000150c0000)

Polling page: 0x0000000000790000

CodeCache: size=245760Kb used=14983Kb max_used=14986Kb free=230776Kb
 bounds [0x00000000023f0000, 0x00000000032a0000, 0x00000000113f0000]
 total_blobs=4539 nmethods=3822 adapters=629
 compilation: enabled

Compilation events (10 events):
Event: 35.563 Thread 0x0000000017157000 nmethod 4115 0x000000000328cc10 code [0x000000000328cda0, 0x000000000328d148]
Event: 35.564 Thread 0x0000000015dd8000 4116       4       sun.reflect.generics.parser.SignatureParser::parseFieldTypeSignature (73 bytes)
Event: 35.564 Thread 0x0000000017157000 4117       3       com.sun.xml.internal.bind.v2.model.impl.TypeInfoImpl::reader (8 bytes)
Event: 35.565 Thread 0x0000000017157000 nmethod 4117 0x000000000328c8d0 code [0x000000000328ca20, 0x000000000328cb70]
Event: 35.567 Thread 0x0000000017157000 4118       3       java.lang.reflect.Proxy$Key1::equals (47 bytes)
Event: 35.568 Thread 0x0000000017157000 nmethod 4118 0x000000000329d850 code [0x000000000329d9e0, 0x000000000329e030]
Event: 35.571 Thread 0x0000000017157000 4122  s    3       java.lang.reflect.Field::declaredAnnotations (59 bytes)
Event: 35.574 Thread 0x0000000017157000 nmethod 4122 0x000000000329cd50 code [0x000000000329cf00, 0x000000000329d608]
Event: 35.575 Thread 0x0000000017157000 4123       1       com.sun.xml.internal.bind.v2.model.impl.TypeInfoImpl::nav (8 bytes)
Event: 35.575 Thread 0x0000000017157000 nmethod 4123 0x000000000328c5d0 code [0x000000000328c720, 0x000000000328c830]

GC Heap History (10 events):
Event: 24.189 GC heap before
{Heap before GC invocations=8 (full 1):
 PSYoungGen      total 55296K, used 52440K [0x00000000e0000000, 0x00000000e4100000, 0x0000000100000000)
  eden space 46080K, 100% used [0x00000000e0000000,0x00000000e2d00000,0x00000000e2d00000)
  from space 9216K, 69% used [0x00000000e3800000,0x00000000e3e360a8,0x00000000e4100000)
  to   space 10240K, 0% used [0x00000000e2d00000,0x00000000e2d00000,0x00000000e3700000)
 ParOldGen       total 66048K, used 8700K [0x00000000a0000000, 0x00000000a4080000, 0x00000000e0000000)
  object space 66048K, 13% used [0x00000000a0000000,0x00000000a087f128,0x00000000a4080000)
 Metaspace       used 29771K, capacity 30420K, committed 30720K, reserved 1075200K
  class space    used 4063K, capacity 4246K, committed 4352K, reserved 1048576K
Event: 24.221 GC heap after
Heap after GC invocations=8 (full 1):
 PSYoungGen      total 56320K, used 6667K [0x00000000e0000000, 0x00000000e5200000, 0x0000000100000000)
  eden space 46080K, 0% used [0x00000000e0000000,0x00000000e0000000,0x00000000e2d00000)
  from space 10240K, 65% used [0x00000000e2d00000,0x00000000e3382c88,0x00000000e3700000)
  to   space 9728K, 0% used [0x00000000e4880000,0x00000000e4880000,0x00000000e5200000)
 ParOldGen       total 66048K, used 8708K [0x00000000a0000000, 0x00000000a4080000, 0x00000000e0000000)
  object space 66048K, 13% used [0x00000000a0000000,0x00000000a0881128,0x00000000a4080000)
 Metaspace       used 29771K, capacity 30420K, committed 30720K, reserved 1075200K
  class space    used 4063K, capacity 4246K, committed 4352K, reserved 1048576K
}
Event: 33.089 GC heap before
{Heap before GC invocations=9 (full 1):
 PSYoungGen      total 56320K, used 52747K [0x00000000e0000000, 0x00000000e5200000, 0x0000000100000000)
  eden space 46080K, 100% used [0x00000000e0000000,0x00000000e2d00000,0x00000000e2d00000)
  from space 10240K, 65% used [0x00000000e2d00000,0x00000000e3382c88,0x00000000e3700000)
  to   space 9728K, 0% used [0x00000000e4880000,0x00000000e4880000,0x00000000e5200000)
 ParOldGen       total 66048K, used 8708K [0x00000000a0000000, 0x00000000a4080000, 0x00000000e0000000)
  object space 66048K, 13% used [0x00000000a0000000,0x00000000a0881128,0x00000000a4080000)
 Metaspace       used 33373K, capacity 34076K, committed 34432K, reserved 1079296K
  class space    used 4489K, capacity 4681K, committed 4736K, reserved 1048576K
Event: 33.114 GC heap after
Heap after GC invocations=9 (full 1):
 PSYoungGen      total 72192K, used 9518K [0x00000000e0000000, 0x00000000e5200000, 0x0000000100000000)
  eden space 62464K, 0% used [0x00000000e0000000,0x00000000e0000000,0x00000000e3d00000)
  from space 9728K, 97% used [0x00000000e4880000,0x00000000e51cba20,0x00000000e5200000)
  to   space 10752K, 0% used [0x00000000e3d00000,0x00000000e3d00000,0x00000000e4780000)
 ParOldGen       total 66048K, used 8780K [0x00000000a0000000, 0x00000000a4080000, 0x00000000e0000000)
  object space 66048K, 13% used [0x00000000a0000000,0x00000000a0893138,0x00000000a4080000)
 Metaspace       used 33373K, capacity 34076K, committed 34432K, reserved 1079296K
  class space    used 4489K, capacity 4681K, committed 4736K, reserved 1048576K
}
Event: 33.474 GC heap before
{Heap before GC invocations=10 (full 1):
 PSYoungGen      total 72192K, used 23450K [0x00000000e0000000, 0x00000000e5200000, 0x0000000100000000)
  eden space 62464K, 22% used [0x00000000e0000000,0x00000000e0d9ae40,0x00000000e3d00000)
  from space 9728K, 97% used [0x00000000e4880000,0x00000000e51cba20,0x00000000e5200000)
  to   space 10752K, 0% used [0x00000000e3d00000,0x00000000e3d00000,0x00000000e4780000)
 ParOldGen       total 66048K, used 8780K [0x00000000a0000000, 0x00000000a4080000, 0x00000000e0000000)
  object space 66048K, 13% used [0x00000000a0000000,0x00000000a0893138,0x00000000a4080000)
 Metaspace       used 34604K, capacity 35358K, committed 35416K, reserved 1079296K
  class space    used 4658K, capacity 4854K, committed 4864K, reserved 1048576K
Event: 33.488 GC heap after
Heap after GC invocations=10 (full 1):
 PSYoungGen      total 73216K, used 8359K [0x00000000e0000000, 0x00000000e5200000, 0x0000000100000000)
  eden space 62464K, 0% used [0x00000000e0000000,0x00000000e0000000,0x00000000e3d00000)
  from space 10752K, 77% used [0x00000000e3d00000,0x00000000e4529ee0,0x00000000e4780000)
  to   space 9728K, 0% used [0x00000000e4880000,0x00000000e4880000,0x00000000e5200000)
 ParOldGen       total 66048K, used 8788K [0x00000000a0000000, 0x00000000a4080000, 0x00000000e0000000)
  object space 66048K, 13% used [0x00000000a0000000,0x00000000a0895138,0x00000000a4080000)
 Metaspace       used 34604K, capacity 35358K, committed 35416K, reserved 1079296K
  class space    used 4658K, capacity 4854K, committed 4864K, reserved 1048576K
}
Event: 33.488 GC heap before
{Heap before GC invocations=11 (full 2):
 PSYoungGen      total 73216K, used 8359K [0x00000000e0000000, 0x00000000e5200000, 0x0000000100000000)
  eden space 62464K, 0% used [0x00000000e0000000,0x00000000e0000000,0x00000000e3d00000)
  from space 10752K, 77% used [0x00000000e3d00000,0x00000000e4529ee0,0x00000000e4780000)
  to   space 9728K, 0% used [0x00000000e4880000,0x00000000e4880000,0x00000000e5200000)
 ParOldGen       total 66048K, used 8788K [0x00000000a0000000, 0x00000000a4080000, 0x00000000e0000000)
  object space 66048K, 13% used [0x00000000a0000000,0x00000000a0895138,0x00000000a4080000)
 Metaspace       used 34604K, capacity 35358K, committed 35416K, reserved 1079296K
  class space    used 4658K, capacity 4854K, committed 4864K, reserved 1048576K
Event: 33.636 GC heap after
Heap after GC invocations=11 (full 2):
 PSYoungGen      total 73216K, used 0K [0x00000000e0000000, 0x00000000e5200000, 0x0000000100000000)
  eden space 62464K, 0% used [0x00000000e0000000,0x00000000e0000000,0x00000000e3d00000)
  from space 10752K, 0% used [0x00000000e3d00000,0x00000000e3d00000,0x00000000e4780000)
  to   space 9728K, 0% used [0x00000000e4880000,0x00000000e4880000,0x00000000e5200000)
 ParOldGen       total 66048K, used 14913K [0x00000000a0000000, 0x00000000a4080000, 0x00000000e0000000)
  object space 66048K, 22% used [0x00000000a0000000,0x00000000a0e90648,0x00000000a4080000)
 Metaspace       used 34604K, capacity 35358K, committed 35416K, reserved 1079296K
  class space    used 4658K, capacity 4854K, committed 4864K, reserved 1048576K
}
Event: 34.678 GC heap before
{Heap before GC invocations=12 (full 2):
 PSYoungGen      total 73216K, used 62464K [0x00000000e0000000, 0x00000000e5200000, 0x0000000100000000)
  eden space 62464K, 100% used [0x00000000e0000000,0x00000000e3d00000,0x00000000e3d00000)
  from space 10752K, 0% used [0x00000000e3d00000,0x00000000e3d00000,0x00000000e4780000)
  to   space 9728K, 0% used [0x00000000e4880000,0x00000000e4880000,0x00000000e5200000)
 ParOldGen       total 66048K, used 14913K [0x00000000a0000000, 0x00000000a4080000, 0x00000000e0000000)
  object space 66048K, 22% used [0x00000000a0000000,0x00000000a0e90648,0x00000000a4080000)
 Metaspace       used 37834K, capacity 38680K, committed 38912K, reserved 1083392K
  class space    used 5055K, capacity 5265K, committed 5376K, reserved 1048576K
Event: 34.688 GC heap after
Heap after GC invocations=12 (full 2):
 PSYoungGen      total 72192K, used 6468K [0x00000000e0000000, 0x00000000e5200000, 0x0000000100000000)
  eden space 62464K, 0% used [0x00000000e0000000,0x00000000e0000000,0x00000000e3d00000)
  from space 9728K, 66% used [0x00000000e4880000,0x00000000e4ed13f8,0x00000000e5200000)
  to   space 10752K, 0% used [0x00000000e3d00000,0x00000000e3d00000,0x00000000e4780000)
 ParOldGen       total 66048K, used 14921K [0x00000000a0000000, 0x00000000a4080000, 0x00000000e0000000)
  object space 66048K, 22% used [0x00000000a0000000,0x00000000a0e92648,0x00000000a4080000)
 Metaspace       used 37834K, capacity 38680K, committed 38912K, reserved 1083392K
  class space    used 5055K, capacity 5265K, committed 5376K, reserved 1048576K
}

Deoptimization events (10 events):
Event: 34.542 Thread 0x00000000183ec800 Uncommon trap: reason=unstable_if action=reinterpret pc=0x0000000002ab422c method=java.security.CodeSource.getCertificates()[Ljava/security/cert/Certificate; @ 22
Event: 34.569 Thread 0x00000000183ec800 Uncommon trap: reason=unstable_if action=reinterpret pc=0x00000000027dc580 method=java.util.LinkedHashMap.get(Ljava/lang/Object;)Ljava/lang/Object; @ 20
Event: 35.556 Thread 0x00000000183ec800 Uncommon trap: reason=class_check action=maybe_recompile pc=0x0000000002e67a10 method=java.util.AbstractList$Itr.hasNext()Z @ 8
Event: 35.557 Thread 0x00000000183ec800 Uncommon trap: reason=class_check action=maybe_recompile pc=0x0000000002f2b504 method=java.util.AbstractList$Itr.next()Ljava/lang/Object; @ 14
Event: 35.557 Thread 0x00000000183ec800 Uncommon trap: reason=class_check action=maybe_recompile pc=0x0000000002e67a10 method=java.util.AbstractList$Itr.hasNext()Z @ 8
Event: 35.557 Thread 0x00000000183ec800 Uncommon trap: reason=class_check action=maybe_recompile pc=0x0000000002e67a10 method=java.util.AbstractList$Itr.hasNext()Z @ 8
Event: 35.557 Thread 0x00000000183ec800 Uncommon trap: reason=class_check action=maybe_recompile pc=0x0000000002f2b504 method=java.util.AbstractList$Itr.next()Ljava/lang/Object; @ 14
Event: 35.557 Thread 0x00000000183ec800 Uncommon trap: reason=class_check action=maybe_recompile pc=0x0000000002e67a10 method=java.util.AbstractList$Itr.hasNext()Z @ 8
Event: 35.561 Thread 0x00000000183ec800 Uncommon trap: reason=class_check action=maybe_recompile pc=0x0000000002f2b504 method=java.util.AbstractList$Itr.next()Ljava/lang/Object; @ 14
Event: 35.565 Thread 0x00000000183ec800 Uncommon trap: reason=class_check action=maybe_recompile pc=0x0000000002f2b504 method=java.util.AbstractList$Itr.next()Ljava/lang/Object; @ 14

Internal exceptions (10 events):
Event: 35.493 Thread 0x00000000183ec800 Exception <a 'sun/nio/fs/WindowsException'> (0x00000000e1b14610) thrown at [C:\src\android\AOSP-openjdk\external\jetbrains\jdk\hotspot\src\share\vm\prims\jni.cpp, line 709]
Event: 35.493 Thread 0x00000000183ec800 Exception <a 'sun/nio/fs/WindowsException'> (0x00000000e1b150e0) thrown at [C:\src\android\AOSP-openjdk\external\jetbrains\jdk\hotspot\src\share\vm\prims\jni.cpp, line 709]
Event: 35.493 Thread 0x00000000183ec800 Exception <a 'sun/nio/fs/WindowsException'> (0x00000000e1b16be0) thrown at [C:\src\android\AOSP-openjdk\external\jetbrains\jdk\hotspot\src\share\vm\prims\jni.cpp, line 709]
Event: 35.493 Thread 0x00000000183ec800 Exception <a 'sun/nio/fs/WindowsException'> (0x00000000e1b176f0) thrown at [C:\src\android\AOSP-openjdk\external\jetbrains\jdk\hotspot\src\share\vm\prims\jni.cpp, line 709]
Event: 35.494 Thread 0x00000000183ec800 Exception <a 'sun/nio/fs/WindowsException'> (0x00000000e1b19f98) thrown at [C:\src\android\AOSP-openjdk\external\jetbrains\jdk\hotspot\src\share\vm\prims\jni.cpp, line 709]
Event: 35.494 Thread 0x00000000183ec800 Exception <a 'sun/nio/fs/WindowsException'> (0x00000000e1b1aae0) thrown at [C:\src\android\AOSP-openjdk\external\jetbrains\jdk\hotspot\src\share\vm\prims\jni.cpp, line 709]
Event: 35.494 Thread 0x00000000183ec800 Exception <a 'sun/nio/fs/WindowsException'> (0x00000000e1b1c658) thrown at [C:\src\android\AOSP-openjdk\external\jetbrains\jdk\hotspot\src\share\vm\prims\jni.cpp, line 709]
Event: 35.494 Thread 0x00000000183ec800 Exception <a 'sun/nio/fs/WindowsException'> (0x00000000e1b1d1e0) thrown at [C:\src\android\AOSP-openjdk\external\jetbrains\jdk\hotspot\src\share\vm\prims\jni.cpp, line 709]
Event: 35.516 Thread 0x00000000183ec800 Exception <a 'java/lang/ClassNotFoundException': com/sun/org/glassfish/hk2/osgiresourcelocator/ServiceLoader> (0x00000000e1b71fe8) thrown at [C:\src\android\AOSP-openjdk\external\jetbrains\jdk\hotspot\src\share\vm\classfile\systemDictionary.cpp, line 210]
Event: 35.524 Thread 0x00000000183ec800 Exception <a 'java/lang/NullPointerException'> (0x00000000e1ba6c10) thrown at [C:\src\android\AOSP-openjdk\external\jetbrains\jdk\hotspot\src\share\vm\interpreter\linkResolver.cpp, line 1280]

Events (10 events):
Event: 35.564 loading class com/sun/xml/internal/bind/v2/model/nav/ReflectionNavigator$BinderArg done
Event: 35.564 loading class com/sun/xml/internal/bind/v2/model/nav/ParameterizedTypeImpl
Event: 35.564 loading class com/sun/xml/internal/bind/v2/model/nav/ParameterizedTypeImpl done
Event: 35.565 Thread 0x00000000183ec800 Uncommon trap: trap_request=0xffffffde fr.pc=0x0000000002f2b504
Event: 35.565 Thread 0x00000000183ec800 DEOPT PACKING pc=0x0000000002f2b504 sp=0x000000001a1fb0a0
Event: 35.565 Thread 0x00000000183ec800 DEOPT UNPACKING pc=0x000000000243556a sp=0x000000001a1fb030 mode 2
Event: 35.565 loading class com/android/repository/impl/meta/Archive$HostConfig
Event: 35.565 loading class com/android/repository/impl/meta/Archive$HostConfig done
Event: 35.566 loading class com/android/repository/impl/meta/TrimStringAdapter
Event: 35.566 loading class com/android/repository/impl/meta/TrimStringAdapter done


Dynamic libraries:
0x00007ff78b9c0000 - 0x00007ff78b9f1000 	D:\AndroidStudio\jre\bin\java.exe
0x00007ff80d740000 - 0x00007ff80d8ed000 	C:\windows\SYSTEM32\ntdll.dll
0x00007ff80cdd0000 - 0x00007ff80cf0e000 	C:\windows\system32\KERNEL32.DLL
0x00007ff80a660000 - 0x00007ff80a775000 	C:\windows\system32\KERNELBASE.dll
0x00007ff80b170000 - 0x00007ff80b21a000 	C:\windows\system32\ADVAPI32.dll
0x00007ff80d3b0000 - 0x00007ff80d527000 	C:\windows\system32\USER32.dll
0x00007ff8085e0000 - 0x00007ff80885b000 	C:\windows\WinSxS\amd64_microsoft.windows.common-controls_6595b64144ccf1df_6.0.9600.18006_none_623f33d3ecbe86e8\COMCTL32.dll
0x00007ff80d300000 - 0x00007ff80d3aa000 	C:\windows\system32\msvcrt.dll
0x00007ff80b5d0000 - 0x00007ff80b629000 	C:\windows\SYSTEM32\sechost.dll
0x00007ff80cf20000 - 0x00007ff80d060000 	C:\windows\system32\RPCRT4.dll
0x00007ff80b260000 - 0x00007ff80b3af000 	C:\windows\system32\GDI32.dll
0x00007ff80a8c0000 - 0x00007ff80a8ee000 	C:\windows\system32\SspiCli.dll
0x00007ff80b220000 - 0x00007ff80b256000 	C:\windows\system32\IMM32.DLL
0x00007ff80d1a0000 - 0x00007ff80d2f2000 	C:\windows\system32\MSCTF.dll
0x0000000054e90000 - 0x0000000054f62000 	D:\AndroidStudio\jre\jre\bin\msvcr100.dll
0x0000000053190000 - 0x00000000539cc000 	D:\AndroidStudio\jre\jre\bin\server\jvm.dll
0x00007fffdeae0000 - 0x00007fffdeae9000 	C:\windows\SYSTEM32\WSOCK32.dll
0x00007ff80a790000 - 0x00007ff80a7b2000 	C:\windows\system32\WINMM.dll
0x00007ff802e40000 - 0x00007ff802e4a000 	C:\windows\SYSTEM32\VERSION.dll
0x00007ff80af70000 - 0x00007ff80af77000 	C:\windows\system32\PSAPI.DLL
0x00007ff80aad0000 - 0x00007ff80ab2a000 	C:\windows\system32\WS2_32.dll
0x00007ff80a580000 - 0x00007ff80a5aa000 	C:\windows\system32\WINMMBASE.dll
0x00007ff80cf10000 - 0x00007ff80cf19000 	C:\windows\system32\NSI.dll
0x00007ff80a870000 - 0x00007ff80a8bf000 	C:\windows\SYSTEM32\cfgmgr32.dll
0x00007ff80a530000 - 0x00007ff80a558000 	C:\windows\system32\DEVOBJ.dll
0x00007ff805990000 - 0x00007ff80599f000 	D:\AndroidStudio\jre\jre\bin\verify.dll
0x00007ffff4e00000 - 0x00007ffff4e29000 	D:\AndroidStudio\jre\jre\bin\java.dll
0x00007ffff4e70000 - 0x00007ffff4e86000 	D:\AndroidStudio\jre\jre\bin\zip.dll
0x00007ff80b810000 - 0x00007ff80cd39000 	C:\windows\system32\SHELL32.dll
0x00007ff80b3b0000 - 0x00007ff80b5c1000 	C:\windows\SYSTEM32\combase.dll
0x00007ff80cd60000 - 0x00007ff80cdb4000 	C:\windows\system32\SHLWAPI.dll
0x00007ff808a90000 - 0x00007ff808b42000 	C:\windows\SYSTEM32\SHCORE.dll
0x00007ff80a480000 - 0x00007ff80a495000 	C:\windows\SYSTEM32\profapi.dll
0x00007ffff4de0000 - 0x00007ffff4dfa000 	D:\AndroidStudio\jre\jre\bin\net.dll
0x00007ff809d70000 - 0x00007ff809dc9000 	C:\windows\system32\mswsock.dll
0x00007ffff4dc0000 - 0x00007ffff4dd1000 	D:\AndroidStudio\jre\jre\bin\nio.dll
0x00007ffff4be0000 - 0x00007ffff4bfe000 	D:\AndroidStudio\gradle\gradle-3.3\native\23\windows-amd64\native-platform.dll
0x00007ff809dd0000 - 0x00007ff809df0000 	C:\windows\SYSTEM32\CRYPTSP.dll
0x00007ff8099d0000 - 0x00007ff809a06000 	C:\windows\system32\rsaenh.dll
0x00007ff80a020000 - 0x00007ff80a046000 	C:\windows\SYSTEM32\bcrypt.dll
0x00007ff809b00000 - 0x00007ff809b21000 	C:\windows\SYSTEM32\USERENV.dll
0x00007ff80a350000 - 0x00007ff80a3b3000 	C:\windows\system32\bcryptprimitives.dll
0x00007ff80a3c0000 - 0x00007ff80a3cb000 	C:\windows\SYSTEM32\CRYPTBASE.dll
0x00007ff8048c0000 - 0x00007ff8048ea000 	C:\windows\SYSTEM32\IPHLPAPI.DLL
0x00007ff804840000 - 0x00007ff80484a000 	C:\windows\SYSTEM32\WINNSI.DLL
0x00007ff804490000 - 0x00007ff8044a6000 	C:\windows\SYSTEM32\dhcpcsvc6.DLL
0x00007ff804410000 - 0x00007ff80442a000 	C:\windows\SYSTEM32\dhcpcsvc.DLL
0x00007ff804c20000 - 0x00007ff804c2d000 	D:\AndroidStudio\jre\jre\bin\management.dll

VM Arguments:
jvm_args: -Xmx1536m -Dfile.encoding=GBK -Duser.country=CN -Duser.language=zh -Duser.variant 
java_command: org.gradle.launcher.daemon.bootstrap.GradleDaemon 3.3
java_class_path (initial): D:\AndroidStudio\gradle\gradle-3.3\lib\gradle-launcher-3.3.jar
Launcher Type: SUN_STANDARD

Environment Variables:
JAVA_HOME=D:\Program Files\Java\jdk1.8.0_60
CLASSPATH=.
PATH=D:\Program Files\Java\jdk1.8.0_60\bin;C:\Program Files (x86)\Lenovo\FusionEngine;C:\Program Files (x86)\Intel\iCLS Client\;C:\Program Files\Intel\iCLS Client\;C:\windows\system32;C:\windows;C:\windows\System32\Wbem;C:\windows\System32\WindowsPowerShell\v1.0\;C:\Program Files (x86)\ATI Technologies\ATI.ACE\Core-Static;C:\Program Files\Intel\Intel(R) Management Engine Components\DAL;C:\Program Files (x86)\Intel\Intel(R) Management Engine Components\DAL;C:\Program Files\Intel\Intel(R) Management Engine Components\IPT;C:\Program Files (x86)\Intel\Intel(R) Management Engine Components\IPT;C:\Program Files (x86)\Common Files\lenovo\easyplussdk\bin;C:\Program Files (x86)\Microsoft SQL Server\100\Tools\Binn\;C:\Program Files\Microsoft SQL Server\100\Tools\Binn\;C:\Program Files\Microsoft SQL Server\100\DTS\Binn\;C:\Program Files (x86)\Microsoft SQL Server\100\Tools\Binn\VSShell\Common7\IDE\;C:\Program Files (x86)\Microsoft SQL Server\100\DTS\Binn\;C:\Program Files (x86)\Microsoft Visual Studio 9.0\Common7\IDE\PrivateAssemblies\;C:\Program Files\Microsoft SQL Server\110\DTS\Binn\;C:\Program Files (x86)\Microsoft SQL Server\110\Tools\Binn\;C:\Program Files\Microsoft SQL Server\110\Tools\Binn\;C:\Program Files (x86)\Microsoft SQL Server\110\Tools\Binn\ManagementStudio\;C:\Program Files (x86)\Microsoft Visual Studio 10.0\Common7\IDE\PrivateAssemblies\;C:\Program Files (x86)\Microsoft SQL Server\110\DTS\Binn\;D:\mysql\mysql-5.7.18-winx64\bin;D:\Git\cmd;D:\Android_sdk\build-tools;D:\Android_sdk\tools;
USERNAME=lenovo
OS=Windows_NT
PROCESSOR_IDENTIFIER=Intel64 Family 6 Model 61 Stepping 4, GenuineIntel



---------------  S Y S T E M  ---------------

OS: Windows 8.1 , 64 bit Build 9600 (6.3.9600.17415)

CPU:total 4 (2 cores per cpu, 2 threads per core) family 6 model 61 stepping 4, cmov, cx8, fxsr, mmx, sse, sse2, sse3, ssse3, sse4.1, sse4.2, popcnt, avx, avx2, aes, clmul, erms, 3dnowpref, lzcnt, ht, tsc, tscinvbit, bmi1, bmi2, adx

Memory: 4k page, physical 8301656k(2004152k free), swap 8301656k(3300k free)

vm_info: OpenJDK 64-Bit Server VM (25.112-b06) for windows-amd64 JRE (1.8.0_112-release-b06), built on Dec  8 2016 00:54:26 by "builder" with MS VC++ 10.0 (VS2010)

time: Thu Aug 24 15:14:13 2017
elapsed time: 35 seconds (0d 0h 0m 35s)

