#
# There is insufficient memory for the Java Runtime Environment to continue.
# Native memory allocation (malloc) failed to allocate 612656 bytes for Chunk::new
# Possible reasons:
#   The system is out of physical RAM or swap space
#   In 32 bit mode, the process size limit was hit
# Possible solutions:
#   Reduce memory load on the system
#   Increase physical memory or swap space
#   Check if swap backing store is full
#   Use 64 bit Java on a 64 bit OS
#   Decrease Java heap size (-Xmx/-Xms)
#   Decrease number of Java threads
#   Decrease Java thread stack sizes (-Xss)
#   Set larger code cache with -XX:ReservedCodeCacheSize=
# This output file may be truncated or incomplete.
#
#  Out of Memory Error (allocation.cpp:390), pid=7680, tid=0x000000000000224c
#
# JRE version: OpenJDK Runtime Environment (8.0_112-b06) (build 1.8.0_112-release-b06)
# Java VM: OpenJDK 64-Bit Server VM (25.112-b06 mixed mode windows-amd64 compressed oops)
# Failed to write core dump. Minidumps are not enabled by default on client versions of Windows
#

---------------  T H R E A D  ---------------

Current thread (0x000000001657d800):  JavaThread "C2 CompilerThread0" daemon [_thread_in_native, id=8780, stack(0x0000000017ec0000,0x0000000017fc0000)]

Stack: [0x0000000017ec0000,0x0000000017fc0000]
[error occurred during error reporting (printing stack bounds), id 0xc0000005]

Native frames: (J=compiled Java code, j=interpreted, Vv=VM code, C=native code)


Current CompileTask:
C2:   8365 1434       4       java.io.WinNTFileSystem::normalize (231 bytes)


---------------  P R O C E S S  ---------------

Java Threads: ( => current thread )
  0x000000001ae5c000 JavaThread "File lock request listener" [_thread_in_native, id=7252, stack(0x000000001bce0000,0x000000001bde0000)]
  0x0000000018816800 JavaThread "Stdin handler" [_thread_blocked, id=5740, stack(0x000000001aa10000,0x000000001ab10000)]
  0x0000000018816000 JavaThread "Asynchronous log dispatcher for DefaultDaemonConnection: socket connection from /127.0.0.1:65087 to /127.0.0.1:65088" [_thread_blocked, id=2820, stack(0x000000001a910000,0x000000001aa10000)]
  0x00000000199cf800 JavaThread "Daemon worker" [_thread_in_native, id=4552, stack(0x000000001a810000,0x000000001a910000)]
  0x00000000199c9000 JavaThread "Cancel handler" [_thread_blocked, id=4196, stack(0x000000001a710000,0x000000001a810000)]
  0x00000000193a0800 JavaThread "pool-1-thread-1" [_thread_blocked, id=6984, stack(0x000000001a610000,0x000000001a710000)]
  0x000000001938a000 JavaThread "Handler for socket connection from /127.0.0.1:65087 to /127.0.0.1:65088" [_thread_in_native, id=6380, stack(0x000000001a510000,0x000000001a610000)]
  0x0000000019429800 JavaThread "Daemon" [_thread_blocked, id=8320, stack(0x000000001a410000,0x000000001a510000)]
  0x0000000019497800 JavaThread "Incoming local TCP Connector on port 65087" [_thread_in_native, id=5088, stack(0x0000000019d90000,0x0000000019e90000)]
  0x000000001790b000 JavaThread "Service Thread" daemon [_thread_blocked, id=936, stack(0x00000000181c0000,0x00000000182c0000)]
  0x00000000178d3800 JavaThread "C1 CompilerThread2" daemon [_thread_blocked, id=8156, stack(0x00000000180c0000,0x00000000181c0000)]
  0x00000000165ca000 JavaThread "C2 CompilerThread1" daemon [_thread_in_native, id=6908, stack(0x0000000017fc0000,0x00000000180c0000)]
=>0x000000001657d800 JavaThread "C2 CompilerThread0" daemon [_thread_in_native, id=8780, stack(0x0000000017ec0000,0x0000000017fc0000)]
  0x000000001657b800 JavaThread "Attach Listener" daemon [_thread_blocked, id=7548, stack(0x0000000017dc0000,0x0000000017ec0000)]
  0x00000000178c8800 JavaThread "Signal Dispatcher" daemon [_thread_blocked, id=8800, stack(0x0000000017cc0000,0x0000000017dc0000)]
  0x0000000002bfa000 JavaThread "Finalizer" daemon [_thread_blocked, id=3172, stack(0x00000000177c0000,0x00000000178c0000)]
  0x0000000002bf1000 JavaThread "Reference Handler" daemon [_thread_blocked, id=7744, stack(0x00000000176c0000,0x00000000177c0000)]
  0x0000000002b00800 JavaThread "main" [_thread_blocked, id=4556, stack(0x0000000002940000,0x0000000002a40000)]

Other Threads:
  0x0000000016534800 VMThread [stack: 0x00000000175c0000,0x00000000176c0000] [id=8328]
  0x000000001790c800 WatcherThread [stack: 0x00000000182c0000,0x00000000183c0000] [id=6220]

VM state:not at safepoint (normal execution)

VM Mutex/Monitor currently owned by a thread: None

Heap:
 PSYoungGen      total 38400K, used 30813K [0x00000000e0000000, 0x00000000e2a80000, 0x0000000100000000)
  eden space 33280K, 77% used [0x00000000e0000000,0x00000000e191f0d0,0x00000000e2080000)
  from space 5120K, 99% used [0x00000000e2580000,0x00000000e2a785c8,0x00000000e2a80000)
  to   space 5120K, 0% used [0x00000000e2080000,0x00000000e2080000,0x00000000e2580000)
 ParOldGen       total 87552K, used 1335K [0x00000000a0000000, 0x00000000a5580000, 0x00000000e0000000)
  object space 87552K, 1% used [0x00000000a0000000,0x00000000a014dc70,0x00000000a5580000)
 Metaspace       used 16473K, capacity 16926K, committed 17024K, reserved 1064960K
  class space    used 2294K, capacity 2432K, committed 2432K, reserved 1048576K

Card table byte_map: [0x0000000011fc0000,0x00000000122d0000] byte_map_base: 0x0000000011ac0000

Marking Bits: (ParMarkBitMap*) 0x000000005af318f0
 Begin Bits: [0x00000000128d0000, 0x00000000140d0000)
 End Bits:   [0x00000000140d0000, 0x00000000158d0000)

Polling page: 0x0000000000d80000

CodeCache: size=245760Kb used=5023Kb max_used=5023Kb free=240736Kb
 bounds [0x0000000002c00000, 0x00000000030f0000, 0x0000000011c00000]
 total_blobs=1830 nmethods=1435 adapters=308
 compilation: enabled

Compilation events (10 events):
Event: 8.210 Thread 0x00000000178d3800 1436       3       com.google.common.collect.ObjectArrays::checkElementNotNull (33 bytes)
Event: 8.212 Thread 0x00000000178d3800 nmethod 1436 0x00000000030e1bd0 code [0x00000000030e1da0, 0x00000000030e25b8]
Event: 8.261 Thread 0x00000000178d3800 1438       1       java.io.ExpiringCache::access$000 (5 bytes)
Event: 8.261 Thread 0x00000000178d3800 nmethod 1438 0x00000000030e16d0 code [0x00000000030e1820, 0x00000000030e1910]
Event: 8.301 Thread 0x00000000178d3800 1439       3       org.gradle.internal.service.DefaultServiceRegistry$RelevantMethodsBuilder::add (31 bytes)
Event: 8.302 Thread 0x00000000178d3800 nmethod 1439 0x00000000030e8910 code [0x00000000030e8aa0, 0x00000000030e8f28]
Event: 8.302 Thread 0x00000000178d3800 1440       3       java.util.LinkedList$ListItr::remove (84 bytes)
Event: 8.303 Thread 0x00000000178d3800 nmethod 1440 0x00000000030e90d0 code [0x00000000030e9280, 0x00000000030e97a8]
Event: 8.304 Thread 0x00000000178d3800 1441       3       org.gradle.internal.service.DefaultServiceRegistry$FactoryMethodService::<init> (25 bytes)
Event: 8.308 Thread 0x00000000178d3800 nmethod 1441 0x00000000030e99d0 code [0x00000000030e9c40, 0x00000000030eaec8]

GC Heap History (4 events):
Event: 2.437 GC heap before
{Heap before GC invocations=1 (full 0):
 PSYoungGen      total 38400K, used 33280K [0x00000000e0000000, 0x00000000e2a80000, 0x0000000100000000)
  eden space 33280K, 100% used [0x00000000e0000000,0x00000000e2080000,0x00000000e2080000)
  from space 5120K, 0% used [0x00000000e2580000,0x00000000e2580000,0x00000000e2a80000)
  to   space 5120K, 0% used [0x00000000e2080000,0x00000000e2080000,0x00000000e2580000)
 ParOldGen       total 87552K, used 0K [0x00000000a0000000, 0x00000000a5580000, 0x00000000e0000000)
  object space 87552K, 0% used [0x00000000a0000000,0x00000000a0000000,0x00000000a5580000)
 Metaspace       used 6932K, capacity 7196K, committed 7424K, reserved 1056768K
  class space    used 851K, capacity 932K, committed 1024K, reserved 1048576K
Event: 2.457 GC heap after
Heap after GC invocations=1 (full 0):
 PSYoungGen      total 38400K, used 4958K [0x00000000e0000000, 0x00000000e2a80000, 0x0000000100000000)
  eden space 33280K, 0% used [0x00000000e0000000,0x00000000e0000000,0x00000000e2080000)
  from space 5120K, 96% used [0x00000000e2080000,0x00000000e2557ae8,0x00000000e2580000)
  to   space 5120K, 0% used [0x00000000e2580000,0x00000000e2580000,0x00000000e2a80000)
 ParOldGen       total 87552K, used 8K [0x00000000a0000000, 0x00000000a5580000, 0x00000000e0000000)
  object space 87552K, 0% used [0x00000000a0000000,0x00000000a0002000,0x00000000a5580000)
 Metaspace       used 6932K, capacity 7196K, committed 7424K, reserved 1056768K
  class space    used 851K, capacity 932K, committed 1024K, reserved 1048576K
}
Event: 5.783 GC heap before
{Heap before GC invocations=2 (full 0):
 PSYoungGen      total 38400K, used 38238K [0x00000000e0000000, 0x00000000e2a80000, 0x0000000100000000)
  eden space 33280K, 100% used [0x00000000e0000000,0x00000000e2080000,0x00000000e2080000)
  from space 5120K, 96% used [0x00000000e2080000,0x00000000e2557ae8,0x00000000e2580000)
  to   space 5120K, 0% used [0x00000000e2580000,0x00000000e2580000,0x00000000e2a80000)
 ParOldGen       total 87552K, used 8K [0x00000000a0000000, 0x00000000a5580000, 0x00000000e0000000)
  object space 87552K, 0% used [0x00000000a0000000,0x00000000a0002000,0x00000000a5580000)
 Metaspace       used 13475K, capacity 13826K, committed 14080K, reserved 1060864K
  class space    used 1813K, capacity 1938K, committed 2048K, reserved 1048576K
Event: 5.816 GC heap after
Heap after GC invocations=2 (full 0):
 PSYoungGen      total 38400K, used 5089K [0x00000000e0000000, 0x00000000e2a80000, 0x0000000100000000)
  eden space 33280K, 0% used [0x00000000e0000000,0x00000000e0000000,0x00000000e2080000)
  from space 5120K, 99% used [0x00000000e2580000,0x00000000e2a785c8,0x00000000e2a80000)
  to   space 5120K, 0% used [0x00000000e2080000,0x00000000e2080000,0x00000000e2580000)
 ParOldGen       total 87552K, used 1335K [0x00000000a0000000, 0x00000000a5580000, 0x00000000e0000000)
  object space 87552K, 1% used [0x00000000a0000000,0x00000000a014dc70,0x00000000a5580000)
 Metaspace       used 13475K, capacity 13826K, committed 14080K, reserved 1060864K
  class space    used 1813K, capacity 1938K, committed 2048K, reserved 1048576K
}

Deoptimization events (10 events):
Event: 5.444 Thread 0x00000000199cf800 Uncommon trap: reason=bimorphic action=maybe_recompile pc=0x0000000002f8b670 method=java.util.HashMap.putVal(ILjava/lang/Object;Ljava/lang/Object;ZZ)Ljava/lang/Object; @ 253
Event: 5.445 Thread 0x00000000199cf800 Uncommon trap: reason=bimorphic action=maybe_recompile pc=0x0000000002f88ce0 method=java.util.HashMap.putVal(ILjava/lang/Object;Ljava/lang/Object;ZZ)Ljava/lang/Object; @ 253
Event: 6.168 Thread 0x00000000199cf800 Uncommon trap: reason=class_check action=maybe_recompile pc=0x0000000002e72360 method=java.util.regex.Matcher.match(II)Z @ 86
Event: 6.171 Thread 0x00000000199cf800 Uncommon trap: reason=class_check action=maybe_recompile pc=0x0000000002e72360 method=java.util.regex.Matcher.match(II)Z @ 86
Event: 6.618 Thread 0x00000000199cf800 Uncommon trap: reason=bimorphic action=maybe_recompile pc=0x0000000002edc39c method=java.util.HashMap.putVal(ILjava/lang/Object;Ljava/lang/Object;ZZ)Ljava/lang/Object; @ 91
Event: 6.618 Thread 0x00000000199cf800 Uncommon trap: reason=bimorphic action=maybe_recompile pc=0x0000000002edc39c method=java.util.HashMap.putVal(ILjava/lang/Object;Ljava/lang/Object;ZZ)Ljava/lang/Object; @ 91
Event: 7.827 Thread 0x00000000199cf800 Uncommon trap: reason=bimorphic action=maybe_recompile pc=0x000000000305c768 method=java.lang.ClassLoader.loadClass(Ljava/lang/String;Z)Ljava/lang/Class; @ 38
Event: 7.911 Thread 0x00000000199cf800 Uncommon trap: reason=bimorphic action=maybe_recompile pc=0x000000000305c768 method=java.lang.ClassLoader.loadClass(Ljava/lang/String;Z)Ljava/lang/Class; @ 38
Event: 7.936 Thread 0x00000000199cf800 Uncommon trap: reason=bimorphic action=maybe_recompile pc=0x000000000305c768 method=java.lang.ClassLoader.loadClass(Ljava/lang/String;Z)Ljava/lang/Class; @ 38
Event: 7.937 Thread 0x00000000199cf800 Uncommon trap: reason=bimorphic action=maybe_recompile pc=0x000000000305c768 method=java.lang.ClassLoader.loadClass(Ljava/lang/String;Z)Ljava/lang/Class; @ 38

Internal exceptions (10 events):
Event: 5.567 Thread 0x00000000199cf800 Exception <a 'java/lang/ArrayIndexOutOfBoundsException'> (0x00000000e1843950) thrown at [C:\src\android\AOSP-openjdk\external\jetbrains\jdk\hotspot\src\share\vm\runtime\sharedRuntime.cpp, line 605]
Event: 7.048 Thread 0x00000000199cf800 Exception <a 'java/lang/NoSuchMethodError': <clinit>> (0x00000000e14a8108) thrown at [C:\src\android\AOSP-openjdk\external\jetbrains\jdk\hotspot\src\share\vm\prims\jni.cpp, line 1613]
Event: 7.049 Thread 0x00000000199cf800 Exception <a 'java/lang/NoSuchMethodError': <clinit>> (0x00000000e14aa8d8) thrown at [C:\src\android\AOSP-openjdk\external\jetbrains\jdk\hotspot\src\share\vm\prims\jni.cpp, line 1613]
Event: 7.054 Thread 0x00000000199cf800 Exception <a 'java/lang/NoSuchMethodError': <clinit>> (0x00000000e14b6bb8) thrown at [C:\src\android\AOSP-openjdk\external\jetbrains\jdk\hotspot\src\share\vm\prims\jni.cpp, line 1613]
Event: 7.056 Thread 0x00000000199cf800 Exception <a 'java/lang/NoSuchMethodError': <clinit>> (0x00000000e14c1028) thrown at [C:\src\android\AOSP-openjdk\external\jetbrains\jdk\hotspot\src\share\vm\prims\jni.cpp, line 1613]
Event: 7.988 Thread 0x00000000199cf800 Exception <a 'java/lang/NoSuchMethodError': <clinit>> (0x00000000e15edf70) thrown at [C:\src\android\AOSP-openjdk\external\jetbrains\jdk\hotspot\src\share\vm\prims\jni.cpp, line 1613]
Event: 8.151 Thread 0x00000000199cf800 Exception <a 'java/lang/NoSuchMethodError': <clinit>> (0x00000000e1633aa0) thrown at [C:\src\android\AOSP-openjdk\external\jetbrains\jdk\hotspot\src\share\vm\prims\jni.cpp, line 1613]
Event: 8.154 Thread 0x00000000199cf800 Exception <a 'java/lang/NoSuchMethodError': <clinit>> (0x00000000e1641620) thrown at [C:\src\android\AOSP-openjdk\external\jetbrains\jdk\hotspot\src\share\vm\prims\jni.cpp, line 1613]
Event: 8.170 Thread 0x00000000199cf800 Exception <a 'java/lang/NoSuchMethodError': <clinit>> (0x00000000e1662208) thrown at [C:\src\android\AOSP-openjdk\external\jetbrains\jdk\hotspot\src\share\vm\prims\jni.cpp, line 1613]
Event: 8.213 Thread 0x00000000199cf800 Exception <a 'java/lang/NoSuchMethodError': <clinit>> (0x00000000e167fb30) thrown at [C:\src\android\AOSP-openjdk\external\jetbrains\jdk\hotspot\src\share\vm\prims\jni.cpp, line 1613]

Events (10 events):
Event: 8.353 loading class com/google/common/collect/Interners$WeakInterner$Dummy
Event: 8.354 loading class com/google/common/collect/Interners$WeakInterner$Dummy done
Event: 8.355 loading class com/google/common/collect/MapMakerInternalMap$WeakEntry
Event: 8.355 loading class com/google/common/collect/MapMakerInternalMap$WeakEntry done
Event: 8.357 loading class com/google/common/collect/MapMakerInternalMap$StrongValueReference
Event: 8.357 loading class com/google/common/collect/MapMakerInternalMap$StrongValueReference done
Event: 8.358 loading class org/gradle/groovy/scripts/internal/FactoryBackedCompileOperation
Event: 8.358 loading class org/gradle/groovy/scripts/internal/FactoryBackedCompileOperation done
Event: 8.359 loading class org/gradle/internal/Actions
Event: 8.359 loading class org/gradle/internal/Actions done


Dynamic libraries:
0x00007ff6371a0000 - 0x00007ff6371d1000 	D:\AndroidStudio\jre\bin\java.exe
0x00007ffb857f0000 - 0x00007ffb8599d000 	C:\windows\SYSTEM32\ntdll.dll
0x00007ffb82cd0000 - 0x00007ffb82e0e000 	C:\windows\system32\KERNEL32.DLL
0x00007ffb82a60000 - 0x00007ffb82b75000 	C:\windows\system32\KERNELBASE.dll
0x00007ffb837e0000 - 0x00007ffb8388a000 	C:\windows\system32\ADVAPI32.dll
0x00007ffb85670000 - 0x00007ffb857e7000 	C:\windows\system32\USER32.dll
0x00007ffb804d0000 - 0x00007ffb8074b000 	C:\windows\WinSxS\amd64_microsoft.windows.common-controls_6595b64144ccf1df_6.0.9600.18006_none_623f33d3ecbe86e8\COMCTL32.dll
0x00007ffb83f90000 - 0x00007ffb8403a000 	C:\windows\system32\msvcrt.dll
0x00007ffb83f30000 - 0x00007ffb83f89000 	C:\windows\SYSTEM32\sechost.dll
0x00007ffb82b80000 - 0x00007ffb82cc0000 	C:\windows\system32\RPCRT4.dll
0x00007ffb83190000 - 0x00007ffb832df000 	C:\windows\system32\GDI32.dll
0x00007ffb82930000 - 0x00007ffb8295e000 	C:\windows\system32\SspiCli.dll
0x00007ffb83490000 - 0x00007ffb834c6000 	C:\windows\system32\IMM32.DLL
0x00007ffb838a0000 - 0x00007ffb839f2000 	C:\windows\system32\MSCTF.dll
0x000000005c360000 - 0x000000005c432000 	D:\AndroidStudio\jre\jre\bin\msvcr100.dll
0x000000005a770000 - 0x000000005afac000 	D:\AndroidStudio\jre\jre\bin\server\jvm.dll
0x00007ffb5bc80000 - 0x00007ffb5bc89000 	C:\windows\SYSTEM32\WSOCK32.dll
0x00007ffb82660000 - 0x00007ffb82682000 	C:\windows\system32\WINMM.dll
0x00007ffb7ca00000 - 0x00007ffb7ca0a000 	C:\windows\SYSTEM32\VERSION.dll
0x00007ffb82cc0000 - 0x00007ffb82cc7000 	C:\windows\system32\PSAPI.DLL
0x00007ffb85570000 - 0x00007ffb855ca000 	C:\windows\system32\WS2_32.dll
0x00007ffb82630000 - 0x00007ffb8265a000 	C:\windows\system32\WINMMBASE.dll
0x00007ffb83480000 - 0x00007ffb83489000 	C:\windows\system32\NSI.dll
0x00007ffb82700000 - 0x00007ffb8274f000 	C:\windows\SYSTEM32\cfgmgr32.dll
0x00007ffb825e0000 - 0x00007ffb82608000 	C:\windows\system32\DEVOBJ.dll
0x00007ffb809f0000 - 0x00007ffb809ff000 	D:\AndroidStudio\jre\jre\bin\verify.dll
0x00007ffb7e490000 - 0x00007ffb7e4b9000 	D:\AndroidStudio\jre\jre\bin\java.dll
0x00007ffb7de40000 - 0x00007ffb7de56000 	D:\AndroidStudio\jre\jre\bin\zip.dll
0x00007ffb84040000 - 0x00007ffb85569000 	C:\windows\system32\SHELL32.dll
0x00007ffb83a00000 - 0x00007ffb83c11000 	C:\windows\SYSTEM32\combase.dll
0x00007ffb82ed0000 - 0x00007ffb82f24000 	C:\windows\system32\SHLWAPI.dll
0x00007ffb80dc0000 - 0x00007ffb80e72000 	C:\windows\SYSTEM32\SHCORE.dll
0x00007ffb82530000 - 0x00007ffb82545000 	C:\windows\SYSTEM32\profapi.dll
0x00007ffb7c780000 - 0x00007ffb7c79a000 	D:\AndroidStudio\jre\jre\bin\net.dll
0x00007ffb81e20000 - 0x00007ffb81e79000 	C:\windows\system32\mswsock.dll
0x00007ffb77740000 - 0x00007ffb77751000 	D:\AndroidStudio\jre\jre\bin\nio.dll
0x00007ffb6cf90000 - 0x00007ffb6cfae000 	D:\AndroidStudio\gradle\gradle-3.3\native\23\windows-amd64\native-platform.dll
0x00007ffb81e80000 - 0x00007ffb81ea0000 	C:\windows\SYSTEM32\CRYPTSP.dll
0x00007ffb81aa0000 - 0x00007ffb81ad6000 	C:\windows\system32\rsaenh.dll
0x00007ffb820f0000 - 0x00007ffb82116000 	C:\windows\SYSTEM32\bcrypt.dll
0x00007ffb81bb0000 - 0x00007ffb81bd1000 	C:\windows\SYSTEM32\USERENV.dll
0x00007ffb82400000 - 0x00007ffb82463000 	C:\windows\system32\bcryptprimitives.dll
0x00007ffb82470000 - 0x00007ffb8247b000 	C:\windows\SYSTEM32\CRYPTBASE.dll
0x00007ffb7c720000 - 0x00007ffb7c74a000 	C:\windows\SYSTEM32\IPHLPAPI.DLL
0x00007ffb7c7a0000 - 0x00007ffb7c7aa000 	C:\windows\SYSTEM32\WINNSI.DLL
0x00007ffb7bee0000 - 0x00007ffb7bef6000 	C:\windows\SYSTEM32\dhcpcsvc6.DLL
0x00007ffb7c370000 - 0x00007ffb7c38a000 	C:\windows\SYSTEM32\dhcpcsvc.DLL
0x00007ffb80950000 - 0x00007ffb8095d000 	D:\AndroidStudio\jre\jre\bin\management.dll

VM Arguments:
jvm_args: -Xmx1536m -Dfile.encoding=GBK -Duser.country=CN -Duser.language=zh -Duser.variant 
java_command: org.gradle.launcher.daemon.bootstrap.GradleDaemon 3.3
java_class_path (initial): D:\AndroidStudio\gradle\gradle-3.3\lib\gradle-launcher-3.3.jar
Launcher Type: SUN_STANDARD

Environment Variables:
JAVA_HOME=D:\Program Files\Java\jdk1.8.0_60
CLASSPATH=.
PATH=D:\Program Files\Java\jdk1.8.0_60\bin;C:\Program Files (x86)\Lenovo\FusionEngine;C:\Program Files (x86)\Intel\iCLS Client\;C:\Program Files\Intel\iCLS Client\;C:\windows\system32;C:\windows;C:\windows\System32\Wbem;C:\windows\System32\WindowsPowerShell\v1.0\;C:\Program Files (x86)\ATI Technologies\ATI.ACE\Core-Static;C:\Program Files\Intel\Intel(R) Management Engine Components\DAL;C:\Program Files (x86)\Intel\Intel(R) Management Engine Components\DAL;C:\Program Files\Intel\Intel(R) Management Engine Components\IPT;C:\Program Files (x86)\Intel\Intel(R) Management Engine Components\IPT;C:\Program Files (x86)\Common Files\lenovo\easyplussdk\bin;C:\Program Files (x86)\Microsoft SQL Server\100\Tools\Binn\;C:\Program Files\Microsoft SQL Server\100\Tools\Binn\;C:\Program Files\Microsoft SQL Server\100\DTS\Binn\;C:\Program Files (x86)\Microsoft SQL Server\100\Tools\Binn\VSShell\Common7\IDE\;C:\Program Files (x86)\Microsoft SQL Server\100\DTS\Binn\;C:\Program Files (x86)\Microsoft Visual Studio 9.0\Common7\IDE\PrivateAssemblies\;C:\Program Files\Microsoft SQL Server\110\DTS\Binn\;C:\Program Files (x86)\Microsoft SQL Server\110\Tools\Binn\;C:\Program Files\Microsoft SQL Server\110\Tools\Binn\;C:\Program Files (x86)\Microsoft SQL Server\110\Tools\Binn\ManagementStudio\;C:\Program Files (x86)\Microsoft Visual Studio 10.0\Common7\IDE\PrivateAssemblies\;C:\Program Files (x86)\Microsoft SQL Server\110\DTS\Binn\;D:\mysql\mysql-5.7.18-winx64\bin;D:\Git\cmd;D:\Android_sdk\build-tools;D:\Android_sdk\tools;
USERNAME=lenovo
OS=Windows_NT
PROCESSOR_IDENTIFIER=Intel64 Family 6 Model 61 Stepping 4, GenuineIntel



---------------  S Y S T E M  ---------------

OS: Windows 8.1 , 64 bit Build 9600 (6.3.9600.17415)

CPU:total 4 (2 cores per cpu, 2 threads per core) family 6 model 61 stepping 4, cmov, cx8, fxsr, mmx, sse, sse2, sse3, ssse3, sse4.1, sse4.2, popcnt, avx, avx2, aes, clmul, erms, 3dnowpref, lzcnt, ht, tsc, tscinvbit, bmi1, bmi2, adx

Memory: 4k page, physical 8301656k(1337280k free), swap 8301656k(4996k free)

vm_info: OpenJDK 64-Bit Server VM (25.112-b06) for windows-amd64 JRE (1.8.0_112-release-b06), built on Dec  8 2016 00:54:26 by "builder" with MS VC++ 10.0 (VS2010)

time: Tue Aug 22 12:27:08 2017
elapsed time: 8 seconds (0d 0h 0m 8s)

