#
# There is insufficient memory for the Java Runtime Environment to continue.
# Native memory allocation (malloc) failed to allocate 1024656 bytes for Chunk::new
# Possible reasons:
#   The system is out of physical RAM or swap space
#   In 32 bit mode, the process size limit was hit
# Possible solutions:
#   Reduce memory load on the system
#   Increase physical memory or swap space
#   Check if swap backing store is full
#   Use 64 bit Java on a 64 bit OS
#   Decrease Java heap size (-Xmx/-Xms)
#   Decrease number of Java threads
#   Decrease Java thread stack sizes (-Xss)
#   Set larger code cache with -XX:ReservedCodeCacheSize=
# This output file may be truncated or incomplete.
#
#  Out of Memory Error (allocation.cpp:390), pid=6892, tid=0x0000000000001fb4
#
# JRE version: OpenJDK Runtime Environment (8.0_112-b06) (build 1.8.0_112-release-b06)
# Java VM: OpenJDK 64-Bit Server VM (25.112-b06 mixed mode windows-amd64 compressed oops)
# Failed to write core dump. Minidumps are not enabled by default on client versions of Windows
#

---------------  T H R E A D  ---------------

Current thread (0x00000000178fc800):  JavaThread "C2 CompilerThread1" daemon [_thread_in_native, id=8116, stack(0x0000000017fb0000,0x00000000180b0000)]

Stack: [0x0000000017fb0000,0x00000000180b0000]
[error occurred during error reporting (printing stack bounds), id 0xc0000005]

Native frames: (J=compiled Java code, j=interpreted, Vv=VM code, C=native code)


Current CompileTask:
C2:  19811 3003       4       com.sun.org.apache.xerces.internal.impl.XMLDTDScannerImpl::scanEntityDecl (848 bytes)


---------------  P R O C E S S  ---------------

Java Threads: ( => current thread )
  0x000000001af5b800 JavaThread "File lock request listener" [_thread_in_native, id=1120, stack(0x000000001bd50000,0x000000001be50000)]
  0x0000000018650000 JavaThread "Stdin handler" [_thread_blocked, id=6828, stack(0x000000001aa80000,0x000000001ab80000)]
  0x000000001864d000 JavaThread "Asynchronous log dispatcher for DefaultDaemonConnection: socket connection from /127.0.0.1:65022 to /127.0.0.1:65023" [_thread_blocked, id=6732, stack(0x000000001a980000,0x000000001aa80000)]
  0x00000000188cc800 JavaThread "Daemon worker" [_thread_in_native, id=6972, stack(0x000000001a880000,0x000000001a980000)]
  0x00000000178e2800 JavaThread "Cancel handler" [_thread_blocked, id=7444, stack(0x000000001a780000,0x000000001a880000)]
  0x000000001790d000 JavaThread "pool-1-thread-1" [_thread_blocked, id=8884, stack(0x000000001a680000,0x000000001a780000)]
  0x0000000019273800 JavaThread "Handler for socket connection from /127.0.0.1:65022 to /127.0.0.1:65023" [_thread_in_native, id=9208, stack(0x000000001a580000,0x000000001a680000)]
  0x0000000018c54000 JavaThread "Daemon" [_thread_blocked, id=5956, stack(0x000000001a480000,0x000000001a580000)]
  0x000000001969b800 JavaThread "Incoming local TCP Connector on port 65022" [_thread_in_native, id=7736, stack(0x0000000019bb0000,0x0000000019cb0000)]
  0x0000000017931800 JavaThread "Service Thread" daemon [_thread_blocked, id=7816, stack(0x00000000181b0000,0x00000000182b0000)]
  0x00000000178ff000 JavaThread "C1 CompilerThread2" daemon [_thread_blocked, id=6900, stack(0x00000000180b0000,0x00000000181b0000)]
=>0x00000000178fc800 JavaThread "C2 CompilerThread1" daemon [_thread_in_native, id=8116, stack(0x0000000017fb0000,0x00000000180b0000)]
  0x0000000016539000 JavaThread "C2 CompilerThread0" daemon [_thread_in_native, id=6916, stack(0x0000000017eb0000,0x0000000017fb0000)]
  0x00000000164ed800 JavaThread "Attach Listener" daemon [_thread_blocked, id=4628, stack(0x0000000017db0000,0x0000000017eb0000)]
  0x00000000178b8800 JavaThread "Signal Dispatcher" daemon [_thread_blocked, id=6656, stack(0x0000000017cb0000,0x0000000017db0000)]
  0x0000000002b6a000 JavaThread "Finalizer" daemon [_thread_blocked, id=8584, stack(0x0000000017750000,0x0000000017850000)]
  0x0000000002b61000 JavaThread "Reference Handler" daemon [_thread_blocked, id=2756, stack(0x0000000017650000,0x0000000017750000)]
  0x0000000002a70800 JavaThread "main" [_thread_blocked, id=3928, stack(0x0000000002910000,0x0000000002a10000)]

Other Threads:
  0x00000000164a4800 VMThread [stack: 0x0000000017550000,0x0000000017650000] [id=6188]
  0x0000000017932800 WatcherThread [stack: 0x00000000182b0000,0x00000000183b0000] [id=1732]

VM state:not at safepoint (normal execution)

VM Mutex/Monitor currently owned by a thread: None

Heap:
 PSYoungGen      total 58880K, used 6390K [0x00000000e0000000, 0x00000000e4380000, 0x0000000100000000)
  eden space 49152K, 1% used [0x00000000e0000000,0x00000000e00ecab0,0x00000000e3000000)
  from space 9728K, 55% used [0x00000000e3980000,0x00000000e3ed1040,0x00000000e4300000)
  to   space 9728K, 0% used [0x00000000e3000000,0x00000000e3000000,0x00000000e3980000)
 ParOldGen       total 62976K, used 11098K [0x00000000a0000000, 0x00000000a3d80000, 0x00000000e0000000)
  object space 62976K, 17% used [0x00000000a0000000,0x00000000a0ad6aa0,0x00000000a3d80000)
 Metaspace       used 30024K, capacity 30604K, committed 30720K, reserved 1075200K
  class space    used 4098K, capacity 4246K, committed 4352K, reserved 1048576K

Card table byte_map: [0x0000000011f30000,0x0000000012240000] byte_map_base: 0x0000000011a30000

Marking Bits: (ParMarkBitMap*) 0x000000005af318f0
 Begin Bits: [0x0000000012840000, 0x0000000014040000)
 End Bits:   [0x0000000014040000, 0x0000000015840000)

Polling page: 0x0000000002a10000

CodeCache: size=245760Kb used=11823Kb max_used=11836Kb free=233936Kb
 bounds [0x0000000002b70000, 0x0000000003710000, 0x0000000011b70000]
 total_blobs=3600 nmethods=2934 adapters=579
 compilation: enabled

Compilation events (10 events):
Event: 19.568 Thread 0x0000000016539000 nmethod 3023 0x0000000003702c50 code [0x0000000003702f40, 0x0000000003705dc8]
Event: 19.569 Thread 0x0000000016539000 3021       4       java.util.AbstractList$Itr::hasNext (20 bytes)
Event: 19.571 Thread 0x0000000016539000 nmethod 3021 0x00000000036ffc90 code [0x00000000036ffde0, 0x00000000036ffe98]
Event: 19.571 Thread 0x0000000016539000 3078   !   4       java.util.AbstractList$Itr::next (45 bytes)
Event: 19.576 Thread 0x0000000016539000 nmethod 3078 0x0000000003701090 code [0x00000000037011e0, 0x00000000037012d8]
Event: 19.576 Thread 0x0000000016539000 3024       4       com.sun.org.apache.xerces.internal.impl.dtd.DTDGrammar::internalEntityDecl (84 bytes)
Event: 19.579 Thread 0x00000000178ff000 3139  s!   3       java.io.FileDescriptor::closeAll (215 bytes)
Event: 19.583 Thread 0x00000000178ff000 nmethod 3139 0x00000000036fddd0 code [0x00000000036fe040, 0x00000000036ff2f8]
Event: 19.627 Thread 0x00000000178ff000 3140       3       java.math.MutableBigInteger::unsignedLongCompare (20 bytes)
Event: 19.627 Thread 0x00000000178ff000 nmethod 3140 0x00000000036fda10 code [0x00000000036fdb60, 0x00000000036fdd30]

GC Heap History (10 events):
Event: 9.783 GC heap before
{Heap before GC invocations=5 (full 1):
 PSYoungGen      total 38400K, used 5096K [0x00000000e0000000, 0x00000000e2a80000, 0x0000000100000000)
  eden space 33280K, 0% used [0x00000000e0000000,0x00000000e0000000,0x00000000e2080000)
  from space 5120K, 99% used [0x00000000e2580000,0x00000000e2a7a020,0x00000000e2a80000)
  to   space 5120K, 0% used [0x00000000e2080000,0x00000000e2080000,0x00000000e2580000)
 ParOldGen       total 87552K, used 8564K [0x00000000a0000000, 0x00000000a5580000, 0x00000000e0000000)
  object space 87552K, 9% used [0x00000000a0000000,0x00000000a085d2f0,0x00000000a5580000)
 Metaspace       used 20712K, capacity 21098K, committed 21248K, reserved 1067008K
  class space    used 2801K, capacity 2948K, committed 3072K, reserved 1048576K
Event: 9.931 GC heap after
Heap after GC invocations=5 (full 1):
 PSYoungGen      total 38400K, used 0K [0x00000000e0000000, 0x00000000e2a80000, 0x0000000100000000)
  eden space 33280K, 0% used [0x00000000e0000000,0x00000000e0000000,0x00000000e2080000)
  from space 5120K, 0% used [0x00000000e2580000,0x00000000e2580000,0x00000000e2a80000)
  to   space 5120K, 0% used [0x00000000e2080000,0x00000000e2080000,0x00000000e2580000)
 ParOldGen       total 62976K, used 8692K [0x00000000a0000000, 0x00000000a3d80000, 0x00000000e0000000)
  object space 62976K, 13% used [0x00000000a0000000,0x00000000a087d3e0,0x00000000a3d80000)
 Metaspace       used 20712K, capacity 21098K, committed 21248K, reserved 1067008K
  class space    used 2801K, capacity 2948K, committed 3072K, reserved 1048576K
}
Event: 11.183 GC heap before
{Heap before GC invocations=6 (full 1):
 PSYoungGen      total 38400K, used 33280K [0x00000000e0000000, 0x00000000e2a80000, 0x0000000100000000)
  eden space 33280K, 100% used [0x00000000e0000000,0x00000000e2080000,0x00000000e2080000)
  from space 5120K, 0% used [0x00000000e2580000,0x00000000e2580000,0x00000000e2a80000)
  to   space 5120K, 0% used [0x00000000e2080000,0x00000000e2080000,0x00000000e2580000)
 ParOldGen       total 62976K, used 8692K [0x00000000a0000000, 0x00000000a3d80000, 0x00000000e0000000)
  object space 62976K, 13% used [0x00000000a0000000,0x00000000a087d3e0,0x00000000a3d80000)
 Metaspace       used 23766K, capacity 24204K, committed 24448K, reserved 1071104K
  class space    used 3193K, capacity 3341K, committed 3456K, reserved 1048576K
Event: 11.187 GC heap after
Heap after GC invocations=6 (full 1):
 PSYoungGen      total 38400K, used 3672K [0x00000000e0000000, 0x00000000e2a80000, 0x0000000100000000)
  eden space 33280K, 0% used [0x00000000e0000000,0x00000000e0000000,0x00000000e2080000)
  from space 5120K, 71% used [0x00000000e2080000,0x00000000e24161e0,0x00000000e2580000)
  to   space 5120K, 0% used [0x00000000e2580000,0x00000000e2580000,0x00000000e2a80000)
 ParOldGen       total 62976K, used 8700K [0x00000000a0000000, 0x00000000a3d80000, 0x00000000e0000000)
  object space 62976K, 13% used [0x00000000a0000000,0x00000000a087f3e0,0x00000000a3d80000)
 Metaspace       used 23766K, capacity 24204K, committed 24448K, reserved 1071104K
  class space    used 3193K, capacity 3341K, committed 3456K, reserved 1048576K
}
Event: 13.478 GC heap before
{Heap before GC invocations=7 (full 1):
 PSYoungGen      total 38400K, used 36952K [0x00000000e0000000, 0x00000000e2a80000, 0x0000000100000000)
  eden space 33280K, 100% used [0x00000000e0000000,0x00000000e2080000,0x00000000e2080000)
  from space 5120K, 71% used [0x00000000e2080000,0x00000000e24161e0,0x00000000e2580000)
  to   space 5120K, 0% used [0x00000000e2580000,0x00000000e2580000,0x00000000e2a80000)
 ParOldGen       total 62976K, used 8700K [0x00000000a0000000, 0x00000000a3d80000, 0x00000000e0000000)
  object space 62976K, 13% used [0x00000000a0000000,0x00000000a087f3e0,0x00000000a3d80000)
 Metaspace       used 26545K, capacity 27072K, committed 27136K, reserved 1073152K
  class space    used 3664K, capacity 3818K, committed 3840K, reserved 1048576K
Event: 13.511 GC heap after
Heap after GC invocations=7 (full 1):
 PSYoungGen      total 38400K, used 5111K [0x00000000e0000000, 0x00000000e2a80000, 0x0000000100000000)
  eden space 33280K, 0% used [0x00000000e0000000,0x00000000e0000000,0x00000000e2080000)
  from space 5120K, 99% used [0x00000000e2580000,0x00000000e2a7dd58,0x00000000e2a80000)
  to   space 5120K, 0% used [0x00000000e2080000,0x00000000e2080000,0x00000000e2580000)
 ParOldGen       total 62976K, used 9804K [0x00000000a0000000, 0x00000000a3d80000, 0x00000000e0000000)
  object space 62976K, 15% used [0x00000000a0000000,0x00000000a0993220,0x00000000a3d80000)
 Metaspace       used 26545K, capacity 27072K, committed 27136K, reserved 1073152K
  class space    used 3664K, capacity 3818K, committed 3840K, reserved 1048576K
}
Event: 16.138 GC heap before
{Heap before GC invocations=8 (full 1):
 PSYoungGen      total 38400K, used 38391K [0x00000000e0000000, 0x00000000e2a80000, 0x0000000100000000)
  eden space 33280K, 100% used [0x00000000e0000000,0x00000000e2080000,0x00000000e2080000)
  from space 5120K, 99% used [0x00000000e2580000,0x00000000e2a7dd58,0x00000000e2a80000)
  to   space 5120K, 0% used [0x00000000e2080000,0x00000000e2080000,0x00000000e2580000)
 ParOldGen       total 62976K, used 9804K [0x00000000a0000000, 0x00000000a3d80000, 0x00000000e0000000)
  object space 62976K, 15% used [0x00000000a0000000,0x00000000a0993220,0x00000000a3d80000)
 Metaspace       used 29660K, capacity 30188K, committed 30336K, reserved 1075200K
  class space    used 4076K, capacity 4214K, committed 4224K, reserved 1048576K
Event: 16.168 GC heap after
Heap after GC invocations=8 (full 1):
 PSYoungGen      total 38400K, used 5108K [0x00000000e0000000, 0x00000000e4300000, 0x0000000100000000)
  eden space 33280K, 0% used [0x00000000e0000000,0x00000000e0000000,0x00000000e2080000)
  from space 5120K, 99% used [0x00000000e2080000,0x00000000e257d050,0x00000000e2580000)
  to   space 9728K, 0% used [0x00000000e3980000,0x00000000e3980000,0x00000000e4300000)
 ParOldGen       total 62976K, used 11090K [0x00000000a0000000, 0x00000000a3d80000, 0x00000000e0000000)
  object space 62976K, 17% used [0x00000000a0000000,0x00000000a0ad4aa0,0x00000000a3d80000)
 Metaspace       used 29660K, capacity 30188K, committed 30336K, reserved 1075200K
  class space    used 4076K, capacity 4214K, committed 4224K, reserved 1048576K
}
Event: 19.053 GC heap before
{Heap before GC invocations=9 (full 1):
 PSYoungGen      total 38400K, used 38388K [0x00000000e0000000, 0x00000000e4300000, 0x0000000100000000)
  eden space 33280K, 100% used [0x00000000e0000000,0x00000000e2080000,0x00000000e2080000)
  from space 5120K, 99% used [0x00000000e2080000,0x00000000e257d050,0x00000000e2580000)
  to   space 9728K, 0% used [0x00000000e3980000,0x00000000e3980000,0x00000000e4300000)
 ParOldGen       total 62976K, used 11090K [0x00000000a0000000, 0x00000000a3d80000, 0x00000000e0000000)
  object space 62976K, 17% used [0x00000000a0000000,0x00000000a0ad4aa0,0x00000000a3d80000)
 Metaspace       used 30016K, capacity 30604K, committed 30720K, reserved 1075200K
  class space    used 4098K, capacity 4246K, committed 4352K, reserved 1048576K
Event: 19.105 GC heap after
Heap after GC invocations=9 (full 1):
 PSYoungGen      total 58880K, used 5444K [0x00000000e0000000, 0x00000000e4380000, 0x0000000100000000)
  eden space 49152K, 0% used [0x00000000e0000000,0x00000000e0000000,0x00000000e3000000)
  from space 9728K, 55% used [0x00000000e3980000,0x00000000e3ed1040,0x00000000e4300000)
  to   space 9728K, 0% used [0x00000000e3000000,0x00000000e3000000,0x00000000e3980000)
 ParOldGen       total 62976K, used 11098K [0x00000000a0000000, 0x00000000a3d80000, 0x00000000e0000000)
  object space 62976K, 17% used [0x00000000a0000000,0x00000000a0ad6aa0,0x00000000a3d80000)
 Metaspace       used 30016K, capacity 30604K, committed 30720K, reserved 1075200K
  class space    used 4098K, capacity 4246K, committed 4352K, reserved 1048576K
}

Deoptimization events (10 events):
Event: 17.536 Thread 0x00000000188cc800 Uncommon trap: reason=unstable_if action=reinterpret pc=0x00000000034e7acc method=com.sun.org.apache.xerces.internal.impl.XMLEntityScanner.scanContent(Lcom/sun/org/apache/xerces/internal/xni/XMLString;)I @ 124
Event: 17.536 Thread 0x00000000188cc800 Uncommon trap: reason=unstable_if action=reinterpret pc=0x00000000034aba2c method=com.sun.org.apache.xerces.internal.impl.XMLEntityScanner.peekChar()I @ 51
Event: 17.537 Thread 0x00000000188cc800 Uncommon trap: reason=unstable_if action=reinterpret pc=0x00000000034d401c method=com.sun.org.apache.xerces.internal.impl.XMLEntityScanner.skipSpaces()Z @ 75
Event: 17.617 Thread 0x00000000188cc800 Uncommon trap: reason=unstable_if action=reinterpret pc=0x00000000035a73c8 method=com.sun.org.apache.xerces.internal.impl.XMLEntityScanner.scanData(Ljava/lang/String;Lcom/sun/org/apache/xerces/internal/util/XMLStringBuffer;)Z @ 326
Event: 17.617 Thread 0x00000000188cc800 Uncommon trap: reason=unstable_if action=reinterpret pc=0x00000000035a0158 method=com.sun.org.apache.xerces.internal.impl.XMLEntityScanner.scanData(Ljava/lang/String;Lcom/sun/org/apache/xerces/internal/util/XMLStringBuffer;)Z @ 888
Event: 17.693 Thread 0x00000000188cc800 Uncommon trap: reason=unstable_if action=reinterpret pc=0x0000000003519b30 method=com.sun.org.apache.xerces.internal.impl.XMLEntityScanner.scanName()Ljava/lang/String; @ 205
Event: 18.040 Thread 0x00000000188cc800 Uncommon trap: reason=unstable_if action=reinterpret pc=0x00000000034edcf0 method=com.sun.org.apache.xerces.internal.impl.io.UTF8Reader.read([CII)I @ 131
Event: 18.133 Thread 0x00000000188cc800 Uncommon trap: reason=unstable_if action=reinterpret pc=0x0000000003643478 method=sun.nio.cs.ISO_8859_1$Decoder.decodeArrayLoop(Ljava/nio/ByteBuffer;Ljava/nio/CharBuffer;)Ljava/nio/charset/CoderResult; @ 146
Event: 18.566 Thread 0x00000000188cc800 Uncommon trap: reason=unstable_if action=reinterpret pc=0x0000000003642144 method=com.sun.org.apache.xerces.internal.impl.XMLEntityScanner.scanName()Ljava/lang/String; @ 69
Event: 18.664 Thread 0x00000000188cc800 Uncommon trap: reason=unstable_if action=reinterpret pc=0x000000000362f4dc method=com.sun.org.apache.xerces.internal.impl.XMLDocumentFragmentScannerImpl$FragmentContentDriver.next()I @ 815

Internal exceptions (10 events):
Event: 13.747 Thread 0x00000000188cc800 Exception <a 'java/lang/ClassNotFoundException': org/gradle/api/plugins/ObjectConfigurationActionBeanInfo> (0x00000000e0571898) thrown at [C:\src\android\AOSP-openjdk\external\jetbrains\jdk\hotspot\src\share\vm\classfile\systemDictionary.cpp, line 210]
Event: 13.748 Thread 0x00000000188cc800 Exception <a 'java/lang/ClassNotFoundException': org/gradle/api/plugins/ObjectConfigurationActionCustomizer> (0x00000000e0583770) thrown at [C:\src\android\AOSP-openjdk\external\jetbrains\jdk\hotspot\src\share\vm\classfile\systemDictionary.cpp, line 210]
Event: 13.870 Thread 0x00000000188cc800 Exception <a 'java/lang/ClassNotFoundException': JetGradlePluginBeanInfo> (0x00000000e07fb340) thrown at [C:\src\android\AOSP-openjdk\external\jetbrains\jdk\hotspot\src\share\vm\classfile\systemDictionary.cpp, line 210]
Event: 13.871 Thread 0x00000000188cc800 Exception <a 'java/lang/ClassNotFoundException': JetGradlePluginCustomizer> (0x00000000e0804400) thrown at [C:\src\android\AOSP-openjdk\external\jetbrains\jdk\hotspot\src\share\vm\classfile\systemDictionary.cpp, line 210]
Event: 13.879 Thread 0x00000000188cc800 Exception <a 'java/lang/ClassNotFoundException': org/gradle/tooling/provider/model/internal/DefaultToolingModelBuilderRegistryBeanInfo> (0x00000000e08525c0) thrown at [C:\src\android\AOSP-openjdk\external\jetbrains\jdk\hotspot\src\share\vm\classfile\system»´à¼ÛÅ+@
Event: 13.886 Thread 0x00000000188cc800 Exception <a 'java/lang/ClassNotFoundException': org/gradle/tooling/provider/model/internal/DefaultToolingModelBuilderRegistryCustomizer> (0x00000000e0884ca0) thrown at [C:\src\android\AOSP-openjdk\external\jetbrains\jdk\hotspot\src\share\vm\classfile\syst{'	˜ív,@
Event: 14.232 Thread 0x00000000188cc800 Exception <a 'java/lang/ClassNotFoundException': build_avk16jydkmgq6fb52g8smtercBeanInfo> (0x00000000e0d5f030) thrown at [C:\src\android\AOSP-openjdk\external\jetbrains\jdk\hotspot\src\share\vm\classfile\systemDictionary.cpp, line 210]
Event: 14.234 Thread 0x00000000188cc800 Exception <a 'java/lang/ClassNotFoundException': org/gradle/api/internal/project/ProjectScriptBeanInfo> (0x00000000e0d70650) thrown at [C:\src\android\AOSP-openjdk\external\jetbrains\jdk\hotspot\src\share\vm\classfile\systemDictionary.cpp, line 210]
Event: 14.235 Thread 0x00000000188cc800 Exception <a 'java/lang/ClassNotFoundException': org/gradle/api/internal/project/ProjectScriptCustomizer> (0x00000000e0d820b0) thrown at [C:\src\android\AOSP-openjdk\external\jetbrains\jdk\hotspot\src\share\vm\classfile\systemDictionary.cpp, line 210]
Event: 14.238 Thread 0x00000000188cc800 Exception <a 'java/lang/ClassNotFoundException': build_avk16jydkmgq6fb52g8smtercCustomizer> (0x00000000e0da1890) thrown at [C:\src\android\AOSP-openjdk\external\jetbrains\jdk\hotspot\src\share\vm\classfile\systemDictionary.cpp, line 210]

Events (10 events):
Event: 19.005 loading class org/gradle/api/internal/artifacts/ivyservice/resolveengine/artifact/DefaultArtifactSet$ArtifactSetSnapshot
Event: 19.005 loading class org/gradle/api/internal/artifacts/ivyservice/resolveengine/artifact/DefaultArtifactSet$ArtifactSetSnapshot done
Event: 19.021 loading class org/gradle/api/internal/artifacts/ivyservice/resolveengine/artifact/NoBuildDependenciesArtifactSet
Event: 19.021 loading class org/gradle/api/internal/artifacts/ivyservice/resolveengine/artifact/NoBuildDependenciesArtifactSet done
Event: 19.024 loading class org/gradle/api/internal/artifacts/ivyservice/CacheLockingArtifactResolver$3
Event: 19.024 loading class org/gradle/api/internal/artifacts/ivyservice/CacheLockingArtifactResolver$3 done
Event: 19.053 Executing VM operation: ParallelGCFailedAllocation
Event: 19.106 Executing VM operation: ParallelGCFailedAllocation done
Event: 19.106 Executing VM operation: RevokeBias
Event: 19.107 Executing VM operation: RevokeBias done


Dynamic libraries:
0x00007ff6371a0000 - 0x00007ff6371d1000 	D:\AndroidStudio\jre\bin\java.exe
0x00007ffb857f0000 - 0x00007ffb8599d000 	C:\windows\SYSTEM32\ntdll.dll
0x00007ffb82cd0000 - 0x00007ffb82e0e000 	C:\windows\system32\KERNEL32.DLL
0x00007ffb82a60000 - 0x00007ffb82b75000 	C:\windows\system32\KERNELBASE.dll
0x00007ffb837e0000 - 0x00007ffb8388a000 	C:\windows\system32\ADVAPI32.dll
0x00007ffb85670000 - 0x00007ffb857e7000 	C:\windows\system32\USER32.dll
0x00007ffb804d0000 - 0x00007ffb8074b000 	C:\windows\WinSxS\amd64_microsoft.windows.common-controls_6595b64144ccf1df_6.0.9600.18006_none_623f33d3ecbe86e8\COMCTL32.dll
0x00007ffb83f90000 - 0x00007ffb8403a000 	C:\windows\system32\msvcrt.dll
0x00007ffb83f30000 - 0x00007ffb83f89000 	C:\windows\SYSTEM32\sechost.dll
0x00007ffb82b80000 - 0x00007ffb82cc0000 	C:\windows\system32\RPCRT4.dll
0x00007ffb83190000 - 0x00007ffb832df000 	C:\windows\system32\GDI32.dll
0x00007ffb82930000 - 0x00007ffb8295e000 	C:\windows\system32\SspiCli.dll
0x00007ffb83490000 - 0x00007ffb834c6000 	C:\windows\system32\IMM32.DLL
0x00007ffb838a0000 - 0x00007ffb839f2000 	C:\windows\system32\MSCTF.dll
0x000000005c360000 - 0x000000005c432000 	D:\AndroidStudio\jre\jre\bin\msvcr100.dll
0x000000005a770000 - 0x000000005afac000 	D:\AndroidStudio\jre\jre\bin\server\jvm.dll
0x00007ffb5bc80000 - 0x00007ffb5bc89000 	C:\windows\SYSTEM32\WSOCK32.dll
0x00007ffb82660000 - 0x00007ffb82682000 	C:\windows\system32\WINMM.dll
0x00007ffb7ca00000 - 0x00007ffb7ca0a000 	C:\windows\SYSTEM32\VERSION.dll
0x00007ffb82cc0000 - 0x00007ffb82cc7000 	C:\windows\system32\PSAPI.DLL
0x00007ffb85570000 - 0x00007ffb855ca000 	C:\windows\system32\WS2_32.dll
0x00007ffb82630000 - 0x00007ffb8265a000 	C:\windows\system32\WINMMBASE.dll
0x00007ffb83480000 - 0x00007ffb83489000 	C:\windows\system32\NSI.dll
0x00007ffb82700000 - 0x00007ffb8274f000 	C:\windows\SYSTEM32\cfgmgr32.dll
0x00007ffb825e0000 - 0x00007ffb82608000 	C:\windows\system32\DEVOBJ.dll
0x00007ffb809f0000 - 0x00007ffb809ff000 	D:\AndroidStudio\jre\jre\bin\verify.dll
0x00007ffb7e490000 - 0x00007ffb7e4b9000 	D:\AndroidStudio\jre\jre\bin\java.dll
0x00007ffb7de40000 - 0x00007ffb7de56000 	D:\AndroidStudio\jre\jre\bin\zip.dll
0x00007ffb84040000 - 0x00007ffb85569000 	C:\windows\system32\SHELL32.dll
0x00007ffb83a00000 - 0x00007ffb83c11000 	C:\windows\SYSTEM32\combase.dll
0x00007ffb82ed0000 - 0x00007ffb82f24000 	C:\windows\system32\SHLWAPI.dll
0x00007ffb80dc0000 - 0x00007ffb80e72000 	C:\windows\SYSTEM32\SHCORE.dll
0x00007ffb82530000 - 0x00007ffb82545000 	C:\windows\SYSTEM32\profapi.dll
0x00007ffb7c780000 - 0x00007ffb7c79a000 	D:\AndroidStudio\jre\jre\bin\net.dll
0x00007ffb81e20000 - 0x00007ffb81e79000 	C:\windows\system32\mswsock.dll
0x00007ffb77740000 - 0x00007ffb77751000 	D:\AndroidStudio\jre\jre\bin\nio.dll
0x00007ffb6cf90000 - 0x00007ffb6cfae000 	D:\AndroidStudio\gradle\gradle-3.3\native\23\windows-amd64\native-platform.dll
0x00007ffb81e80000 - 0x00007ffb81ea0000 	C:\windows\SYSTEM32\CRYPTSP.dll
0x00007ffb81aa0000 - 0x00007ffb81ad6000 	C:\windows\system32\rsaenh.dll
0x00007ffb820f0000 - 0x00007ffb82116000 	C:\windows\SYSTEM32\bcrypt.dll
0x00007ffb81bb0000 - 0x00007ffb81bd1000 	C:\windows\SYSTEM32\USERENV.dll
0x00007ffb82400000 - 0x00007ffb82463000 	C:\windows\system32\bcryptprimitives.dll
0x00007ffb82470000 - 0x00007ffb8247b000 	C:\windows\SYSTEM32\CRYPTBASE.dll
0x00007ffb7c720000 - 0x00007ffb7c74a000 	C:\windows\SYSTEM32\IPHLPAPI.DLL
0x00007ffb7c7a0000 - 0x00007ffb7c7aa000 	C:\windows\SYSTEM32\WINNSI.DLL
0x00007ffb7bee0000 - 0x00007ffb7bef6000 	C:\windows\SYSTEM32\dhcpcsvc6.DLL
0x00007ffb7c370000 - 0x00007ffb7c38a000 	C:\windows\SYSTEM32\dhcpcsvc.DLL
0x00007ffb80950000 - 0x00007ffb8095d000 	D:\AndroidStudio\jre\jre\bin\management.dll

VM Arguments:
jvm_args: -Xmx1536m -Dfile.encoding=GBK -Duser.country=CN -Duser.language=zh -Duser.variant 
java_command: org.gradle.launcher.daemon.bootstrap.GradleDaemon 3.3
java_class_path (initial): D:\AndroidStudio\gradle\gradle-3.3\lib\gradle-launcher-3.3.jar
Launcher Type: SUN_STANDARD

Environment Variables:
JAVA_HOME=D:\Program Files\Java\jdk1.8.0_60
CLASSPATH=.
PATH=D:\Program Files\Java\jdk1.8.0_60\bin;C:\Program Files (x86)\Lenovo\FusionEngine;C:\Program Files (x86)\Intel\iCLS Client\;C:\Program Files\Intel\iCLS Client\;C:\windows\system32;C:\windows;C:\windows\System32\Wbem;C:\windows\System32\WindowsPowerShell\v1.0\;C:\Program Files (x86)\ATI Technologies\ATI.ACE\Core-Static;C:\Program Files\Intel\Intel(R) Management Engine Components\DAL;C:\Program Files (x86)\Intel\Intel(R) Management Engine Components\DAL;C:\Program Files\Intel\Intel(R) Management Engine Components\IPT;C:\Program Files (x86)\Intel\Intel(R) Management Engine Components\IPT;C:\Program Files (x86)\Common Files\lenovo\easyplussdk\bin;C:\Program Files (x86)\Microsoft SQL Server\100\Tools\Binn\;C:\Program Files\Microsoft SQL Server\100\Tools\Binn\;C:\Program Files\Microsoft SQL Server\100\DTS\Binn\;C:\Program Files (x86)\Microsoft SQL Server\100\Tools\Binn\VSShell\Common7\IDE\;C:\Program Files (x86)\Microsoft SQL Server\100\DTS\Binn\;C:\Program Files (x86)\Microsoft Visual Studio 9.0\Common7\IDE\PrivateAssemblies\;C:\Program Files\Microsoft SQL Server\110\DTS\Binn\;C:\Program Files (x86)\Microsoft SQL Server\110\Tools\Binn\;C:\Program Files\Microsoft SQL Server\110\Tools\Binn\;C:\Program Files (x86)\Microsoft SQL Server\110\Tools\Binn\ManagementStudio\;C:\Program Files (x86)\Microsoft Visual Studio 10.0\Common7\IDE\PrivateAssemblies\;C:\Program Files (x86)\Microsoft SQL Server\110\DTS\Binn\;D:\mysql\mysql-5.7.18-winx64\bin;D:\Git\cmd;D:\Android_sdk\build-tools;D:\Android_sdk\tools;
USERNAME=lenovo
OS=Windows_NT
PROCESSOR_IDENTIFIER=Intel64 Family 6 Model 61 Stepping 4, GenuineIntel



---------------  S Y S T E M  ---------------

OS: Windows 8.1 , 64 bit Build 9600 (6.3.9600.17415)

CPU:total 4 (2 cores per cpu, 2 threads per core) family 6 model 61 stepping 4, cmov, cx8, fxsr, mmx, sse, sse2, sse3, ssse3, sse4.1, sse4.2, popcnt, avx, avx2, aes, clmul, erms, 3dnowpref, lzcnt, ht, tsc, tscinvbit, bmi1, bmi2, adx

Memory: 4k page, physical 8301656k(1318376k free), swap 8301656k(5460k free)

vm_info: OpenJDK 64-Bit Server VM (25.112-b06) for windows-amd64 JRE (1.8.0_112-release-b06), built on Dec  8 2016 00:54:26 by "builder" with MS VC++ 10.0 (VS2010)

time: Tue Aug 22 12:25:49 2017
elapsed time: 19 seconds (0d 0h 0m 19s)

