#
# There is insufficient memory for the Java Runtime Environment to continue.
# Native memory allocation (malloc) failed to allocate 1702736 bytes for Chunk::new
# Possible reasons:
#   The system is out of physical RAM or swap space
#   In 32 bit mode, the process size limit was hit
# Possible solutions:
#   Reduce memory load on the system
#   Increase physical memory or swap space
#   Check if swap backing store is full
#   Use 64 bit Java on a 64 bit OS
#   Decrease Java heap size (-Xmx/-Xms)
#   Decrease number of Java threads
#   Decrease Java thread stack sizes (-Xss)
#   Set larger code cache with -XX:ReservedCodeCacheSize=
# This output file may be truncated or incomplete.
#
#  Out of Memory Error (allocation.cpp:390), pid=9536, tid=0x0000000000000b24
#
# JRE version: OpenJDK Runtime Environment (8.0_112-b06) (build 1.8.0_112-release-b06)
# Java VM: OpenJDK 64-Bit Server VM (25.112-b06 mixed mode windows-amd64 compressed oops)
# Failed to write core dump. Minidumps are not enabled by default on client versions of Windows
#

---------------  T H R E A D  ---------------

Current thread (0x000000001652d800):  JavaThread "C2 CompilerThread0" daemon [_thread_in_native, id=2852, stack(0x0000000017ee0000,0x0000000017fe0000)]

Stack: [0x0000000017ee0000,0x0000000017fe0000]
[error occurred during error reporting (printing stack bounds), id 0xc0000005]

Native frames: (J=compiled Java code, j=interpreted, Vv=VM code, C=native code)


Current CompileTask:
C2:4449788 13385       4       org.gradle.internal.component.external.model.AbstractModuleComponentResolveMetadata::populateConfigurationFromDescriptor (270 bytes)


---------------  P R O C E S S  ---------------

Java Threads: ( => current thread )
  0x000000001b5ba800 JavaThread "Stdin handler" [_thread_blocked, id=8716, stack(0x000000001aa70000,0x000000001ab70000)]
  0x000000001b5bd800 JavaThread "Asynchronous log dispatcher for DefaultDaemonConnection: socket connection from /127.0.0.1:53437 to /127.0.0.1:52400" [_thread_blocked, id=3740, stack(0x000000001a970000,0x000000001aa70000)]
  0x000000001b5bc800 JavaThread "Daemon worker Thread 3" [_thread_in_native, id=4456, stack(0x000000001a870000,0x000000001a970000)]
  0x000000001b5b6800 JavaThread "Cancel handler" [_thread_blocked, id=1144, stack(0x000000001a670000,0x000000001a770000)]
  0x000000001b5b6000 JavaThread "Handler for socket connection from /127.0.0.1:53437 to /127.0.0.1:52400" [_thread_in_native, id=6332, stack(0x000000001a570000,0x000000001a670000)]
  0x000000001b5b5000 JavaThread "Daemon Thread 3" [_thread_blocked, id=6192, stack(0x000000001a270000,0x000000001a370000)]
  0x000000001b5c1000 JavaThread "pool-6-thread-4" [_thread_blocked, id=9344, stack(0x00000000234d0000,0x00000000235d0000)]
  0x000000001b5c0800 JavaThread "pool-6-thread-3" [_thread_blocked, id=700, stack(0x0000000022040000,0x0000000022140000)]
  0x000000001b5b9800 JavaThread "pool-6-thread-2" [_thread_blocked, id=8392, stack(0x00000000229e0000,0x0000000022ae0000)]
  0x000000001b5bc000 JavaThread "pool-6-thread-1" [_thread_blocked, id=4892, stack(0x00000000231d0000,0x00000000232d0000)]
  0x000000001aef9000 JavaThread "pool-2-thread-1" [_thread_blocked, id=9420, stack(0x000000001e7e0000,0x000000001e8e0000)]
  0x000000001934c000 JavaThread "File lock request listener" [_thread_in_native, id=404, stack(0x000000001ad70000,0x000000001ae70000)]
  0x000000001793e000 JavaThread "pool-1-thread-1" [_thread_blocked, id=6760, stack(0x000000001a770000,0x000000001a870000)]
  0x00000000191f2000 JavaThread "Incoming local TCP Connector on port 53437" [_thread_in_native, id=2552, stack(0x0000000019df0000,0x0000000019ef0000)]
  0x0000000017964000 JavaThread "Service Thread" daemon [_thread_blocked, id=8244, stack(0x00000000181e0000,0x00000000182e0000)]
  0x000000001657e000 JavaThread "C1 CompilerThread2" daemon [_thread_blocked, id=6504, stack(0x00000000180e0000,0x00000000181e0000)]
  0x000000001657a800 JavaThread "C2 CompilerThread1" daemon [_thread_in_native, id=8764, stack(0x0000000017fe0000,0x00000000180e0000)]
=>0x000000001652d800 JavaThread "C2 CompilerThread0" daemon [_thread_in_native, id=2852, stack(0x0000000017ee0000,0x0000000017fe0000)]
  0x000000001652b800 JavaThread "Attach Listener" daemon [_thread_blocked, id=8292, stack(0x0000000017de0000,0x0000000017ee0000)]
  0x00000000178e8800 JavaThread "Signal Dispatcher" daemon [_thread_blocked, id=4340, stack(0x0000000017ce0000,0x0000000017de0000)]
  0x0000000002baa000 JavaThread "Finalizer" daemon [_thread_blocked, id=9572, stack(0x0000000017790000,0x0000000017890000)]
  0x0000000002ba1000 JavaThread "Reference Handler" daemon [_thread_blocked, id=1028, stack(0x0000000017690000,0x0000000017790000)]
  0x0000000002ab0800 JavaThread "main" [_thread_blocked, id=9064, stack(0x00000000029b0000,0x0000000002ab0000)]

Other Threads:
  0x00000000164e4800 VMThread [stack: 0x0000000017590000,0x0000000017690000] [id=1304]
  0x0000000017965000 WatcherThread [stack: 0x00000000182e0000,0x00000000183e0000] [id=3368]

VM state:not at safepoint (normal execution)

VM Mutex/Monitor currently owned by a thread: None

Heap:
 PSYoungGen      total 249856K, used 160683K [0x00000000e0000000, 0x00000000f2c00000, 0x0000000100000000)
  eden space 226304K, 61% used [0x00000000e0000000,0x00000000e8763510,0x00000000edd00000)
  from space 23552K, 93% used [0x00000000edd00000,0x00000000ef287a70,0x00000000ef400000)
  to   space 26112K, 0% used [0x00000000f1280000,0x00000000f1280000,0x00000000f2c00000)
 ParOldGen       total 139776K, used 49175K [0x00000000a0000000, 0x00000000a8880000, 0x00000000e0000000)
  object space 139776K, 35% used [0x00000000a0000000,0x00000000a3005e68,0x00000000a8880000)
 Metaspace       used 69039K, capacity 72094K, committed 72152K, reserved 1112064K
  class space    used 9047K, capacity 9634K, committed 9688K, reserved 1048576K

Card table byte_map: [0x0000000011f70000,0x0000000012280000] byte_map_base: 0x0000000011a70000

Marking Bits: (ParMarkBitMap*) 0x00000000539518f0
 Begin Bits: [0x0000000012880000, 0x0000000014080000)
 End Bits:   [0x0000000014080000, 0x0000000015880000)

Polling page: 0x0000000000e10000

CodeCache: size=245760Kb used=36754Kb max_used=36757Kb free=209005Kb
 bounds [0x0000000002bb0000, 0x0000000004fd0000, 0x0000000011bb0000]
 total_blobs=11961 nmethods=11166 adapters=706
 compilation: enabled

Compilation events (10 events):
Event: 4449.052 Thread 0x000000001657e000 13511       1       com.google.common.collect.RegularImmutableSet::isPartialView (2 bytes)
Event: 4449.053 Thread 0x000000001657e000 nmethod 13511 0x0000000004fc2990 code [0x0000000004fc2ae0, 0x0000000004fc2bf0]
Event: 4449.056 Thread 0x000000001657e000 13512       3       java.lang.System::getenv (43 bytes)
Event: 4449.059 Thread 0x000000001657e000 nmethod 13512 0x0000000004fc2c50 code [0x0000000004fc2ea0, 0x0000000004fc3c98]
Event: 4449.065 Thread 0x000000001657e000 13513       3       com.android.build.gradle.internal.api.DefaultAndroidSourceDirectorySet::getSrcDirs (24 bytes)
Event: 4449.066 Thread 0x000000001657e000 nmethod 13513 0x0000000004fc4350 code [0x0000000004fc4500, 0x0000000004fc4a78]
Event: 4449.100 Thread 0x000000001657e000 13514       1       com.android.builder.core.DefaultProductFlavor::getRenderscriptNdkModeEnabled (5 bytes)
Event: 4449.100 Thread 0x000000001657e000 nmethod 13514 0x0000000002db4dd0 code [0x0000000002db4f20, 0x0000000002db5030]
Event: 4449.111 Thread 0x000000001657e000 13515   !   3       org.gradle.api.internal.plugins.DefaultPluginRegistry::uncheckedGet (26 bytes)
Event: 4449.114 Thread 0x000000001657e000 nmethod 13515 0x0000000004fc4c50 code [0x0000000004fc4e80, 0x0000000004fc57f8]

GC Heap History (10 events):
Event: 45.979 GC heap before
{Heap before GC invocations=16 (full 2):
 PSYoungGen      total 153088K, used 62145K [0x00000000e0000000, 0x00000000ee580000, 0x0000000100000000)
  eden space 135680K, 32% used [0x00000000e0000000,0x00000000e2bb70b0,0x00000000e8480000)
  from space 17408K, 99% used [0x00000000e8480000,0x00000000e9579520,0x00000000e9580000)
  to   space 23040K, 0% used [0x00000000ecf00000,0x00000000ecf00000,0x00000000ee580000)
 ParOldGen       total 80896K, used 34367K [0x00000000a0000000, 0x00000000a4f00000, 0x00000000e0000000)
  object space 80896K, 42% used [0x00000000a0000000,0x00000000a218ff88,0x00000000a4f00000)
 Metaspace       used 56373K, capacity 58798K, committed 58968K, reserved 1099776K
  class space    used 7656K, capacity 8186K, committed 8280K, reserved 1048576K
Event: 46.069 GC heap after
Heap after GC invocations=16 (full 2):
 PSYoungGen      total 209920K, used 19717K [0x00000000e0000000, 0x00000000ee900000, 0x0000000100000000)
  eden space 186880K, 0% used [0x00000000e0000000,0x00000000e0000000,0x00000000eb680000)
  from space 23040K, 85% used [0x00000000ecf00000,0x00000000ee241718,0x00000000ee580000)
  to   space 25088K, 0% used [0x00000000eb680000,0x00000000eb680000,0x00000000ecf00000)
 ParOldGen       total 80896K, used 37143K [0x00000000a0000000, 0x00000000a4f00000, 0x00000000e0000000)
  object space 80896K, 45% used [0x00000000a0000000,0x00000000a2445d90,0x00000000a4f00000)
 Metaspace       used 56373K, capacity 58798K, committed 58968K, reserved 1099776K
  class space    used 7656K, capacity 8186K, committed 8280K, reserved 1048576K
}
Event: 46.069 GC heap before
{Heap before GC invocations=17 (full 3):
 PSYoungGen      total 209920K, used 19717K [0x00000000e0000000, 0x00000000ee900000, 0x0000000100000000)
  eden space 186880K, 0% used [0x00000000e0000000,0x00000000e0000000,0x00000000eb680000)
  from space 23040K, 85% used [0x00000000ecf00000,0x00000000ee241718,0x00000000ee580000)
  to   space 25088K, 0% used [0x00000000eb680000,0x00000000eb680000,0x00000000ecf00000)
 ParOldGen       total 80896K, used 37143K [0x00000000a0000000, 0x00000000a4f00000, 0x00000000e0000000)
  object space 80896K, 45% used [0x00000000a0000000,0x00000000a2445d90,0x00000000a4f00000)
 Metaspace       used 56373K, capacity 58798K, committed 58968K, reserved 1099776K
  class space    used 7656K, capacity 8186K, committed 8280K, reserved 1048576K
Event: 46.987 GC heap after
Heap after GC invocations=17 (full 3):
 PSYoungGen      total 209920K, used 0K [0x00000000e0000000, 0x00000000ee900000, 0x0000000100000000)
  eden space 186880K, 0% used [0x00000000e0000000,0x00000000e0000000,0x00000000eb680000)
  from space 23040K, 0% used [0x00000000ecf00000,0x00000000ecf00000,0x00000000ee580000)
  to   space 25088K, 0% used [0x00000000eb680000,0x00000000eb680000,0x00000000ecf00000)
 ParOldGen       total 139776K, used 48631K [0x00000000a0000000, 0x00000000a8880000, 0x00000000e0000000)
  object space 139776K, 34% used [0x00000000a0000000,0x00000000a2f7de38,0x00000000a8880000)
 Metaspace       used 56373K, capacity 58798K, committed 58968K, reserved 1099776K
  class space    used 7656K, capacity 8186K, committed 8280K, reserved 1048576K
}
Event: 84.397 GC heap before
{Heap before GC invocations=18 (full 3):
 PSYoungGen      total 209920K, used 186880K [0x00000000e0000000, 0x00000000ee900000, 0x0000000100000000)
  eden space 186880K, 100% used [0x00000000e0000000,0x00000000eb680000,0x00000000eb680000)
  from space 23040K, 0% used [0x00000000ecf00000,0x00000000ecf00000,0x00000000ee580000)
  to   space 25088K, 0% used [0x00000000eb680000,0x00000000eb680000,0x00000000ecf00000)
 ParOldGen       total 139776K, used 48631K [0x00000000a0000000, 0x00000000a8880000, 0x00000000e0000000)
  object space 139776K, 34% used [0x00000000a0000000,0x00000000a2f7de38,0x00000000a8880000)
 Metaspace       used 64718K, capacity 67414K, committed 67672K, reserved 1107968K
  class space    used 8632K, capacity 9188K, committed 9304K, reserved 1048576K
Event: 84.443 GC heap after
Heap after GC invocations=18 (full 3):
 PSYoungGen      total 211968K, used 13337K [0x00000000e0000000, 0x00000000f1300000, 0x0000000100000000)
  eden space 186880K, 0% used [0x00000000e0000000,0x00000000e0000000,0x00000000eb680000)
  from space 25088K, 53% used [0x00000000eb680000,0x00000000ec3864a0,0x00000000ecf00000)
  to   space 24064K, 0% used [0x00000000efb80000,0x00000000efb80000,0x00000000f1300000)
 ParOldGen       total 139776K, used 48647K [0x00000000a0000000, 0x00000000a8880000, 0x00000000e0000000)
  object space 139776K, 34% used [0x00000000a0000000,0x00000000a2f81e38,0x00000000a8880000)
 Metaspace       used 64718K, capacity 67414K, committed 67672K, reserved 1107968K
  class space    used 8632K, capacity 9188K, committed 9304K, reserved 1048576K
}
Event: 215.631 GC heap before
{Heap before GC invocations=19 (full 3):
 PSYoungGen      total 211968K, used 200217K [0x00000000e0000000, 0x00000000f1300000, 0x0000000100000000)
  eden space 186880K, 100% used [0x00000000e0000000,0x00000000eb680000,0x00000000eb680000)
  from space 25088K, 53% used [0x00000000eb680000,0x00000000ec3864a0,0x00000000ecf00000)
  to   space 24064K, 0% used [0x00000000efb80000,0x00000000efb80000,0x00000000f1300000)
 ParOldGen       total 139776K, used 48647K [0x00000000a0000000, 0x00000000a8880000, 0x00000000e0000000)
  object space 139776K, 34% used [0x00000000a0000000,0x00000000a2f81e38,0x00000000a8880000)
 Metaspace       used 67960K, capacity 70858K, committed 71128K, reserved 1110016K
  class space    used 8998K, capacity 9568K, committed 9688K, reserved 1048576K
Event: 215.678 GC heap after
Heap after GC invocations=19 (full 3):
 PSYoungGen      total 242176K, used 13136K [0x00000000e0000000, 0x00000000f0b00000, 0x0000000100000000)
  eden space 226304K, 0% used [0x00000000e0000000,0x00000000e0000000,0x00000000edd00000)
  from space 15872K, 82% used [0x00000000efb80000,0x00000000f0854080,0x00000000f0b00000)
  to   space 23552K, 0% used [0x00000000edd00000,0x00000000edd00000,0x00000000ef400000)
 ParOldGen       total 139776K, used 49167K [0x00000000a0000000, 0x00000000a8880000, 0x00000000e0000000)
  object space 139776K, 35% used [0x00000000a0000000,0x00000000a3003e68,0x00000000a8880000)
 Metaspace       used 67960K, capacity 70858K, committed 71128K, reserved 1110016K
  class space    used 8998K, capacity 9568K, committed 9688K, reserved 1048576K
}
Event: 219.819 GC heap before
{Heap before GC invocations=20 (full 3):
 PSYoungGen      total 242176K, used 239167K [0x00000000e0000000, 0x00000000f0b00000, 0x0000000100000000)
  eden space 226304K, 99% used [0x00000000e0000000,0x00000000edcbbd80,0x00000000edd00000)
  from space 15872K, 82% used [0x00000000efb80000,0x00000000f0854080,0x00000000f0b00000)
  to   space 23552K, 0% used [0x00000000edd00000,0x00000000edd00000,0x00000000ef400000)
 ParOldGen       total 139776K, used 49167K [0x00000000a0000000, 0x00000000a8880000, 0x00000000e0000000)
  object space 139776K, 35% used [0x00000000a0000000,0x00000000a3003e68,0x00000000a8880000)
 Metaspace       used 68699K, capacity 71630K, committed 71896K, reserved 1112064K
  class space    used 9020K, capacity 9602K, committed 9688K, reserved 1048576K
Event: 219.840 GC heap after
Heap after GC invocations=20 (full 3):
 PSYoungGen      total 249856K, used 22046K [0x00000000e0000000, 0x00000000f2c00000, 0x0000000100000000)
  eden space 226304K, 0% used [0x00000000e0000000,0x00000000e0000000,0x00000000edd00000)
  from space 23552K, 93% used [0x00000000edd00000,0x00000000ef287a70,0x00000000ef400000)
  to   space 26112K, 0% used [0x00000000f1280000,0x00000000f1280000,0x00000000f2c00000)
 ParOldGen       total 139776K, used 49175K [0x00000000a0000000, 0x00000000a8880000, 0x00000000e0000000)
  object space 139776K, 35% used [0x00000000a0000000,0x00000000a3005e68,0x00000000a8880000)
 Metaspace       used 68699K, capacity 71630K, committed 71896K, reserved 1112064K
  class space    used 9020K, capacity 9602K, committed 9688K, reserved 1048576K
}

Deoptimization events (10 events):
Event: 219.247 Thread 0x000000001b5c0800 Uncommon trap: reason=class_check action=maybe_recompile pc=0x0000000004a71544 method=java.io.DataOutputStream.writeBytes(Ljava/lang/String;)V @ 22
Event: 219.247 Thread 0x000000001b5c0800 Uncommon trap: reason=class_check action=maybe_recompile pc=0x0000000004a71544 method=java.io.DataOutputStream.writeBytes(Ljava/lang/String;)V @ 22
Event: 219.247 Thread 0x000000001b5c0800 Uncommon trap: reason=class_check action=maybe_recompile pc=0x0000000004a71544 method=java.io.DataOutputStream.writeBytes(Ljava/lang/String;)V @ 22
Event: 219.247 Thread 0x000000001b5c0800 Uncommon trap: reason=class_check action=maybe_recompile pc=0x0000000004a71544 method=java.io.DataOutputStream.writeBytes(Ljava/lang/String;)V @ 22
Event: 219.608 Thread 0x000000001b5bb000 Uncommon trap: reason=bimorphic action=maybe_recompile pc=0x000000000317d494 method=java.io.DataInputStream.readUnsignedShort()I @ 4
Event: 219.608 Thread 0x000000001b5bb000 Uncommon trap: reason=bimorphic action=maybe_recompile pc=0x000000000317d494 method=java.io.DataInputStream.readUnsignedShort()I @ 4
Event: 219.880 Thread 0x000000001b5bb000 Uncommon trap: reason=bimorphic action=maybe_recompile pc=0x0000000002ecbeb8 method=java.util.AbstractList$Itr.next()Ljava/lang/Object; @ 14
Event: 220.207 Thread 0x000000001b5bb000 Uncommon trap: reason=unstable_if action=reinterpret pc=0x0000000004ae985c method=java.util.concurrent.ConcurrentHashMap.clear()V @ 19
Event: 4445.097 Thread 0x000000001b5b5000 Uncommon trap: reason=unstable_if action=reinterpret pc=0x0000000004f224a0 method=org.gradle.internal.logging.console.StyledTextOutputBackedRenderer.onOutput(Lorg/gradle/internal/logging/events/OutputEvent;)V @ 54
Event: 4448.141 Thread 0x000000001b5bc800 Uncommon trap: reason=null_check action=make_not_entrant pc=0x0000000002dd10f0 method=org.gradle.api.internal.collections.CollectionFilter.filter(Ljava/lang/Object;)Ljava/lang/Object; @ 5

Internal exceptions (10 events):
Event: 4448.449 Thread 0x000000001b5bc800 Exception <a 'sun/nio/fs/WindowsException'> (0x00000000e802ee58) thrown at [C:\src\android\AOSP-openjdk\external\jetbrains\jdk\hotspot\src\share\vm\prims\jni.cpp, line 709]
Event: 4448.449 Thread 0x000000001b5bc800 Exception <a 'sun/nio/fs/WindowsException'> (0x00000000e802f8f8) thrown at [C:\src\android\AOSP-openjdk\external\jetbrains\jdk\hotspot\src\share\vm\prims\jni.cpp, line 709]
Event: 4448.450 Thread 0x000000001b5bc800 Exception <a 'sun/nio/fs/WindowsException'> (0x00000000e8031d98) thrown at [C:\src\android\AOSP-openjdk\external\jetbrains\jdk\hotspot\src\share\vm\prims\jni.cpp, line 709]
Event: 4448.450 Thread 0x000000001b5bc800 Exception <a 'sun/nio/fs/WindowsException'> (0x00000000e8032868) thrown at [C:\src\android\AOSP-openjdk\external\jetbrains\jdk\hotspot\src\share\vm\prims\jni.cpp, line 709]
Event: 4448.450 Thread 0x000000001b5bc800 Exception <a 'sun/nio/fs/WindowsException'> (0x00000000e8034368) thrown at [C:\src\android\AOSP-openjdk\external\jetbrains\jdk\hotspot\src\share\vm\prims\jni.cpp, line 709]
Event: 4448.450 Thread 0x000000001b5bc800 Exception <a 'sun/nio/fs/WindowsException'> (0x00000000e8034e78) thrown at [C:\src\android\AOSP-openjdk\external\jetbrains\jdk\hotspot\src\share\vm\prims\jni.cpp, line 709]
Event: 4448.451 Thread 0x000000001b5bc800 Exception <a 'sun/nio/fs/WindowsException'> (0x00000000e80375c8) thrown at [C:\src\android\AOSP-openjdk\external\jetbrains\jdk\hotspot\src\share\vm\prims\jni.cpp, line 709]
Event: 4448.451 Thread 0x000000001b5bc800 Exception <a 'sun/nio/fs/WindowsException'> (0x00000000e8038110) thrown at [C:\src\android\AOSP-openjdk\external\jetbrains\jdk\hotspot\src\share\vm\prims\jni.cpp, line 709]
Event: 4448.451 Thread 0x000000001b5bc800 Exception <a 'sun/nio/fs/WindowsException'> (0x00000000e8039c88) thrown at [C:\src\android\AOSP-openjdk\external\jetbrains\jdk\hotspot\src\share\vm\prims\jni.cpp, line 709]
Event: 4448.451 Thread 0x000000001b5bc800 Exception <a 'sun/nio/fs/WindowsException'> (0x00000000e803a810) thrown at [C:\src\android\AOSP-openjdk\external\jetbrains\jdk\hotspot\src\share\vm\prims\jni.cpp, line 709]

Events (10 events):
Event: 4449.108 Executing VM operation: RevokeBias
Event: 4449.109 Executing VM operation: RevokeBias done
Event: 4449.109 Executing VM operation: RevokeBias
Event: 4449.109 Executing VM operation: RevokeBias done
Event: 4449.109 Executing VM operation: RevokeBias
Event: 4449.109 Executing VM operation: RevokeBias done
Event: 4449.109 Executing VM operation: RevokeBias
Event: 4449.110 Executing VM operation: RevokeBias done
Event: 4449.110 Executing VM operation: RevokeBias
Event: 4449.110 Executing VM operation: RevokeBias done


Dynamic libraries:
0x00007ff78b9c0000 - 0x00007ff78b9f1000 	D:\AndroidStudio\jre\bin\java.exe
0x00007ff80d740000 - 0x00007ff80d8ed000 	C:\windows\SYSTEM32\ntdll.dll
0x00007ff80cdd0000 - 0x00007ff80cf0e000 	C:\windows\system32\KERNEL32.DLL
0x00007ff80a660000 - 0x00007ff80a775000 	C:\windows\system32\KERNELBASE.dll
0x00007ff80b170000 - 0x00007ff80b21a000 	C:\windows\system32\ADVAPI32.dll
0x00007ff80d3b0000 - 0x00007ff80d527000 	C:\windows\system32\USER32.dll
0x00007ff8085e0000 - 0x00007ff80885b000 	C:\windows\WinSxS\amd64_microsoft.windows.common-controls_6595b64144ccf1df_6.0.9600.18006_none_623f33d3ecbe86e8\COMCTL32.dll
0x00007ff80d300000 - 0x00007ff80d3aa000 	C:\windows\system32\msvcrt.dll
0x00007ff80b5d0000 - 0x00007ff80b629000 	C:\windows\SYSTEM32\sechost.dll
0x00007ff80cf20000 - 0x00007ff80d060000 	C:\windows\system32\RPCRT4.dll
0x00007ff80b260000 - 0x00007ff80b3af000 	C:\windows\system32\GDI32.dll
0x00007ff80a8c0000 - 0x00007ff80a8ee000 	C:\windows\system32\SspiCli.dll
0x00007ff80b220000 - 0x00007ff80b256000 	C:\windows\system32\IMM32.DLL
0x00007ff80d1a0000 - 0x00007ff80d2f2000 	C:\windows\system32\MSCTF.dll
0x0000000052fb0000 - 0x0000000053082000 	D:\AndroidStudio\jre\jre\bin\msvcr100.dll
0x0000000053190000 - 0x00000000539cc000 	D:\AndroidStudio\jre\jre\bin\server\jvm.dll
0x00007fffdeae0000 - 0x00007fffdeae9000 	C:\windows\SYSTEM32\WSOCK32.dll
0x00007ff80a790000 - 0x00007ff80a7b2000 	C:\windows\system32\WINMM.dll
0x00007ff802e40000 - 0x00007ff802e4a000 	C:\windows\SYSTEM32\VERSION.dll
0x00007ff80af70000 - 0x00007ff80af77000 	C:\windows\system32\PSAPI.DLL
0x00007ff80aad0000 - 0x00007ff80ab2a000 	C:\windows\system32\WS2_32.dll
0x00007ff80a580000 - 0x00007ff80a5aa000 	C:\windows\system32\WINMMBASE.dll
0x00007ff80cf10000 - 0x00007ff80cf19000 	C:\windows\system32\NSI.dll
0x00007ff80a870000 - 0x00007ff80a8bf000 	C:\windows\SYSTEM32\cfgmgr32.dll
0x00007ff80a530000 - 0x00007ff80a558000 	C:\windows\system32\DEVOBJ.dll
0x00007ff805b60000 - 0x00007ff805b6f000 	D:\AndroidStudio\jre\jre\bin\verify.dll
0x00007ffff1380000 - 0x00007ffff13a9000 	D:\AndroidStudio\jre\jre\bin\java.dll
0x00007ffff4e70000 - 0x00007ffff4e86000 	D:\AndroidStudio\jre\jre\bin\zip.dll
0x00007ff80b810000 - 0x00007ff80cd39000 	C:\windows\system32\SHELL32.dll
0x00007ff80b3b0000 - 0x00007ff80b5c1000 	C:\windows\SYSTEM32\combase.dll
0x00007ff80cd60000 - 0x00007ff80cdb4000 	C:\windows\system32\SHLWAPI.dll
0x00007ff808a90000 - 0x00007ff808b42000 	C:\windows\SYSTEM32\SHCORE.dll
0x00007ff80a480000 - 0x00007ff80a495000 	C:\windows\SYSTEM32\profapi.dll
0x00007ffff0db0000 - 0x00007ffff0dca000 	D:\AndroidStudio\jre\jre\bin\net.dll
0x00007ff809d70000 - 0x00007ff809dc9000 	C:\windows\system32\mswsock.dll
0x00007ffff0d90000 - 0x00007ffff0da1000 	D:\AndroidStudio\jre\jre\bin\nio.dll
0x00007fffee480000 - 0x00007fffee49e000 	D:\AndroidStudio\gradle\gradle-3.3\native\23\windows-amd64\native-platform.dll
0x00007ff809dd0000 - 0x00007ff809df0000 	C:\windows\SYSTEM32\CRYPTSP.dll
0x00007ff8099d0000 - 0x00007ff809a06000 	C:\windows\system32\rsaenh.dll
0x00007ff80a020000 - 0x00007ff80a046000 	C:\windows\SYSTEM32\bcrypt.dll
0x00007ff809b00000 - 0x00007ff809b21000 	C:\windows\SYSTEM32\USERENV.dll
0x00007ff80a350000 - 0x00007ff80a3b3000 	C:\windows\system32\bcryptprimitives.dll
0x00007ff80a3c0000 - 0x00007ff80a3cb000 	C:\windows\SYSTEM32\CRYPTBASE.dll
0x00007ff8048c0000 - 0x00007ff8048ea000 	C:\windows\SYSTEM32\IPHLPAPI.DLL
0x00007ff804840000 - 0x00007ff80484a000 	C:\windows\SYSTEM32\WINNSI.DLL
0x00007ff804490000 - 0x00007ff8044a6000 	C:\windows\SYSTEM32\dhcpcsvc6.DLL
0x00007ff804410000 - 0x00007ff80442a000 	C:\windows\SYSTEM32\dhcpcsvc.DLL
0x00007ffff41f0000 - 0x00007ffff41fd000 	D:\AndroidStudio\jre\jre\bin\management.dll

VM Arguments:
jvm_args: -Xmx1536m -Dfile.encoding=GBK -Duser.country=CN -Duser.language=zh -Duser.variant 
java_command: org.gradle.launcher.daemon.bootstrap.GradleDaemon 3.3
java_class_path (initial): D:\AndroidStudio\gradle\gradle-3.3\lib\gradle-launcher-3.3.jar
Launcher Type: SUN_STANDARD

Environment Variables:
JAVA_HOME=D:\Program Files\Java\jdk1.8.0_60
CLASSPATH=.
PATH=D:\Program Files\Java\jdk1.8.0_60\bin;C:\Program Files (x86)\Lenovo\FusionEngine;C:\Program Files (x86)\Intel\iCLS Client\;C:\Program Files\Intel\iCLS Client\;C:\windows\system32;C:\windows;C:\windows\System32\Wbem;C:\windows\System32\WindowsPowerShell\v1.0\;C:\Program Files (x86)\ATI Technologies\ATI.ACE\Core-Static;C:\Program Files\Intel\Intel(R) Management Engine Components\DAL;C:\Program Files (x86)\Intel\Intel(R) Management Engine Components\DAL;C:\Program Files\Intel\Intel(R) Management Engine Components\IPT;C:\Program Files (x86)\Intel\Intel(R) Management Engine Components\IPT;C:\Program Files (x86)\Common Files\lenovo\easyplussdk\bin;C:\Program Files (x86)\Microsoft SQL Server\100\Tools\Binn\;C:\Program Files\Microsoft SQL Server\100\Tools\Binn\;C:\Program Files\Microsoft SQL Server\100\DTS\Binn\;C:\Program Files (x86)\Microsoft SQL Server\100\Tools\Binn\VSShell\Common7\IDE\;C:\Program Files (x86)\Microsoft SQL Server\100\DTS\Binn\;C:\Program Files (x86)\Microsoft Visual Studio 9.0\Common7\IDE\PrivateAssemblies\;C:\Program Files\Microsoft SQL Server\110\DTS\Binn\;C:\Program Files (x86)\Microsoft SQL Server\110\Tools\Binn\;C:\Program Files\Microsoft SQL Server\110\Tools\Binn\;C:\Program Files (x86)\Microsoft SQL Server\110\Tools\Binn\ManagementStudio\;C:\Program Files (x86)\Microsoft Visual Studio 10.0\Common7\IDE\PrivateAssemblies\;C:\Program Files (x86)\Microsoft SQL Server\110\DTS\Binn\;D:\mysql\mysql-5.7.18-winx64\bin;D:\Git\cmd;D:\Android_sdk\build-tools;D:\Android_sdk\tools;
USERNAME=lenovo
OS=Windows_NT
PROCESSOR_IDENTIFIER=Intel64 Family 6 Model 61 Stepping 4, GenuineIntel



---------------  S Y S T E M  ---------------

OS: Windows 8.1 , 64 bit Build 9600 (6.3.9600.17415)

CPU:total 4 (2 cores per cpu, 2 threads per core) family 6 model 61 stepping 4, cmov, cx8, fxsr, mmx, sse, sse2, sse3, ssse3, sse4.1, sse4.2, popcnt, avx, avx2, aes, clmul, erms, 3dnowpref, lzcnt, ht, tsc, tscinvbit, bmi1, bmi2, adx

Memory: 4k page, physical 8301656k(1794908k free), swap 8301656k(5232k free)

vm_info: OpenJDK 64-Bit Server VM (25.112-b06) for windows-amd64 JRE (1.8.0_112-release-b06), built on Dec  8 2016 00:54:26 by "builder" with MS VC++ 10.0 (VS2010)

time: Thu Aug 24 14:35:01 2017
elapsed time: 4449 seconds (0d 1h 14m 9s)

