#
# There is insufficient memory for the Java Runtime Environment to continue.
# Native memory allocation (malloc) failed to allocate 1834128 bytes for Chunk::new
# Possible reasons:
#   The system is out of physical RAM or swap space
#   In 32 bit mode, the process size limit was hit
# Possible solutions:
#   Reduce memory load on the system
#   Increase physical memory or swap space
#   Check if swap backing store is full
#   Use 64 bit Java on a 64 bit OS
#   Decrease Java heap size (-Xmx/-Xms)
#   Decrease number of Java threads
#   Decrease Java thread stack sizes (-Xss)
#   Set larger code cache with -XX:ReservedCodeCacheSize=
# This output file may be truncated or incomplete.
#
#  Out of Memory Error (allocation.cpp:390), pid=9844, tid=0x0000000000002724
#
# JRE version: OpenJDK Runtime Environment (8.0_112-b06) (build 1.8.0_112-release-b06)
# Java VM: OpenJDK 64-Bit Server VM (25.112-b06 mixed mode windows-amd64 compressed oops)
# Failed to write core dump. Minidumps are not enabled by default on client versions of Windows
#

---------------  T H R E A D  ---------------

Current thread (0x00000000179d3000):  JavaThread "C2 CompilerThread1" daemon [_thread_in_native, id=10020, stack(0x00000000180b0000,0x00000000181b0000)]

Stack: [0x00000000180b0000,0x00000000181b0000]
[error occurred during error reporting (printing stack bounds), id 0xc0000005]

Native frames: (J=compiled Java code, j=interpreted, Vv=VM code, C=native code)


Current CompileTask:
C2:   9796 1352   !   4       java.net.URLClassLoader$1::run (63 bytes)


---------------  P R O C E S S  ---------------

Java Threads: ( => current thread )
  0x000000001955d800 JavaThread "File lock request listener" [_thread_in_native, id=3372, stack(0x000000001cda0000,0x000000001cea0000)]
  0x0000000018945800 JavaThread "Stdin handler" [_thread_blocked, id=6828, stack(0x000000001bad0000,0x000000001bbd0000)]
  0x0000000018b76800 JavaThread "Asynchronous log dispatcher for DefaultDaemonConnection: socket connection from /127.0.0.1:50359 to /127.0.0.1:50360" [_thread_blocked, id=9516, stack(0x000000001b9d0000,0x000000001bad0000)]
  0x00000000187e7800 JavaThread "Daemon worker" [_thread_in_Java, id=1856, stack(0x000000001b8d0000,0x000000001b9d0000)]
  0x0000000017b59800 JavaThread "Cancel handler" [_thread_blocked, id=7236, stack(0x000000001b7d0000,0x000000001b8d0000)]
  0x0000000017b4c800 JavaThread "pool-1-thread-1" [_thread_blocked, id=9712, stack(0x000000001b6d0000,0x000000001b7d0000)]
  0x0000000019348000 JavaThread "Handler for socket connection from /127.0.0.1:50359 to /127.0.0.1:50360" [_thread_in_native, id=7704, stack(0x000000001b5d0000,0x000000001b6d0000)]
  0x000000001885c800 JavaThread "Daemon" [_thread_blocked, id=3444, stack(0x000000001b4d0000,0x000000001b5d0000)]
  0x00000000192e0000 JavaThread "Incoming local TCP Connector on port 50359" [_thread_in_native, id=8352, stack(0x000000001ae50000,0x000000001af50000)]
  0x0000000017a1f800 JavaThread "Service Thread" daemon [_thread_blocked, id=8684, stack(0x00000000182b0000,0x00000000183b0000)]
  0x0000000017a0b000 JavaThread "C1 CompilerThread2" daemon [_thread_blocked, id=9576, stack(0x00000000181b0000,0x00000000182b0000)]
=>0x00000000179d3000 JavaThread "C2 CompilerThread1" daemon [_thread_in_native, id=10020, stack(0x00000000180b0000,0x00000000181b0000)]
  0x0000000016699000 JavaThread "C2 CompilerThread0" daemon [_thread_in_native, id=192, stack(0x0000000017fb0000,0x00000000180b0000)]
  0x000000001664e000 JavaThread "Attach Listener" daemon [_thread_blocked, id=6988, stack(0x0000000017eb0000,0x0000000017fb0000)]
  0x0000000016637000 JavaThread "Signal Dispatcher" daemon [_thread_blocked, id=2072, stack(0x0000000017db0000,0x0000000017eb0000)]
  0x0000000002bca000 JavaThread "Finalizer" daemon [_thread_blocked, id=9784, stack(0x00000000178b0000,0x00000000179b0000)]
  0x0000000002bc1000 JavaThread "Reference Handler" daemon [_thread_blocked, id=6404, stack(0x00000000177b0000,0x00000000178b0000)]
  0x0000000002ad0800 JavaThread "main" [_thread_blocked, id=10056, stack(0x00000000026d0000,0x00000000027d0000)]

Other Threads:
  0x0000000016604800 VMThread [stack: 0x00000000176b0000,0x00000000177b0000] [id=2896]
  0x0000000017a20800 WatcherThread [stack: 0x00000000183b0000,0x00000000184b0000] [id=7160]

VM state:not at safepoint (normal execution)

VM Mutex/Monitor currently owned by a thread: None

Heap:
 PSYoungGen      total 38400K, used 28189K [0x00000000e0000000, 0x00000000e2a80000, 0x0000000100000000)
  eden space 33280K, 69% used [0x00000000e0000000,0x00000000e168d240,0x00000000e2080000)
  from space 5120K, 99% used [0x00000000e2580000,0x00000000e2a7a5a0,0x00000000e2a80000)
  to   space 5120K, 0% used [0x00000000e2080000,0x00000000e2080000,0x00000000e2580000)
 ParOldGen       total 87552K, used 1286K [0x00000000a0000000, 0x00000000a5580000, 0x00000000e0000000)
  object space 87552K, 1% used [0x00000000a0000000,0x00000000a0141b60,0x00000000a5580000)
 Metaspace       used 16114K, capacity 16414K, committed 16768K, reserved 1062912K
  class space    used 2228K, capacity 2326K, committed 2432K, reserved 1048576K

Card table byte_map: [0x0000000012090000,0x00000000123a0000] byte_map_base: 0x0000000011b90000

Marking Bits: (ParMarkBitMap*) 0x00000000539518f0
 Begin Bits: [0x00000000129a0000, 0x00000000141a0000)
 End Bits:   [0x00000000141a0000, 0x00000000159a0000)

Polling page: 0x0000000000f40000

CodeCache: size=245760Kb used=5071Kb max_used=5071Kb free=240688Kb
 bounds [0x0000000002cd0000, 0x00000000031d0000, 0x0000000011cd0000]
 total_blobs=1820 nmethods=1427 adapters=306
 compilation: enabled

Compilation events (10 events):
Event: 9.341 Thread 0x0000000017a0b000 1430       3       java.io.FileInputStream::read (9 bytes)
Event: 9.342 Thread 0x0000000017a0b000 nmethod 1430 0x00000000031c2450 code [0x00000000031c25c0, 0x00000000031c2748]
Event: 9.601 Thread 0x0000000017a0b000 1431   !   3       java.io.File::toURI (69 bytes)
Event: 9.604 Thread 0x0000000017a0b000 nmethod 1431 0x00000000031c2810 code [0x00000000031c2a80, 0x00000000031c3918]
Event: 9.604 Thread 0x0000000017a0b000 1432       3       java.io.File::slashify (84 bytes)
Event: 9.606 Thread 0x0000000017a0b000 nmethod 1432 0x00000000031c40d0 code [0x00000000031c4340, 0x00000000031c5548]
Event: 9.606 Thread 0x0000000017a0b000 1433       3       java.net.URI::<init> (13 bytes)
Event: 9.606 Thread 0x0000000017a0b000 nmethod 1433 0x00000000031c5c50 code [0x00000000031c5dc0, 0x00000000031c5f68]
Event: 9.760 Thread 0x0000000017a0b000 1434       3       java.util.concurrent.TimeUnit::x (27 bytes)
Event: 9.761 Thread 0x0000000017a0b000 nmethod 1434 0x00000000031c6010 code [0x00000000031c6160, 0x00000000031c6350]

GC Heap History (4 events):
Event: 3.192 GC heap before
{Heap before GC invocations=1 (full 0):
 PSYoungGen      total 38400K, used 33280K [0x00000000e0000000, 0x00000000e2a80000, 0x0000000100000000)
  eden space 33280K, 100% used [0x00000000e0000000,0x00000000e2080000,0x00000000e2080000)
  from space 5120K, 0% used [0x00000000e2580000,0x00000000e2580000,0x00000000e2a80000)
  to   space 5120K, 0% used [0x00000000e2080000,0x00000000e2080000,0x00000000e2580000)
 ParOldGen       total 87552K, used 0K [0x00000000a0000000, 0x00000000a5580000, 0x00000000e0000000)
  object space 87552K, 0% used [0x00000000a0000000,0x00000000a0000000,0x00000000a5580000)
 Metaspace       used 6944K, capacity 7200K, committed 7424K, reserved 1056768K
  class space    used 850K, capacity 932K, committed 1024K, reserved 1048576K
Event: 3.218 GC heap after
Heap after GC invocations=1 (full 0):
 PSYoungGen      total 38400K, used 4927K [0x00000000e0000000, 0x00000000e2a80000, 0x0000000100000000)
  eden space 33280K, 0% used [0x00000000e0000000,0x00000000e0000000,0x00000000e2080000)
  from space 5120K, 96% used [0x00000000e2080000,0x00000000e254fe20,0x00000000e2580000)
  to   space 5120K, 0% used [0x00000000e2580000,0x00000000e2580000,0x00000000e2a80000)
 ParOldGen       total 87552K, used 8K [0x00000000a0000000, 0x00000000a5580000, 0x00000000e0000000)
  object space 87552K, 0% used [0x00000000a0000000,0x00000000a0002000,0x00000000a5580000)
 Metaspace       used 6944K, capacity 7200K, committed 7424K, reserved 1056768K
  class space    used 850K, capacity 932K, committed 1024K, reserved 1048576K
}
Event: 7.239 GC heap before
{Heap before GC invocations=2 (full 0):
 PSYoungGen      total 38400K, used 38207K [0x00000000e0000000, 0x00000000e2a80000, 0x0000000100000000)
  eden space 33280K, 100% used [0x00000000e0000000,0x00000000e2080000,0x00000000e2080000)
  from space 5120K, 96% used [0x00000000e2080000,0x00000000e254fe20,0x00000000e2580000)
  to   space 5120K, 0% used [0x00000000e2580000,0x00000000e2580000,0x00000000e2a80000)
 ParOldGen       total 87552K, used 8K [0x00000000a0000000, 0x00000000a5580000, 0x00000000e0000000)
  object space 87552K, 0% used [0x00000000a0000000,0x00000000a0002000,0x00000000a5580000)
 Metaspace       used 13482K, capacity 13830K, committed 14080K, reserved 1060864K
  class space    used 1805K, capacity 1938K, committed 2048K, reserved 1048576K
Event: 7.277 GC heap after
Heap after GC invocations=2 (full 0):
 PSYoungGen      total 38400K, used 5097K [0x00000000e0000000, 0x00000000e2a80000, 0x0000000100000000)
  eden space 33280K, 0% used [0x00000000e0000000,0x00000000e0000000,0x00000000e2080000)
  from space 5120K, 99% used [0x00000000e2580000,0x00000000e2a7a5a0,0x00000000e2a80000)
  to   space 5120K, 0% used [0x00000000e2080000,0x00000000e2080000,0x00000000e2580000)
 ParOldGen       total 87552K, used 1286K [0x00000000a0000000, 0x00000000a5580000, 0x00000000e0000000)
  object space 87552K, 1% used [0x00000000a0000000,0x00000000a0141b60,0x00000000a5580000)
 Metaspace       used 13482K, capacity 13830K, committed 14080K, reserved 1060864K
  class space    used 1805K, capacity 1938K, committed 2048K, reserved 1048576K
}

Deoptimization events (10 events):
Event: 4.157 Thread 0x0000000002ad0800 Uncommon trap: reason=unstable_if action=reinterpret pc=0x0000000002fe8350 method=java.io.WinNTFileSystem.normalize(Ljava/lang/String;II)Ljava/lang/String; @ 90
Event: 4.198 Thread 0x0000000002ad0800 Uncommon trap: reason=unstable_if action=reinterpret pc=0x0000000002f67414 method=java.lang.String.substring(I)Ljava/lang/String; @ 35
Event: 4.374 Thread 0x0000000002ad0800 Uncommon trap: reason=unstable_if action=reinterpret pc=0x0000000002f19fbc method=java.util.HashMap.getNode(ILjava/lang/Object;)Ljava/util/HashMap$Node; @ 129
Event: 6.600 Thread 0x0000000002ad0800 Uncommon trap: reason=unstable_if action=reinterpret pc=0x0000000003079570 method=java.util.LinkedHashMap.afterNodeInsertion(Z)V @ 1
Event: 6.913 Thread 0x00000000187e7800 Uncommon trap: reason=bimorphic action=maybe_recompile pc=0x000000000307a170 method=java.util.HashMap.putVal(ILjava/lang/Object;Ljava/lang/Object;ZZ)Ljava/lang/Object; @ 253
Event: 6.913 Thread 0x00000000187e7800 Uncommon trap: reason=bimorphic action=maybe_recompile pc=0x000000000307a170 method=java.util.HashMap.putVal(ILjava/lang/Object;Ljava/lang/Object;ZZ)Ljava/lang/Object; @ 253
Event: 6.913 Thread 0x00000000187e7800 Uncommon trap: reason=bimorphic action=maybe_recompile pc=0x000000000307b760 method=java.util.HashMap.putVal(ILjava/lang/Object;Ljava/lang/Object;ZZ)Ljava/lang/Object; @ 253
Event: 7.708 Thread 0x00000000187e7800 Uncommon trap: reason=class_check action=maybe_recompile pc=0x0000000002f3e35c method=java.util.regex.Matcher.match(II)Z @ 86
Event: 7.714 Thread 0x00000000187e7800 Uncommon trap: reason=class_check action=maybe_recompile pc=0x0000000002f3e35c method=java.util.regex.Matcher.match(II)Z @ 86
Event: 8.289 Thread 0x00000000187e7800 Uncommon trap: reason=bimorphic action=maybe_recompile pc=0x0000000002fb793c method=java.util.HashMap.putVal(ILjava/lang/Object;Ljava/lang/Object;ZZ)Ljava/lang/Object; @ 91

Internal exceptions (10 events):
Event: 6.808 Thread 0x0000000019348000 Exception <a 'java/lang/NoSuchMethodError': <clinit>> (0x00000000e155cbc0) thrown at [C:\src\android\AOSP-openjdk\external\jetbrains\jdk\hotspot\src\share\vm\prims\jni.cpp, line 1613]
Event: 6.820 Thread 0x0000000019348000 Exception <a 'java/lang/NoSuchMethodError': <clinit>> (0x00000000e1580d10) thrown at [C:\src\android\AOSP-openjdk\external\jetbrains\jdk\hotspot\src\share\vm\prims\jni.cpp, line 1613]
Event: 6.886 Thread 0x00000000187e7800 Exception <a 'java/lang/NoSuchMethodError': <clinit>> (0x00000000e1652570) thrown at [C:\src\android\AOSP-openjdk\external\jetbrains\jdk\hotspot\src\share\vm\prims\jni.cpp, line 1613]
Event: 6.889 Thread 0x00000000187e7800 Exception <a 'java/lang/NoSuchMethodError': <clinit>> (0x00000000e165a7f8) thrown at [C:\src\android\AOSP-openjdk\external\jetbrains\jdk\hotspot\src\share\vm\prims\jni.cpp, line 1613]
Event: 7.010 Thread 0x00000000187e7800 Exception <a 'java/lang/ArrayIndexOutOfBoundsException'> (0x00000000e18e7c40) thrown at [C:\src\android\AOSP-openjdk\external\jetbrains\jdk\hotspot\src\share\vm\runtime\sharedRuntime.cpp, line 605]
Event: 7.055 Thread 0x00000000187e7800 Exception <a 'java/lang/ArrayIndexOutOfBoundsException'> (0x00000000e19abcb8) thrown at [C:\src\android\AOSP-openjdk\external\jetbrains\jdk\hotspot\src\share\vm\runtime\sharedRuntime.cpp, line 605]
Event: 9.012 Thread 0x00000000187e7800 Exception <a 'java/lang/NoSuchMethodError': <clinit>> (0x00000000e1550ab8) thrown at [C:\src\android\AOSP-openjdk\external\jetbrains\jdk\hotspot\src\share\vm\prims\jni.cpp, line 1613]
Event: 9.013 Thread 0x00000000187e7800 Exception <a 'java/lang/NoSuchMethodError': <clinit>> (0x00000000e1553288) thrown at [C:\src\android\AOSP-openjdk\external\jetbrains\jdk\hotspot\src\share\vm\prims\jni.cpp, line 1613]
Event: 9.018 Thread 0x00000000187e7800 Exception <a 'java/lang/NoSuchMethodError': <clinit>> (0x00000000e155f568) thrown at [C:\src\android\AOSP-openjdk\external\jetbrains\jdk\hotspot\src\share\vm\prims\jni.cpp, line 1613]
Event: 9.022 Thread 0x00000000187e7800 Exception <a 'java/lang/NoSuchMethodError': <clinit>> (0x00000000e1569a40) thrown at [C:\src\android\AOSP-openjdk\external\jetbrains\jdk\hotspot\src\share\vm\prims\jni.cpp, line 1613]

Events (10 events):
Event: 9.198 loading class java/math/MutableBigInteger
Event: 9.198 loading class java/math/MutableBigInteger done
Event: 9.199 loading class org/gradle/internal/file/JarCache$FileInfo
Event: 9.199 loading class org/gradle/internal/file/JarCache$FileInfo done
Event: 9.201 loading class com/google/common/cache/LocalCache$StrongAccessEntry
Event: 9.201 loading class com/google/common/cache/LocalCache$StrongAccessEntry done
Event: 9.202 loading class com/google/common/cache/LocalCache$StrongEntry
Event: 9.202 loading class com/google/common/cache/LocalCache$StrongEntry done
Event: 9.207 loading class com/google/common/cache/LocalCache$NullEntry
Event: 9.207 loading class com/google/common/cache/LocalCache$NullEntry done


Dynamic libraries:
0x00007ff6440c0000 - 0x00007ff6440f1000 	D:\AndroidStudio\jre\bin\java.exe
0x00007ff80d740000 - 0x00007ff80d8ed000 	C:\windows\SYSTEM32\ntdll.dll
0x00007ff80cdd0000 - 0x00007ff80cf0e000 	C:\windows\system32\KERNEL32.DLL
0x00007ff80a660000 - 0x00007ff80a775000 	C:\windows\system32\KERNELBASE.dll
0x00007ff80b170000 - 0x00007ff80b21a000 	C:\windows\system32\ADVAPI32.dll
0x00007ff80d3b0000 - 0x00007ff80d527000 	C:\windows\system32\USER32.dll
0x00007ff8085e0000 - 0x00007ff80885b000 	C:\windows\WinSxS\amd64_microsoft.windows.common-controls_6595b64144ccf1df_6.0.9600.18006_none_623f33d3ecbe86e8\COMCTL32.dll
0x00007ff80d300000 - 0x00007ff80d3aa000 	C:\windows\system32\msvcrt.dll
0x00007ff80b5d0000 - 0x00007ff80b629000 	C:\windows\SYSTEM32\sechost.dll
0x00007ff80cf20000 - 0x00007ff80d060000 	C:\windows\system32\RPCRT4.dll
0x00007ff80b260000 - 0x00007ff80b3af000 	C:\windows\system32\GDI32.dll
0x00007ff80a8c0000 - 0x00007ff80a8ee000 	C:\windows\system32\SspiCli.dll
0x00007ff80b220000 - 0x00007ff80b256000 	C:\windows\system32\IMM32.DLL
0x00007ff80d1a0000 - 0x00007ff80d2f2000 	C:\windows\system32\MSCTF.dll
0x0000000052530000 - 0x0000000052602000 	D:\AndroidStudio\jre\jre\bin\msvcr100.dll
0x0000000053190000 - 0x00000000539cc000 	D:\AndroidStudio\jre\jre\bin\server\jvm.dll
0x00007fffdeae0000 - 0x00007fffdeae9000 	C:\windows\SYSTEM32\WSOCK32.dll
0x00007ff80a790000 - 0x00007ff80a7b2000 	C:\windows\system32\WINMM.dll
0x00007ff802e40000 - 0x00007ff802e4a000 	C:\windows\SYSTEM32\VERSION.dll
0x00007ff80af70000 - 0x00007ff80af77000 	C:\windows\system32\PSAPI.DLL
0x00007ff80aad0000 - 0x00007ff80ab2a000 	C:\windows\system32\WS2_32.dll
0x00007ff80a580000 - 0x00007ff80a5aa000 	C:\windows\system32\WINMMBASE.dll
0x00007ff80cf10000 - 0x00007ff80cf19000 	C:\windows\system32\NSI.dll
0x00007ff80a870000 - 0x00007ff80a8bf000 	C:\windows\SYSTEM32\cfgmgr32.dll
0x00007ff80a530000 - 0x00007ff80a558000 	C:\windows\system32\DEVOBJ.dll
0x00007ff805fa0000 - 0x00007ff805faf000 	D:\AndroidStudio\jre\jre\bin\verify.dll
0x00007ff804c20000 - 0x00007ff804c49000 	D:\AndroidStudio\jre\jre\bin\java.dll
0x00007fffed420000 - 0x00007fffed436000 	D:\AndroidStudio\jre\jre\bin\zip.dll
0x00007ff80b810000 - 0x00007ff80cd39000 	C:\windows\system32\SHELL32.dll
0x00007ff80b3b0000 - 0x00007ff80b5c1000 	C:\windows\SYSTEM32\combase.dll
0x00007ff80cd60000 - 0x00007ff80cdb4000 	C:\windows\system32\SHLWAPI.dll
0x00007ff808a90000 - 0x00007ff808b42000 	C:\windows\SYSTEM32\SHCORE.dll
0x00007ff80a480000 - 0x00007ff80a495000 	C:\windows\SYSTEM32\profapi.dll
0x00007fffecd70000 - 0x00007fffecd8a000 	D:\AndroidStudio\jre\jre\bin\net.dll
0x00007ff809d70000 - 0x00007ff809dc9000 	C:\windows\system32\mswsock.dll
0x00007fffecd50000 - 0x00007fffecd61000 	D:\AndroidStudio\jre\jre\bin\nio.dll
0x00007fffecce0000 - 0x00007fffeccfe000 	D:\AndroidStudio\gradle\gradle-3.3\native\23\windows-amd64\native-platform.dll
0x00007ff809dd0000 - 0x00007ff809df0000 	C:\windows\SYSTEM32\CRYPTSP.dll
0x00007ff8099d0000 - 0x00007ff809a06000 	C:\windows\system32\rsaenh.dll
0x00007ff80a020000 - 0x00007ff80a046000 	C:\windows\SYSTEM32\bcrypt.dll
0x00007ff809b00000 - 0x00007ff809b21000 	C:\windows\SYSTEM32\USERENV.dll
0x00007ff80a350000 - 0x00007ff80a3b3000 	C:\windows\system32\bcryptprimitives.dll
0x00007ff80a3c0000 - 0x00007ff80a3cb000 	C:\windows\SYSTEM32\CRYPTBASE.dll
0x00007ff8048c0000 - 0x00007ff8048ea000 	C:\windows\SYSTEM32\IPHLPAPI.DLL
0x00007ff804840000 - 0x00007ff80484a000 	C:\windows\SYSTEM32\WINNSI.DLL
0x00007ff804490000 - 0x00007ff8044a6000 	C:\windows\SYSTEM32\dhcpcsvc6.DLL
0x00007ff804410000 - 0x00007ff80442a000 	C:\windows\SYSTEM32\dhcpcsvc.DLL
0x00007ff800000000 - 0x00007ff80000d000 	D:\AndroidStudio\jre\jre\bin\management.dll

VM Arguments:
jvm_args: -Xmx1536m -Dfile.encoding=GBK -Duser.country=CN -Duser.language=zh -Duser.variant 
java_command: org.gradle.launcher.daemon.bootstrap.GradleDaemon 3.3
java_class_path (initial): D:\AndroidStudio\gradle\gradle-3.3\lib\gradle-launcher-3.3.jar
Launcher Type: SUN_STANDARD

Environment Variables:
JAVA_HOME=D:\Program Files\Java\jdk1.8.0_60
CLASSPATH=.
PATH=D:\Program Files\Java\jdk1.8.0_60\bin;C:\Program Files (x86)\Lenovo\FusionEngine;C:\Program Files (x86)\Intel\iCLS Client\;C:\Program Files\Intel\iCLS Client\;C:\windows\system32;C:\windows;C:\windows\System32\Wbem;C:\windows\System32\WindowsPowerShell\v1.0\;C:\Program Files (x86)\ATI Technologies\ATI.ACE\Core-Static;C:\Program Files\Intel\Intel(R) Management Engine Components\DAL;C:\Program Files (x86)\Intel\Intel(R) Management Engine Components\DAL;C:\Program Files\Intel\Intel(R) Management Engine Components\IPT;C:\Program Files (x86)\Intel\Intel(R) Management Engine Components\IPT;C:\Program Files (x86)\Common Files\lenovo\easyplussdk\bin;C:\Program Files (x86)\Microsoft SQL Server\100\Tools\Binn\;C:\Program Files\Microsoft SQL Server\100\Tools\Binn\;C:\Program Files\Microsoft SQL Server\100\DTS\Binn\;C:\Program Files (x86)\Microsoft SQL Server\100\Tools\Binn\VSShell\Common7\IDE\;C:\Program Files (x86)\Microsoft SQL Server\100\DTS\Binn\;C:\Program Files (x86)\Microsoft Visual Studio 9.0\Common7\IDE\PrivateAssemblies\;C:\Program Files\Microsoft SQL Server\110\DTS\Binn\;C:\Program Files (x86)\Microsoft SQL Server\110\Tools\Binn\;C:\Program Files\Microsoft SQL Server\110\Tools\Binn\;C:\Program Files (x86)\Microsoft SQL Server\110\Tools\Binn\ManagementStudio\;C:\Program Files (x86)\Microsoft Visual Studio 10.0\Common7\IDE\PrivateAssemblies\;C:\Program Files (x86)\Microsoft SQL Server\110\DTS\Binn\;D:\mysql\mysql-5.7.18-winx64\bin;D:\Git\cmd;D:\Android_sdk\build-tools;D:\Android_sdk\tools;
USERNAME=lenovo
OS=Windows_NT
PROCESSOR_IDENTIFIER=Intel64 Family 6 Model 61 Stepping 4, GenuineIntel



---------------  S Y S T E M  ---------------

OS: Windows 8.1 , 64 bit Build 9600 (6.3.9600.17415)

CPU:total 4 (2 cores per cpu, 2 threads per core) family 6 model 61 stepping 4, cmov, cx8, fxsr, mmx, sse, sse2, sse3, ssse3, sse4.1, sse4.2, popcnt, avx, avx2, aes, clmul, erms, 3dnowpref, lzcnt, ht, tsc, tscinvbit, bmi1, bmi2, adx

Memory: 4k page, physical 8301656k(1538184k free), swap 8301656k(5244k free)

vm_info: OpenJDK 64-Bit Server VM (25.112-b06) for windows-amd64 JRE (1.8.0_112-release-b06), built on Dec  8 2016 00:54:26 by "builder" with MS VC++ 10.0 (VS2010)

time: Thu Aug 24 12:46:02 2017
elapsed time: 9 seconds (0d 0h 0m 9s)

