#
# There is insufficient memory for the Java Runtime Environment to continue.
# Native memory allocation (malloc) failed to allocate 64880 bytes for Chunk::new
# Possible reasons:
#   The system is out of physical RAM or swap space
#   In 32 bit mode, the process size limit was hit
# Possible solutions:
#   Reduce memory load on the system
#   Increase physical memory or swap space
#   Check if swap backing store is full
#   Use 64 bit Java on a 64 bit OS
#   Decrease Java heap size (-Xmx/-Xms)
#   Decrease number of Java threads
#   Decrease Java thread stack sizes (-Xss)
#   Set larger code cache with -XX:ReservedCodeCacheSize=
# This output file may be truncated or incomplete.
#
#  Out of Memory Error (allocation.cpp:390), pid=8260, tid=0x0000000000001818
#
# JRE version: OpenJDK Runtime Environment (8.0_112-b06) (build 1.8.0_112-release-b06)
# Java VM: OpenJDK 64-Bit Server VM (25.112-b06 mixed mode windows-amd64 compressed oops)
# Failed to write core dump. Minidumps are not enabled by default on client versions of Windows
#

---------------  T H R E A D  ---------------

Current thread (0x0000000017a32000):  JavaThread "C2 CompilerThread1" daemon [_thread_in_native, id=6168, stack(0x00000000180e0000,0x00000000181e0000)]

Stack: [0x00000000180e0000,0x00000000181e0000]
[error occurred during error reporting (printing stack bounds), id 0xc0000005]

Native frames: (J=compiled Java code, j=interpreted, Vv=VM code, C=native code)


Current CompileTask:
C2:  10568 1419   !   4       java.net.URLClassLoader$1::run (63 bytes)


---------------  P R O C E S S  ---------------

Java Threads: ( => current thread )
  0x0000000018cf7800 JavaThread "File lock request listener" [_thread_in_native, id=3992, stack(0x000000001ae90000,0x000000001af90000)]
  0x00000000188a7800 JavaThread "Stdin handler" [_thread_blocked, id=8592, stack(0x000000001ab90000,0x000000001ac90000)]
  0x0000000019607000 JavaThread "Asynchronous log dispatcher for DefaultDaemonConnection: socket connection from /127.0.0.1:65011 to /127.0.0.1:65012" [_thread_blocked, id=7808, stack(0x000000001aa90000,0x000000001ab90000)]
  0x000000001980f000 JavaThread "Daemon worker" [_thread_in_vm, id=8476, stack(0x000000001a990000,0x000000001aa90000)]
  0x0000000017bfd000 JavaThread "Cancel handler" [_thread_blocked, id=716, stack(0x000000001a890000,0x000000001a990000)]
  0x0000000018a8f000 JavaThread "pool-1-thread-1" [_thread_blocked, id=1184, stack(0x000000001a790000,0x000000001a890000)]
  0x00000000194bb800 JavaThread "Handler for socket connection from /127.0.0.1:65011 to /127.0.0.1:65012" [_thread_in_native, id=8472, stack(0x000000001a690000,0x000000001a790000)]
  0x00000000195ca000 JavaThread "Daemon" [_thread_blocked, id=4960, stack(0x000000001a590000,0x000000001a690000)]
  0x00000000195d6000 JavaThread "Incoming local TCP Connector on port 65011" [_thread_in_native, id=9024, stack(0x0000000019cb0000,0x0000000019db0000)]
  0x0000000017a40800 JavaThread "Service Thread" daemon [_thread_blocked, id=7796, stack(0x00000000182e0000,0x00000000183e0000)]
  0x0000000017a39000 JavaThread "C1 CompilerThread2" daemon [_thread_in_native, id=6152, stack(0x00000000181e0000,0x00000000182e0000)]
=>0x0000000017a32000 JavaThread "C2 CompilerThread1" daemon [_thread_in_native, id=6168, stack(0x00000000180e0000,0x00000000181e0000)]
  0x000000001667b000 JavaThread "C2 CompilerThread0" daemon [_thread_in_native, id=6528, stack(0x0000000017fe0000,0x00000000180e0000)]
  0x00000000166c8800 JavaThread "Attach Listener" daemon [_thread_blocked, id=4776, stack(0x0000000017ee0000,0x0000000017fe0000)]
  0x00000000179e8800 JavaThread "Signal Dispatcher" daemon [_thread_blocked, id=8272, stack(0x0000000017de0000,0x0000000017ee0000)]
  0x0000000002cfb000 JavaThread "Finalizer" daemon [_thread_blocked, id=1836, stack(0x00000000178e0000,0x00000000179e0000)]
  0x0000000002cf1000 JavaThread "Reference Handler" daemon [_thread_blocked, id=6716, stack(0x00000000177e0000,0x00000000178e0000)]
  0x0000000002c00800 JavaThread "main" [_thread_blocked, id=9084, stack(0x0000000002a60000,0x0000000002b60000)]

Other Threads:
  0x0000000016634800 VMThread [stack: 0x00000000176e0000,0x00000000177e0000] [id=4616]
  0x0000000017a44000 WatcherThread [stack: 0x00000000183e0000,0x00000000184e0000] [id=7144]

VM state:not at safepoint (normal execution)

VM Mutex/Monitor currently owned by a thread: None

Heap:
 PSYoungGen      total 38400K, used 14499K [0x00000000e0000000, 0x00000000e2a80000, 0x0000000100000000)
  eden space 33280K, 28% used [0x00000000e0000000,0x00000000e092ace8,0x00000000e2080000)
  from space 5120K, 99% used [0x00000000e2080000,0x00000000e257e030,0x00000000e2580000)
  to   space 5120K, 0% used [0x00000000e2580000,0x00000000e2580000,0x00000000e2a80000)
 ParOldGen       total 87552K, used 5321K [0x00000000a0000000, 0x00000000a5580000, 0x00000000e0000000)
  object space 87552K, 6% used [0x00000000a0000000,0x00000000a05326d8,0x00000000a5580000)
 Metaspace       used 20445K, capacity 20868K, committed 21120K, reserved 1067008K
  class space    used 2769K, capacity 2914K, committed 2944K, reserved 1048576K

Card table byte_map: [0x00000000120c0000,0x00000000123d0000] byte_map_base: 0x0000000011bc0000

Marking Bits: (ParMarkBitMap*) 0x000000005af318f0
 Begin Bits: [0x00000000129d0000, 0x00000000141d0000)
 End Bits:   [0x00000000141d0000, 0x00000000159d0000)

Polling page: 0x0000000002720000

CodeCache: size=245760Kb used=5521Kb max_used=5521Kb free=240238Kb
 bounds [0x0000000002d00000, 0x0000000003270000, 0x0000000011d00000]
 total_blobs=2053 nmethods=1645 adapters=321
 compilation: enabled

Compilation events (10 events):
Event: 10.555 Thread 0x0000000017a39000 nmethod 1673 0x0000000003262c10 code [0x0000000003262de0, 0x00000000032632b8]
Event: 10.560 Thread 0x0000000017a39000 1674       2       org.codehaus.groovy.runtime.metaclass.MetaMethodIndex::isNonRealMethod (55 bytes)
Event: 10.560 Thread 0x0000000017a39000 nmethod 1674 0x0000000003263750 code [0x00000000032638c0, 0x0000000003263bd0]
Event: 10.560 Thread 0x0000000017a39000 1675       2       org.codehaus.groovy.util.FastArray::<init> (16 bytes)
Event: 10.561 Thread 0x0000000017a39000 nmethod 1675 0x0000000003263c90 code [0x0000000003263de0, 0x0000000003263f50]
Event: 10.561 Thread 0x0000000017a39000 1677       2       org.codehaus.groovy.runtime.metaclass.MetaMethodIndex::findMatchingMethod (48 bytes)
Event: 10.561 Thread 0x0000000017a39000 nmethod 1677 0x0000000003264010 code [0x0000000003264180, 0x00000000032643e8]
Event: 10.561 Thread 0x0000000017a39000 1678       2       org.codehaus.groovy.runtime.metaclass.MetaMethodIndex::copyNonPrivateNonNewMetaMethods (171 bytes)
Event: 10.563 Thread 0x0000000017a39000 nmethod 1678 0x00000000032645d0 code [0x00000000032647a0, 0x0000000003264d18]
Event: 10.563 Thread 0x0000000017a39000 1679       2       groovy.lang.MetaClassImpl$2::methodNameAction (169 bytes)

GC Heap History (6 events):
Event: 3.080 GC heap before
{Heap before GC invocations=1 (full 0):
 PSYoungGen      total 38400K, used 33280K [0x00000000e0000000, 0x00000000e2a80000, 0x0000000100000000)
  eden space 33280K, 100% used [0x00000000e0000000,0x00000000e2080000,0x00000000e2080000)
  from space 5120K, 0% used [0x00000000e2580000,0x00000000e2580000,0x00000000e2a80000)
  to   space 5120K, 0% used [0x00000000e2080000,0x00000000e2080000,0x00000000e2580000)
 ParOldGen       total 87552K, used 0K [0x00000000a0000000, 0x00000000a5580000, 0x00000000e0000000)
  object space 87552K, 0% used [0x00000000a0000000,0x00000000a0000000,0x00000000a5580000)
 Metaspace       used 6931K, capacity 7196K, committed 7424K, reserved 1056768K
  class space    used 850K, capacity 932K, committed 1024K, reserved 1048576K
Event: 3.103 GC heap after
Heap after GC invocations=1 (full 0):
 PSYoungGen      total 38400K, used 4975K [0x00000000e0000000, 0x00000000e2a80000, 0x0000000100000000)
  eden space 33280K, 0% used [0x00000000e0000000,0x00000000e0000000,0x00000000e2080000)
  from space 5120K, 97% used [0x00000000e2080000,0x00000000e255be10,0x00000000e2580000)
  to   space 5120K, 0% used [0x00000000e2580000,0x00000000e2580000,0x00000000e2a80000)
 ParOldGen       total 87552K, used 8K [0x00000000a0000000, 0x00000000a5580000, 0x00000000e0000000)
  object space 87552K, 0% used [0x00000000a0000000,0x00000000a0002000,0x00000000a5580000)
 Metaspace       used 6931K, capacity 7196K, committed 7424K, reserved 1056768K
  class space    used 850K, capacity 932K, committed 1024K, reserved 1048576K
}
Event: 6.275 GC heap before
{Heap before GC invocations=2 (full 0):
 PSYoungGen      total 38400K, used 38255K [0x00000000e0000000, 0x00000000e2a80000, 0x0000000100000000)
  eden space 33280K, 100% used [0x00000000e0000000,0x00000000e2080000,0x00000000e2080000)
  from space 5120K, 97% used [0x00000000e2080000,0x00000000e255be10,0x00000000e2580000)
  to   space 5120K, 0% used [0x00000000e2580000,0x00000000e2580000,0x00000000e2a80000)
 ParOldGen       total 87552K, used 8K [0x00000000a0000000, 0x00000000a5580000, 0x00000000e0000000)
  object space 87552K, 0% used [0x00000000a0000000,0x00000000a0002000,0x00000000a5580000)
 Metaspace       used 13503K, capacity 13826K, committed 14080K, reserved 1060864K
  class space    used 1813K, capacity 1938K, committed 2048K, reserved 1048576K
Event: 6.305 GC heap after
Heap after GC invocations=2 (full 0):
 PSYoungGen      total 38400K, used 5103K [0x00000000e0000000, 0x00000000e2a80000, 0x0000000100000000)
  eden space 33280K, 0% used [0x00000000e0000000,0x00000000e0000000,0x00000000e2080000)
  from space 5120K, 99% used [0x00000000e2580000,0x00000000e2a7bf08,0x00000000e2a80000)
  to   space 5120K, 0% used [0x00000000e2080000,0x00000000e2080000,0x00000000e2580000)
 ParOldGen       total 87552K, used 1320K [0x00000000a0000000, 0x00000000a5580000, 0x00000000e0000000)
  object space 87552K, 1% used [0x00000000a0000000,0x00000000a014a3b8,0x00000000a5580000)
 Metaspace       used 13503K, capacity 13826K, committed 14080K, reserved 1060864K
  class space    used 1813K, capacity 1938K, committed 2048K, reserved 1048576K
}
Event: 9.767 GC heap before
{Heap before GC invocations=3 (full 0):
 PSYoungGen      total 38400K, used 38383K [0x00000000e0000000, 0x00000000e2a80000, 0x0000000100000000)
  eden space 33280K, 100% used [0x00000000e0000000,0x00000000e2080000,0x00000000e2080000)
  from space 5120K, 99% used [0x00000000e2580000,0x00000000e2a7bf08,0x00000000e2a80000)
  to   space 5120K, 0% used [0x00000000e2080000,0x00000000e2080000,0x00000000e2580000)
 ParOldGen       total 87552K, used 1320K [0x00000000a0000000, 0x00000000a5580000, 0x00000000e0000000)
  object space 87552K, 1% used [0x00000000a0000000,0x00000000a014a3b8,0x00000000a5580000)
 Metaspace       used 17714K, capacity 18148K, committed 18304K, reserved 1064960K
  class space    used 2467K, capacity 2626K, committed 2688K, reserved 1048576K
Event: 9.816 GC heap after
Heap after GC invocations=3 (full 0):
 PSYoungGen      total 38400K, used 5112K [0x00000000e0000000, 0x00000000e2a80000, 0x0000000100000000)
  eden space 33280K, 0% used [0x00000000e0000000,0x00000000e0000000,0x00000000e2080000)
  from space 5120K, 99% used [0x00000000e2080000,0x00000000e257e030,0x00000000e2580000)
  to   space 5120K, 0% used [0x00000000e2580000,0x00000000e2580000,0x00000000e2a80000)
 ParOldGen       total 87552K, used 5321K [0x00000000a0000000, 0x00000000a5580000, 0x00000000e0000000)
  object space 87552K, 6% used [0x00000000a0000000,0x00000000a05326d8,0x00000000a5580000)
 Metaspace       used 17714K, capacity 18148K, committed 18304K, reserved 1064960K
  class space    used 2467K, capacity 2626K, committed 2688K, reserved 1048576K
}

Deoptimization events (10 events):
Event: 8.024 Thread 0x000000001980f000 Uncommon trap: reason=bimorphic action=maybe_recompile pc=0x00000000031638a8 method=java.lang.ClassLoader.loadClass(Ljava/lang/String;Z)Ljava/lang/Class; @ 38
Event: 8.447 Thread 0x000000001980f000 Uncommon trap: reason=predicate action=maybe_recompile pc=0x00000000031cc348 method=sun.security.provider.DigestBase.implCompressMultiBlock([BII)I @ 5
Event: 8.480 Thread 0x000000001980f000 Uncommon trap: reason=unstable_if action=reinterpret pc=0x0000000002fc2650 method=java.lang.AbstractStringBuilder.append(Ljava/lang/String;)Ljava/lang/AbstractStringBuilder; @ 1
Event: 8.480 Thread 0x000000001980f000 Uncommon trap: reason=unstable_if action=reinterpret pc=0x0000000002f22498 method=java.lang.AbstractStringBuilder.append(Ljava/lang/String;)Ljava/lang/AbstractStringBuilder; @ 1
Event: 8.805 Thread 0x000000001980f000 Uncommon trap: reason=class_check action=maybe_recompile pc=0x0000000002ecfd68 method=java.lang.String.equals(Ljava/lang/Object;)Z @ 8
Event: 8.805 Thread 0x000000001980f000 Uncommon trap: reason=class_check action=maybe_recompile pc=0x0000000002ecfd68 method=java.lang.String.equals(Ljava/lang/Object;)Z @ 8
Event: 8.808 Thread 0x000000001980f000 Uncommon trap: reason=class_check action=maybe_recompile pc=0x0000000002ecfd68 method=java.lang.String.equals(Ljava/lang/Object;)Z @ 8
Event: 8.808 Thread 0x000000001980f000 Uncommon trap: reason=class_check action=maybe_recompile pc=0x0000000002ecfd68 method=java.lang.String.equals(Ljava/lang/Object;)Z @ 8
Event: 9.321 Thread 0x000000001980f000 Uncommon trap: reason=class_check action=maybe_recompile pc=0x0000000002ed30a4 method=sun.misc.URLClassPath.getLoader(I)Lsun/misc/URLClassPath$Loader; @ 94
Event: 9.321 Thread 0x000000001980f000 Uncommon trap: reason=class_check action=maybe_recompile pc=0x0000000002febd6c method=sun.misc.URLClassPath.getResource(Ljava/lang/String;Z)Lsun/misc/Resource; @ 62

Internal exceptions (10 events):
Event: 10.432 Thread 0x000000001980f000 Exception <a 'java/lang/ClassNotFoundException': groovy/lang/ExpandoMetaClassBeanInfo> (0x00000000e0675100) thrown at [C:\src\android\AOSP-openjdk\external\jetbrains\jdk\hotspot\src\share\vm\classfile\systemDictionary.cpp, line 210]
Event: 10.433 Thread 0x000000001980f000 Exception <a 'java/lang/ClassNotFoundException': groovy/lang/MetaClassImplBeanInfo> (0x00000000e0681fe0) thrown at [C:\src\android\AOSP-openjdk\external\jetbrains\jdk\hotspot\src\share\vm\classfile\systemDictionary.cpp, line 210]
Event: 10.434 Thread 0x000000001980f000 Exception <a 'java/lang/ClassNotFoundException': java/lang/ObjectBeanInfo> (0x00000000e0687f70) thrown at [C:\src\android\AOSP-openjdk\external\jetbrains\jdk\hotspot\src\share\vm\classfile\systemDictionary.cpp, line 210]
Event: 10.435 Thread 0x000000001980f000 Exception <a 'java/lang/ClassNotFoundException': java/lang/ObjectCustomizer> (0x00000000e068e230) thrown at [C:\src\android\AOSP-openjdk\external\jetbrains\jdk\hotspot\src\share\vm\classfile\systemDictionary.cpp, line 210]
Event: 10.447 Thread 0x000000001980f000 Exception <a 'java/lang/ClassNotFoundException': groovy/lang/MetaClassImplCustomizer> (0x00000000e06a2b60) thrown at [C:\src\android\AOSP-openjdk\external\jetbrains\jdk\hotspot\src\share\vm\classfile\systemDictionary.cpp, line 210]
Event: 10.456 Thread 0x000000001980f000 Exception <a 'java/lang/ClassNotFoundException': groovy/lang/ExpandoMetaClassCustomizer> (0x00000000e06d7380) thrown at [C:\src\android\AOSP-openjdk\external\jetbrains\jdk\hotspot\src\share\vm\classfile\systemDictionary.cpp, line 210]
Event: 10.487 Thread 0x000000001980f000 Exception <a 'java/lang/ClassNotFoundException': groovy/lang/BindingBeanInfo> (0x00000000e074f2b8) thrown at [C:\src\android\AOSP-openjdk\external\jetbrains\jdk\hotspot\src\share\vm\classfile\systemDictionary.cpp, line 210]
Event: 10.488 Thread 0x000000001980f000 Exception <a 'java/lang/ClassNotFoundException': groovy/lang/GroovyObjectSupportBeanInfo> (0x00000000e075d678) thrown at [C:\src\android\AOSP-openjdk\external\jetbrains\jdk\hotspot\src\share\vm\classfile\systemDictionary.cpp, line 210]
Event: 10.489 Thread 0x000000001980f000 Exception <a 'java/lang/ClassNotFoundException': groovy/lang/GroovyObjectSupportCustomizer> (0x00000000e076bad0) thrown at [C:\src\android\AOSP-openjdk\external\jetbrains\jdk\hotspot\src\share\vm\classfile\systemDictionary.cpp, line 210]
Event: 10.491 Thread 0x000000001980f000 Exception <a 'java/lang/ClassNotFoundException': groovy/lang/BindingCustomizer> (0x00000000e077c488) thrown at [C:\src\android\AOSP-openjdk\external\jetbrains\jdk\hotspot\src\share\vm\classfile\systemDictionary.cpp, line 210]

Events (10 events):
Event: 10.526 loading class org/gradle/api/file/ConfigurableFileTree
Event: 10.526 loading class org/gradle/api/file/ConfigurableFileTree done
Event: 10.526 loading class org/gradle/api/file/DirectoryTree
Event: 10.526 loading class org/gradle/api/file/DirectoryTree done
Event: 10.559 loading class groovy/lang/MetaClass
Event: 10.559 loading class groovy/lang/MetaClass done
Event: 10.559 loading class org/codehaus/groovy/runtime/callsite/CallSite
Event: 10.559 loading class org/codehaus/groovy/runtime/callsite/CallSite done
Event: 10.559 loading class org/codehaus/groovy/runtime/callsite/CallSiteArray
Event: 10.559 loading class org/codehaus/groovy/runtime/callsite/CallSiteArray done


Dynamic libraries:
0x00007ff6371a0000 - 0x00007ff6371d1000 	D:\AndroidStudio\jre\bin\java.exe
0x00007ffb857f0000 - 0x00007ffb8599d000 	C:\windows\SYSTEM32\ntdll.dll
0x00007ffb82cd0000 - 0x00007ffb82e0e000 	C:\windows\system32\KERNEL32.DLL
0x00007ffb82a60000 - 0x00007ffb82b75000 	C:\windows\system32\KERNELBASE.dll
0x00007ffb837e0000 - 0x00007ffb8388a000 	C:\windows\system32\ADVAPI32.dll
0x00007ffb85670000 - 0x00007ffb857e7000 	C:\windows\system32\USER32.dll
0x00007ffb804d0000 - 0x00007ffb8074b000 	C:\windows\WinSxS\amd64_microsoft.windows.common-controls_6595b64144ccf1df_6.0.9600.18006_none_623f33d3ecbe86e8\COMCTL32.dll
0x00007ffb83f90000 - 0x00007ffb8403a000 	C:\windows\system32\msvcrt.dll
0x00007ffb83f30000 - 0x00007ffb83f89000 	C:\windows\SYSTEM32\sechost.dll
0x00007ffb82b80000 - 0x00007ffb82cc0000 	C:\windows\system32\RPCRT4.dll
0x00007ffb83190000 - 0x00007ffb832df000 	C:\windows\system32\GDI32.dll
0x00007ffb82930000 - 0x00007ffb8295e000 	C:\windows\system32\SspiCli.dll
0x00007ffb83490000 - 0x00007ffb834c6000 	C:\windows\system32\IMM32.DLL
0x00007ffb838a0000 - 0x00007ffb839f2000 	C:\windows\system32\MSCTF.dll
0x000000005c360000 - 0x000000005c432000 	D:\AndroidStudio\jre\jre\bin\msvcr100.dll
0x000000005a770000 - 0x000000005afac000 	D:\AndroidStudio\jre\jre\bin\server\jvm.dll
0x00007ffb5bc80000 - 0x00007ffb5bc89000 	C:\windows\SYSTEM32\WSOCK32.dll
0x00007ffb82660000 - 0x00007ffb82682000 	C:\windows\system32\WINMM.dll
0x00007ffb7ca00000 - 0x00007ffb7ca0a000 	C:\windows\SYSTEM32\VERSION.dll
0x00007ffb82cc0000 - 0x00007ffb82cc7000 	C:\windows\system32\PSAPI.DLL
0x00007ffb85570000 - 0x00007ffb855ca000 	C:\windows\system32\WS2_32.dll
0x00007ffb82630000 - 0x00007ffb8265a000 	C:\windows\system32\WINMMBASE.dll
0x00007ffb83480000 - 0x00007ffb83489000 	C:\windows\system32\NSI.dll
0x00007ffb82700000 - 0x00007ffb8274f000 	C:\windows\SYSTEM32\cfgmgr32.dll
0x00007ffb825e0000 - 0x00007ffb82608000 	C:\windows\system32\DEVOBJ.dll
0x00007ffb809f0000 - 0x00007ffb809ff000 	D:\AndroidStudio\jre\jre\bin\verify.dll
0x00007ffb7e490000 - 0x00007ffb7e4b9000 	D:\AndroidStudio\jre\jre\bin\java.dll
0x00007ffb7de40000 - 0x00007ffb7de56000 	D:\AndroidStudio\jre\jre\bin\zip.dll
0x00007ffb84040000 - 0x00007ffb85569000 	C:\windows\system32\SHELL32.dll
0x00007ffb83a00000 - 0x00007ffb83c11000 	C:\windows\SYSTEM32\combase.dll
0x00007ffb82ed0000 - 0x00007ffb82f24000 	C:\windows\system32\SHLWAPI.dll
0x00007ffb80dc0000 - 0x00007ffb80e72000 	C:\windows\SYSTEM32\SHCORE.dll
0x00007ffb82530000 - 0x00007ffb82545000 	C:\windows\SYSTEM32\profapi.dll
0x00007ffb7c780000 - 0x00007ffb7c79a000 	D:\AndroidStudio\jre\jre\bin\net.dll
0x00007ffb81e20000 - 0x00007ffb81e79000 	C:\windows\system32\mswsock.dll
0x00007ffb77740000 - 0x00007ffb77751000 	D:\AndroidStudio\jre\jre\bin\nio.dll
0x00007ffb6cf90000 - 0x00007ffb6cfae000 	D:\AndroidStudio\gradle\gradle-3.3\native\23\windows-amd64\native-platform.dll
0x00007ffb81e80000 - 0x00007ffb81ea0000 	C:\windows\SYSTEM32\CRYPTSP.dll
0x00007ffb81aa0000 - 0x00007ffb81ad6000 	C:\windows\system32\rsaenh.dll
0x00007ffb820f0000 - 0x00007ffb82116000 	C:\windows\SYSTEM32\bcrypt.dll
0x00007ffb81bb0000 - 0x00007ffb81bd1000 	C:\windows\SYSTEM32\USERENV.dll
0x00007ffb82400000 - 0x00007ffb82463000 	C:\windows\system32\bcryptprimitives.dll
0x00007ffb82470000 - 0x00007ffb8247b000 	C:\windows\SYSTEM32\CRYPTBASE.dll
0x00007ffb7c720000 - 0x00007ffb7c74a000 	C:\windows\SYSTEM32\IPHLPAPI.DLL
0x00007ffb7c7a0000 - 0x00007ffb7c7aa000 	C:\windows\SYSTEM32\WINNSI.DLL
0x00007ffb7bee0000 - 0x00007ffb7bef6000 	C:\windows\SYSTEM32\dhcpcsvc6.DLL
0x00007ffb7c370000 - 0x00007ffb7c38a000 	C:\windows\SYSTEM32\dhcpcsvc.DLL
0x00007ffb80950000 - 0x00007ffb8095d000 	D:\AndroidStudio\jre\jre\bin\management.dll

VM Arguments:
jvm_args: -Xmx1536m -Dfile.encoding=GBK -Duser.country=CN -Duser.language=zh -Duser.variant 
java_command: org.gradle.launcher.daemon.bootstrap.GradleDaemon 3.3
java_class_path (initial): D:\AndroidStudio\gradle\gradle-3.3\lib\gradle-launcher-3.3.jar
Launcher Type: SUN_STANDARD

Environment Variables:
JAVA_HOME=D:\Program Files\Java\jdk1.8.0_60
CLASSPATH=.
PATH=D:\Program Files\Java\jdk1.8.0_60\bin;C:\Program Files (x86)\Lenovo\FusionEngine;C:\Program Files (x86)\Intel\iCLS Client\;C:\Program Files\Intel\iCLS Client\;C:\windows\system32;C:\windows;C:\windows\System32\Wbem;C:\windows\System32\WindowsPowerShell\v1.0\;C:\Program Files (x86)\ATI Technologies\ATI.ACE\Core-Static;C:\Program Files\Intel\Intel(R) Management Engine Components\DAL;C:\Program Files (x86)\Intel\Intel(R) Management Engine Components\DAL;C:\Program Files\Intel\Intel(R) Management Engine Components\IPT;C:\Program Files (x86)\Intel\Intel(R) Management Engine Components\IPT;C:\Program Files (x86)\Common Files\lenovo\easyplussdk\bin;C:\Program Files (x86)\Microsoft SQL Server\100\Tools\Binn\;C:\Program Files\Microsoft SQL Server\100\Tools\Binn\;C:\Program Files\Microsoft SQL Server\100\DTS\Binn\;C:\Program Files (x86)\Microsoft SQL Server\100\Tools\Binn\VSShell\Common7\IDE\;C:\Program Files (x86)\Microsoft SQL Server\100\DTS\Binn\;C:\Program Files (x86)\Microsoft Visual Studio 9.0\Common7\IDE\PrivateAssemblies\;C:\Program Files\Microsoft SQL Server\110\DTS\Binn\;C:\Program Files (x86)\Microsoft SQL Server\110\Tools\Binn\;C:\Program Files\Microsoft SQL Server\110\Tools\Binn\;C:\Program Files (x86)\Microsoft SQL Server\110\Tools\Binn\ManagementStudio\;C:\Program Files (x86)\Microsoft Visual Studio 10.0\Common7\IDE\PrivateAssemblies\;C:\Program Files (x86)\Microsoft SQL Server\110\DTS\Binn\;D:\mysql\mysql-5.7.18-winx64\bin;D:\Git\cmd;D:\Android_sdk\build-tools;D:\Android_sdk\tools;
USERNAME=lenovo
OS=Windows_NT
PROCESSOR_IDENTIFIER=Intel64 Family 6 Model 61 Stepping 4, GenuineIntel



---------------  S Y S T E M  ---------------

OS: Windows 8.1 , 64 bit Build 9600 (6.3.9600.17415)

CPU:total 4 (2 cores per cpu, 2 threads per core) family 6 model 61 stepping 4, cmov, cx8, fxsr, mmx, sse, sse2, sse3, ssse3, sse4.1, sse4.2, popcnt, avx, avx2, aes, clmul, erms, 3dnowpref, lzcnt, ht, tsc, tscinvbit, bmi1, bmi2, adx

Memory: 4k page, physical 8301656k(1337032k free), swap 8301656k(4092k free)

vm_info: OpenJDK 64-Bit Server VM (25.112-b06) for windows-amd64 JRE (1.8.0_112-release-b06), built on Dec  8 2016 00:54:26 by "builder" with MS VC++ 10.0 (VS2010)

time: Tue Aug 22 12:25:24 2017
elapsed time: 10 seconds (0d 0h 0m 10s)

